2019-11-11 01:30:38.040 WARN  --- [HikariPool.java:766][HikariPool-10 housekeeper] - HikariPool-10 - Thread starvation or clock leap detected (housekeeper delta=45s241ms).
2019-11-11 01:42:16.505 WARN  --- [HikariPool.java:766][HikariPool-10 housekeeper] - HikariPool-10 - Thread starvation or clock leap detected (housekeeper delta=11m4s943ms).
2019-11-11 01:46:11.627 WARN  --- [HikariPool.java:766][HikariPool-10 housekeeper] - HikariPool-10 - Thread starvation or clock leap detected (housekeeper delta=3m55s123ms).
2019-11-11 01:48:33.528 WARN  --- [HikariPool.java:758][HikariPool-10 housekeeper] - HikariPool-10 - Retrograde clock change detected (housekeeper delta=29s525ms), soft-evicting connections from pool.
2019-11-11 01:50:18.267 WARN  --- [HikariPool.java:766][HikariPool-10 housekeeper] - HikariPool-10 - Thread starvation or clock leap detected (housekeeper delta=1m44s739ms).
2019-11-11 01:53:45.101 WARN  --- [HikariPool.java:766][HikariPool-10 housekeeper] - HikariPool-10 - Thread starvation or clock leap detected (housekeeper delta=1m46s593ms).
2019-11-11 02:02:48.481 WARN  --- [HikariPool.java:766][HikariPool-10 housekeeper] - HikariPool-10 - Thread starvation or clock leap detected (housekeeper delta=8m33s376ms).
2019-11-11 02:03:33.932 WARN  --- [HikariPool.java:766][HikariPool-10 housekeeper] - HikariPool-10 - Thread starvation or clock leap detected (housekeeper delta=45s451ms).
2019-11-11 02:08:01.005 WARN  --- [HikariPool.java:766][HikariPool-10 housekeeper] - HikariPool-10 - Thread starvation or clock leap detected (housekeeper delta=4m27s73ms).
2019-11-11 02:10:34.485 WARN  --- [HikariPool.java:766][HikariPool-10 housekeeper] - HikariPool-10 - Thread starvation or clock leap detected (housekeeper delta=2m3s474ms).
2019-11-11 02:13:51.934 WARN  --- [HikariPool.java:766][HikariPool-10 housekeeper] - HikariPool-10 - Thread starvation or clock leap detected (housekeeper delta=2m47s446ms).
2019-11-11 02:19:14.006 WARN  --- [HikariPool.java:766][HikariPool-10 housekeeper] - HikariPool-10 - Thread starvation or clock leap detected (housekeeper delta=2m22s27ms).
2019-11-11 02:28:37.110 WARN  --- [HikariPool.java:766][HikariPool-10 housekeeper] - HikariPool-10 - Thread starvation or clock leap detected (housekeeper delta=9m23s104ms).
2019-11-11 02:31:13.446 WARN  --- [HikariPool.java:766][HikariPool-10 housekeeper] - HikariPool-10 - Thread starvation or clock leap detected (housekeeper delta=2m6s325ms).
2019-11-11 02:32:35.695 WARN  --- [HikariPool.java:766][HikariPool-10 housekeeper] - HikariPool-10 - Thread starvation or clock leap detected (housekeeper delta=52s220ms).
2019-11-11 02:40:29.200 WARN  --- [HikariPool.java:766][HikariPool-10 housekeeper] - HikariPool-10 - Thread starvation or clock leap detected (housekeeper delta=7m23s489ms).
2019-11-11 02:44:35.255 WARN  --- [HikariPool.java:766][HikariPool-10 housekeeper] - HikariPool-10 - Thread starvation or clock leap detected (housekeeper delta=3m36s55ms).
2019-11-11 02:55:55.705 WARN  --- [HikariPool.java:766][HikariPool-10 housekeeper] - HikariPool-10 - Thread starvation or clock leap detected (housekeeper delta=10m50s449ms).
2019-11-11 03:06:43.097 WARN  --- [HikariPool.java:766][HikariPool-10 housekeeper] - HikariPool-10 - Thread starvation or clock leap detected (housekeeper delta=5m17s346ms).
2019-11-11 03:13:51.985 WARN  --- [HikariPool.java:766][HikariPool-10 housekeeper] - HikariPool-10 - Thread starvation or clock leap detected (housekeeper delta=7m8s889ms).
2019-11-11 03:28:33.250 WARN  --- [HikariPool.java:766][HikariPool-10 housekeeper] - HikariPool-10 - Thread starvation or clock leap detected (housekeeper delta=14m11s263ms).
2019-11-11 03:29:58.329 WARN  --- [HikariPool.java:766][HikariPool-10 housekeeper] - HikariPool-10 - Thread starvation or clock leap detected (housekeeper delta=55s72ms).
2019-11-11 03:41:10.773 WARN  --- [HikariPool.java:766][HikariPool-10 housekeeper] - HikariPool-10 - Thread starvation or clock leap detected (housekeeper delta=10m42s436ms).
2019-11-11 04:02:00.376 WARN  --- [HikariPool.java:766][HikariPool-10 housekeeper] - HikariPool-10 - Thread starvation or clock leap detected (housekeeper delta=9m49s472ms).
2019-11-11 04:08:39.166 WARN  --- [HikariPool.java:766][HikariPool-10 housekeeper] - HikariPool-10 - Thread starvation or clock leap detected (housekeeper delta=6m8s789ms).
2019-11-11 04:11:22.993 WARN  --- [HikariPool.java:766][HikariPool-10 housekeeper] - HikariPool-10 - Thread starvation or clock leap detected (housekeeper delta=2m43s827ms).
2019-11-11 04:13:16.997 WARN  --- [HikariPool.java:766][HikariPool-10 housekeeper] - HikariPool-10 - Thread starvation or clock leap detected (housekeeper delta=1m54s4ms).
2019-11-11 04:21:22.832 WARN  --- [HikariPool.java:766][HikariPool-10 housekeeper] - HikariPool-10 - Thread starvation or clock leap detected (housekeeper delta=8m5s835ms).
2019-11-11 04:32:30.866 WARN  --- [HikariPool.java:766][HikariPool-10 housekeeper] - HikariPool-10 - Thread starvation or clock leap detected (housekeeper delta=10m38s25ms).
2019-11-11 04:48:45.874 WARN  --- [HikariPool.java:766][HikariPool-10 housekeeper] - HikariPool-10 - Thread starvation or clock leap detected (housekeeper delta=3m44s323ms).
2019-11-11 04:51:32.631 WARN  --- [HikariPool.java:766][HikariPool-10 housekeeper] - HikariPool-10 - Thread starvation or clock leap detected (housekeeper delta=2m12s914ms).
2019-11-11 05:00:50.463 WARN  --- [HikariPool.java:766][HikariPool-10 housekeeper] - HikariPool-10 - Thread starvation or clock leap detected (housekeeper delta=9m17s832ms).
2019-11-11 05:14:40.173 WARN  --- [HikariPool.java:766][HikariPool-10 housekeeper] - HikariPool-10 - Thread starvation or clock leap detected (housekeeper delta=13m19s710ms).
2019-11-11 05:26:23.164 WARN  --- [HikariPool.java:766][HikariPool-10 housekeeper] - HikariPool-10 - Thread starvation or clock leap detected (housekeeper delta=11m12s984ms).
2019-11-11 05:52:26.960 WARN  --- [HikariPool.java:766][HikariPool-10 housekeeper] - HikariPool-10 - Thread starvation or clock leap detected (housekeeper delta=12m33s695ms).
2019-11-11 06:03:32.650 WARN  --- [HikariPool.java:766][HikariPool-10 housekeeper] - HikariPool-10 - Thread starvation or clock leap detected (housekeeper delta=10m35s353ms).
2019-11-11 06:24:34.106 WARN  --- [HikariPool.java:766][HikariPool-10 housekeeper] - HikariPool-10 - Thread starvation or clock leap detected (housekeeper delta=20m31s453ms).
2019-11-11 06:40:59.311 WARN  --- [HikariPool.java:766][HikariPool-10 housekeeper] - HikariPool-10 - Thread starvation or clock leap detected (housekeeper delta=15m55s201ms).
2019-11-11 07:31:28.178 WARN  --- [HikariPool.java:766][HikariPool-10 housekeeper] - HikariPool-10 - Thread starvation or clock leap detected (housekeeper delta=49m58s601ms).
2019-11-11 07:40:41.077 WARN  --- [HikariPool.java:766][HikariPool-10 housekeeper] - HikariPool-10 - Thread starvation or clock leap detected (housekeeper delta=8m41s976ms).
2019-11-11 08:30:22.166 WARN  --- [HikariPool.java:766][HikariPool-10 housekeeper] - HikariPool-10 - Thread starvation or clock leap detected (housekeeper delta=49m11s88ms).
2019-11-11 08:32:25.288 WARN  --- [HikariPool.java:766][HikariPool-10 housekeeper] - HikariPool-10 - Thread starvation or clock leap detected (housekeeper delta=1m33s117ms).
2019-11-11 08:38:46.016 WARN  --- [HikariPool.java:766][HikariPool-10 housekeeper] - HikariPool-10 - Thread starvation or clock leap detected (housekeeper delta=5m11s366ms).
2019-11-11 10:19:04.808 WARN  --- [HikariPool.java:766][HikariPool-10 housekeeper] - HikariPool-10 - Thread starvation or clock leap detected (housekeeper delta=1h35m58s637ms).
2019-11-11 10:58:36.474 WARN  --- [HikariPool.java:766][HikariPool-10 housekeeper] - HikariPool-10 - Thread starvation or clock leap detected (housekeeper delta=20m30s849ms).
2019-11-11 11:51:59.929 WARN  --- [HikariPool.java:766][HikariPool-10 housekeeper] - HikariPool-10 - Thread starvation or clock leap detected (housekeeper delta=53m23s455ms).
2019-11-11 12:07:42.777 WARN  --- [HikariPool.java:766][HikariPool-10 housekeeper] - HikariPool-10 - Thread starvation or clock leap detected (housekeeper delta=15m42s848ms).
2019-11-11 12:23:56.345 WARN  --- [HikariPool.java:766][HikariPool-10 housekeeper] - HikariPool-10 - Thread starvation or clock leap detected (housekeeper delta=15m43s409ms).
2019-11-11 12:37:34.160 WARN  --- [HikariPool.java:766][HikariPool-10 housekeeper] - HikariPool-10 - Thread starvation or clock leap detected (housekeeper delta=13m37s815ms).
2019-11-11 12:58:04.671 WARN  --- [HikariPool.java:766][HikariPool-10 housekeeper] - HikariPool-10 - Thread starvation or clock leap detected (housekeeper delta=20m30s511ms).
2019-11-11 13:14:19.067 WARN  --- [HikariPool.java:766][HikariPool-10 housekeeper] - HikariPool-10 - Thread starvation or clock leap detected (housekeeper delta=15m44s66ms).
2019-11-11 13:30:15.471 WARN  --- [HikariPool.java:766][HikariPool-10 housekeeper] - HikariPool-10 - Thread starvation or clock leap detected (housekeeper delta=15m56s404ms).
2019-11-11 13:41:19.387 WARN  --- [HikariPool.java:766][HikariPool-10 housekeeper] - HikariPool-10 - Thread starvation or clock leap detected (housekeeper delta=10m33s907ms).
2019-11-11 13:57:27.033 WARN  --- [HikariPool.java:766][HikariPool-10 housekeeper] - HikariPool-10 - Thread starvation or clock leap detected (housekeeper delta=15m37s474ms).
2019-11-11 14:13:35.558 WARN  --- [HikariPool.java:766][HikariPool-10 housekeeper] - HikariPool-10 - Thread starvation or clock leap detected (housekeeper delta=15m37s728ms).
2019-11-11 14:29:14.045 WARN  --- [HikariPool.java:766][HikariPool-10 housekeeper] - HikariPool-10 - Thread starvation or clock leap detected (housekeeper delta=15m38s487ms).
2019-11-11 15:00:47.909 WARN  --- [HikariPool.java:766][HikariPool-10 housekeeper] - HikariPool-10 - Thread starvation or clock leap detected (housekeeper delta=30m21s513ms).
2019-11-11 15:31:34.915 WARN  --- [HikariPool.java:766][HikariPool-10 housekeeper] - HikariPool-10 - Thread starvation or clock leap detected (housekeeper delta=30m16s484ms).
2019-11-11 15:52:36.676 WARN  --- [HikariPool.java:766][HikariPool-10 housekeeper] - HikariPool-10 - Thread starvation or clock leap detected (housekeeper delta=20m31s752ms).
2019-11-11 16:23:03.412 WARN  --- [HikariPool.java:766][HikariPool-10 housekeeper] - HikariPool-10 - Thread starvation or clock leap detected (housekeeper delta=30m26s736ms).
2019-11-11 16:43:34.268 WARN  --- [HikariPool.java:766][HikariPool-10 housekeeper] - HikariPool-10 - Thread starvation or clock leap detected (housekeeper delta=20m30s856ms).
2019-11-11 17:05:35.594 WARN  --- [HikariPool.java:766][HikariPool-10 housekeeper] - HikariPool-10 - Thread starvation or clock leap detected (housekeeper delta=21m30s749ms).
2019-11-11 19:12:22.158 WARN  --- [HikariPool.java:766][HikariPool-10 housekeeper] - HikariPool-10 - Thread starvation or clock leap detected (housekeeper delta=2h6m46s564ms).
2019-11-11 21:39:51.861 DEBUG --- [BaseJdbcLogger.java:159][http-nio-8080-exec-10] - ==>  Preparing: SELECT u.school_name schoolName, u.unit_name unitName, u.school_eng schoolEng, u.unit_eng unitEng, u.college_url collegeUrl, u.logo_url logoUrl, u.state state, u.background_url backgroundUrl FROM school_unit u WHERE u.id = ? 
2019-11-11 21:39:51.866 DEBUG --- [BaseJdbcLogger.java:159][http-nio-8080-exec-10] - ==> Parameters: null
2019-11-11 21:39:51.912 DEBUG --- [BaseJdbcLogger.java:159][http-nio-8080-exec-10] - <==      Total: 0
2019-11-11 21:39:53.322 DEBUG --- [BaseJdbcLogger.java:159][http-nio-8080-exec-1] - ==>  Preparing: SELECT u.school_name schoolName, u.unit_name unitName, u.school_eng schoolEng, u.unit_eng unitEng, u.college_url collegeUrl, u.logo_url logoUrl, u.state state, u.background_url backgroundUrl FROM school_unit u WHERE u.id = ? 
2019-11-11 21:39:53.322 DEBUG --- [BaseJdbcLogger.java:159][http-nio-8080-exec-1] - ==> Parameters: null
2019-11-11 21:39:53.323 DEBUG --- [BaseJdbcLogger.java:159][http-nio-8080-exec-1] - <==      Total: 0
2019-11-11 21:39:55.842 DEBUG --- [BaseJdbcLogger.java:159][http-nio-8080-exec-2] - ==>  Preparing: SELECT u.user_id userId, u.username username, u.password password, u.role role FROM login u WHERE u.username = ? AND u.password = ? AND u.state = '1' AND u.role = ? 
2019-11-11 21:39:55.845 DEBUG --- [BaseJdbcLogger.java:159][http-nio-8080-exec-2] - ==> Parameters: scnu(String), 1cd61bb103149a08c529c96a31effae2(String), unit(String)
2019-11-11 21:39:55.846 DEBUG --- [BaseJdbcLogger.java:159][http-nio-8080-exec-2] - <==      Total: 1
2019-11-11 21:39:55.880 DEBUG --- [BaseJdbcLogger.java:159][http-nio-8080-exec-5] - ==>  Preparing: SELECT k.id userId, k.nickname nickname, k.username username, k.role_id roleId, k.unit_id unitId, k.role_name roleName, p.menu_code menuCode, p.permission_code permissionCode FROM(select a.*,substring_index(substring_index(a.permission_ids,',',b.help_topic_id+1),',',-1) pId from (SELECT t.*,sys_role.role_name,sys_role.permission_ids FROM(SELECT u.id, u.nickname, u.username, u.role_id, u.unit_id FROM unit_profile u WHERE u.username = ? AND u.state = '1')t LEFT JOIN sys_role ON t.role_id = sys_role.id) a join mysql.help_topic b on b.help_topic_id < (length(a.permission_ids) - length(replace(a.permission_ids,',',''))+1)) k LEFT JOIN sys_permission p ON k.pId = p.id 
2019-11-11 21:39:55.880 DEBUG --- [BaseJdbcLogger.java:159][http-nio-8080-exec-5] - ==> Parameters: scnu(String)
2019-11-11 21:39:55.884 DEBUG --- [BaseJdbcLogger.java:159][http-nio-8080-exec-5] - <==      Total: 11
2019-11-11 21:39:56.068 INFO  --- [UserRealm.java:50][http-nio-8080-exec-3] - permission的值为:{"menuList":["teacher","role","user"],"roleId":1,"nickname":"asd","roleName":"高级管理员","unitId":1,"permissionList":["user:list","user:add","role:update","teacher:list","teacher:update","role:list","teacher:add","user:update","role:delete","role:add","teacher:delete"],"userId":1,"username":"scnu"}
2019-11-11 21:39:56.069 INFO  --- [UserRealm.java:51][http-nio-8080-exec-3] - 本用户权限为:[user:list, user:add, role:update, teacher:list, teacher:update, role:list, teacher:add, user:update, role:delete, role:add, teacher:delete]
2019-11-11 21:39:56.070 DEBUG --- [BaseJdbcLogger.java:159][http-nio-8080-exec-3] - ==>  Preparing: SELECT count(0) FROM teacher_profile t WHERE t.state = '1' AND t.unit_id = ? 
2019-11-11 21:39:56.071 DEBUG --- [BaseJdbcLogger.java:159][http-nio-8080-exec-3] - ==> Parameters: 1(Long)
2019-11-11 21:39:56.073 DEBUG --- [BaseJdbcLogger.java:159][http-nio-8080-exec-3] - <==      Total: 1
2019-11-11 21:39:56.073 DEBUG --- [BaseJdbcLogger.java:159][http-nio-8080-exec-3] - ==>  Preparing: select t.id id, t.username name, t.email email, t.avatar avatar, t.state state, t.views views, t.post post, t.scholat_username scholat_username, date_format(t.update_time, '%Y.%m.%d %T') update_time, date_format(t.create_time, '%Y.%m.%d %T') create_time FROM teacher_profile t WHERE t.unit_id = ? ORDER BY update_time desc LIMIT ?,? 
2019-11-11 21:39:56.074 DEBUG --- [BaseJdbcLogger.java:159][http-nio-8080-exec-3] - ==> Parameters: 1(Long), 0(Integer), 10(Integer)
2019-11-11 21:39:56.076 DEBUG --- [BaseJdbcLogger.java:159][http-nio-8080-exec-3] - <==      Total: 10
2019-11-11 21:40:05.912 DEBUG --- [BaseJdbcLogger.java:159][http-nio-8080-exec-4] - ==>  Preparing: SELECT k.id userId, k.nickname nickname, k.username username, k.role_id roleId, k.unit_id unitId, k.role_name roleName, p.menu_code menuCode, p.permission_code permissionCode FROM(select a.*,substring_index(substring_index(a.permission_ids,',',b.help_topic_id+1),',',-1) pId from (SELECT t.*,sys_role.role_name,sys_role.permission_ids FROM(SELECT u.id, u.nickname, u.username, u.role_id, u.unit_id FROM unit_profile u WHERE u.username = ? AND u.state = '1')t LEFT JOIN sys_role ON t.role_id = sys_role.id) a join mysql.help_topic b on b.help_topic_id < (length(a.permission_ids) - length(replace(a.permission_ids,',',''))+1)) k LEFT JOIN sys_permission p ON k.pId = p.id 
2019-11-11 21:40:05.912 DEBUG --- [BaseJdbcLogger.java:159][http-nio-8080-exec-4] - ==> Parameters: scnu(String)
2019-11-11 21:40:05.914 DEBUG --- [BaseJdbcLogger.java:159][http-nio-8080-exec-4] - <==      Total: 11
2019-11-11 21:40:06.027 DEBUG --- [BaseJdbcLogger.java:159][http-nio-8080-exec-6] - ==>  Preparing: SELECT u.school_name schoolName, u.unit_name unitName, u.school_eng schoolEng, u.unit_eng unitEng, u.college_url collegeUrl, u.logo_url logoUrl, u.state state, u.background_url backgroundUrl FROM school_unit u WHERE u.id = (SELECT t.unit_id FROM teacher_profile t WHERE t.id = ?) 
2019-11-11 21:40:06.028 DEBUG --- [BaseJdbcLogger.java:159][http-nio-8080-exec-6] - ==> Parameters: 141(String)
2019-11-11 21:40:06.030 DEBUG --- [BaseJdbcLogger.java:159][http-nio-8080-exec-6] - <==      Total: 1
2019-11-11 21:40:06.033 DEBUG --- [BaseJdbcLogger.java:159][http-nio-8080-exec-7] - ==>  Preparing: select * from teacher_profile u where u.id=? 
2019-11-11 21:40:06.034 DEBUG --- [BaseJdbcLogger.java:159][http-nio-8080-exec-7] - ==> Parameters: 141(Long)
2019-11-11 21:40:06.046 DEBUG --- [BaseJdbcLogger.java:159][http-nio-8080-exec-9] - ==>  Preparing: SELECT count(0) FROM teacher_profile t WHERE t.state = '1' AND t.unit_id = ? 
2019-11-11 21:40:06.047 DEBUG --- [BaseJdbcLogger.java:159][http-nio-8080-exec-9] - ==> Parameters: 1(Long)
2019-11-11 21:40:06.048 DEBUG --- [BaseJdbcLogger.java:159][http-nio-8080-exec-9] - <==      Total: 1
2019-11-11 21:40:06.051 DEBUG --- [BaseJdbcLogger.java:159][http-nio-8080-exec-9] - ==>  Preparing: SELECT t.id tId, t.username tName, t.post tPost, t.avatar tAvatar, t.email tEmail, t.department_name tDepartment_name, t.work_place tWork_place, t.degree tDegree FROM teacher_profile t WHERE t.state = '1' AND t.unit_id = ? ORDER BY t.seq, update_time DESC LIMIT ?,? 
2019-11-11 21:40:06.052 DEBUG --- [BaseJdbcLogger.java:159][http-nio-8080-exec-9] - ==> Parameters: 1(Long), 0(Integer), 15(Integer)
2019-11-11 21:40:06.071 DEBUG --- [BaseJdbcLogger.java:159][http-nio-8080-exec-9] - <==      Total: 15
2019-11-11 21:40:06.072 DEBUG --- [BaseJdbcLogger.java:159][http-nio-8080-exec-7] - <==      Total: 1
2019-11-11 21:40:07.840 DEBUG --- [BaseJdbcLogger.java:159][http-nio-8080-exec-8] - ==>  Preparing: select * from user_profile u where u.acc_name = ? 
2019-11-11 21:40:07.841 DEBUG --- [BaseJdbcLogger.java:159][http-nio-8080-exec-8] - ==> Parameters: ytang(String)
2019-11-11 21:40:07.973 DEBUG --- [BaseJdbcLogger.java:159][http-nio-8080-exec-8] - <==      Total: 1
2019-11-11 21:40:10.152 DEBUG --- [BaseJdbcLogger.java:159][http-nio-8080-exec-10] - ==>  Preparing: select acc_id from user_profile where acc_name = ? 
2019-11-11 21:40:10.152 DEBUG --- [BaseJdbcLogger.java:159][http-nio-8080-exec-10] - ==> Parameters: ytang(String)
2019-11-11 21:40:10.153 DEBUG --- [BaseJdbcLogger.java:159][http-nio-8080-exec-10] - <==      Total: 1
2019-11-11 21:40:10.154 DEBUG --- [BaseJdbcLogger.java:159][http-nio-8080-exec-10] - ==>  Preparing: select u.acc_name scholat_username, u.chinese_name chinese_name, u.degree degree, u.work_unit work_unit, u.address address, u.scholar_title scholat_title, u.scholar_field scholat_field, u.picture_url picture_url, u.work_email email from user_profile u join (select user2 friends from friends_relation where user1 = ? union select user1 from friends_relation where user2 = ?) as a on a.friends = u.acc_id 
2019-11-11 21:40:10.154 DEBUG --- [BaseJdbcLogger.java:159][http-nio-8080-exec-10] - ==> Parameters: 17(Long), 17(Long)
2019-11-11 21:40:10.194 DEBUG --- [BaseJdbcLogger.java:159][http-nio-8080-exec-10] - <==      Total: 1082
2019-11-11 21:40:10.195 DEBUG --- [BaseJdbcLogger.java:159][http-nio-8080-exec-10] - ==>  Preparing: select u.acc_name scholat_username, u.chinese_name chinese_name, u.degree degree, u.work_unit work_unit, u.address address, u.scholar_title scholat_title, u.scholar_field scholat_field, u.picture_url picture_url, u.work_email email from user_profile u join (select user2 fans from friends_relation where user1 = ? union select user1 from friends_relation where user2 = ? union SELECT sender fans from pending_request where receiver=? ) as a on a.fans = u.acc_id 
2019-11-11 21:40:10.195 DEBUG --- [BaseJdbcLogger.java:159][http-nio-8080-exec-10] - ==> Parameters: 17(Long), 17(Long), 17(Long)
2019-11-11 21:40:10.231 DEBUG --- [BaseJdbcLogger.java:159][http-nio-8080-exec-10] - <==      Total: 1743
2019-11-11 21:40:10.232 DEBUG --- [BaseJdbcLogger.java:159][http-nio-8080-exec-10] - ==>  Preparing: select u.acc_name scholat_username, u.chinese_name chinese_name, u.degree degree, u.work_unit work_unit, u.address address, u.scholar_title scholat_title, u.scholar_field scholat_field, u.picture_url picture_url, u.work_email email from user_profile u join (select user2 fans from friends_relation where user1 = ? union select user1 from friends_relation where user2 = ? union SELECT receiver fans from pending_request where sender=? ) as a on a.fans = u.acc_id 
2019-11-11 21:40:10.232 DEBUG --- [BaseJdbcLogger.java:159][http-nio-8080-exec-10] - ==> Parameters: 17(Long), 17(Long), 17(Long)
2019-11-11 21:40:10.251 DEBUG --- [BaseJdbcLogger.java:159][http-nio-8080-exec-10] - <==      Total: 1119
2019-11-11 21:43:06.801 DEBUG --- [BaseJdbcLogger.java:159][http-nio-8080-exec-1] - ==>  Preparing: SELECT k.id userId, k.nickname nickname, k.username username, k.role_id roleId, k.unit_id unitId, k.role_name roleName, p.menu_code menuCode, p.permission_code permissionCode FROM(select a.*,substring_index(substring_index(a.permission_ids,',',b.help_topic_id+1),',',-1) pId from (SELECT t.*,sys_role.role_name,sys_role.permission_ids FROM(SELECT u.id, u.nickname, u.username, u.role_id, u.unit_id FROM unit_profile u WHERE u.username = ? AND u.state = '1')t LEFT JOIN sys_role ON t.role_id = sys_role.id) a join mysql.help_topic b on b.help_topic_id < (length(a.permission_ids) - length(replace(a.permission_ids,',',''))+1)) k LEFT JOIN sys_permission p ON k.pId = p.id 
2019-11-11 21:43:06.801 DEBUG --- [BaseJdbcLogger.java:159][http-nio-8080-exec-1] - ==> Parameters: scnu(String)
2019-11-11 21:43:06.806 DEBUG --- [BaseJdbcLogger.java:159][http-nio-8080-exec-1] - <==      Total: 11
2019-11-11 21:43:10.171 DEBUG --- [BaseJdbcLogger.java:159][http-nio-8080-exec-2] - ==>  Preparing: SELECT k.id userId, k.nickname nickname, k.username username, k.role_id roleId, k.unit_id unitId, k.role_name roleName, p.menu_code menuCode, p.permission_code permissionCode FROM(select a.*,substring_index(substring_index(a.permission_ids,',',b.help_topic_id+1),',',-1) pId from (SELECT t.*,sys_role.role_name,sys_role.permission_ids FROM(SELECT u.id, u.nickname, u.username, u.role_id, u.unit_id FROM unit_profile u WHERE u.username = ? AND u.state = '1')t LEFT JOIN sys_role ON t.role_id = sys_role.id) a join mysql.help_topic b on b.help_topic_id < (length(a.permission_ids) - length(replace(a.permission_ids,',',''))+1)) k LEFT JOIN sys_permission p ON k.pId = p.id 
2019-11-11 21:43:10.172 DEBUG --- [BaseJdbcLogger.java:159][http-nio-8080-exec-2] - ==> Parameters: scnu(String)
2019-11-11 21:43:10.173 DEBUG --- [BaseJdbcLogger.java:159][http-nio-8080-exec-2] - <==      Total: 11
2019-11-11 21:43:10.273 DEBUG --- [BaseJdbcLogger.java:159][http-nio-8080-exec-5] - ==>  Preparing: select * from user_profile u where u.acc_name = ? 
2019-11-11 21:43:10.273 DEBUG --- [BaseJdbcLogger.java:159][http-nio-8080-exec-5] - ==> Parameters: ytang(String)
2019-11-11 21:43:10.282 DEBUG --- [BaseJdbcLogger.java:159][http-nio-8080-exec-5] - <==      Total: 1
2019-11-11 21:43:13.467 DEBUG --- [BaseJdbcLogger.java:159][http-nio-8080-exec-3] - ==>  Preparing: select acc_id from user_profile where acc_name = ? 
2019-11-11 21:43:13.468 DEBUG --- [BaseJdbcLogger.java:159][http-nio-8080-exec-3] - ==> Parameters: ytang(String)
2019-11-11 21:43:13.469 DEBUG --- [BaseJdbcLogger.java:159][http-nio-8080-exec-3] - <==      Total: 1
2019-11-11 21:43:13.470 DEBUG --- [BaseJdbcLogger.java:159][http-nio-8080-exec-3] - ==>  Preparing: select u.acc_name scholat_username, u.chinese_name chinese_name, u.degree degree, u.work_unit work_unit, u.address address, u.scholar_title scholat_title, u.scholar_field scholat_field, u.picture_url picture_url, u.work_email email from user_profile u join (select user2 friends from friends_relation where user1 = ? union select user1 from friends_relation where user2 = ?) as a on a.friends = u.acc_id 
2019-11-11 21:43:13.470 DEBUG --- [BaseJdbcLogger.java:159][http-nio-8080-exec-3] - ==> Parameters: 17(Long), 17(Long)
2019-11-11 21:43:13.503 DEBUG --- [BaseJdbcLogger.java:159][http-nio-8080-exec-3] - <==      Total: 1082
2019-11-11 21:43:13.504 DEBUG --- [BaseJdbcLogger.java:159][http-nio-8080-exec-3] - ==>  Preparing: select u.acc_name scholat_username, u.chinese_name chinese_name, u.degree degree, u.work_unit work_unit, u.address address, u.scholar_title scholat_title, u.scholar_field scholat_field, u.picture_url picture_url, u.work_email email from user_profile u join (select user2 fans from friends_relation where user1 = ? union select user1 from friends_relation where user2 = ? union SELECT sender fans from pending_request where receiver=? ) as a on a.fans = u.acc_id 
2019-11-11 21:43:13.504 DEBUG --- [BaseJdbcLogger.java:159][http-nio-8080-exec-3] - ==> Parameters: 17(Long), 17(Long), 17(Long)
2019-11-11 21:43:13.533 DEBUG --- [BaseJdbcLogger.java:159][http-nio-8080-exec-3] - <==      Total: 1743
2019-11-11 21:43:13.533 DEBUG --- [BaseJdbcLogger.java:159][http-nio-8080-exec-3] - ==>  Preparing: select u.acc_name scholat_username, u.chinese_name chinese_name, u.degree degree, u.work_unit work_unit, u.address address, u.scholar_title scholat_title, u.scholar_field scholat_field, u.picture_url picture_url, u.work_email email from user_profile u join (select user2 fans from friends_relation where user1 = ? union select user1 from friends_relation where user2 = ? union SELECT receiver fans from pending_request where sender=? ) as a on a.fans = u.acc_id 
2019-11-11 21:43:13.534 DEBUG --- [BaseJdbcLogger.java:159][http-nio-8080-exec-3] - ==> Parameters: 17(Long), 17(Long), 17(Long)
2019-11-11 21:43:13.555 DEBUG --- [BaseJdbcLogger.java:159][http-nio-8080-exec-3] - <==      Total: 1119
2019-11-11 21:43:34.227 DEBUG --- [BaseJdbcLogger.java:159][http-nio-8080-exec-4] - ==>  Preparing: select acc_id from user_profile where acc_name = ? 
2019-11-11 21:43:34.227 DEBUG --- [BaseJdbcLogger.java:159][http-nio-8080-exec-4] - ==> Parameters: ytang(String)
2019-11-11 21:43:34.228 DEBUG --- [BaseJdbcLogger.java:159][http-nio-8080-exec-4] - <==      Total: 1
2019-11-11 21:43:34.228 DEBUG --- [BaseJdbcLogger.java:159][http-nio-8080-exec-4] - ==>  Preparing: select u.acc_name scholat_username, u.chinese_name chinese_name, u.degree degree, u.work_unit work_unit, u.address address, u.scholar_title scholat_title, u.scholar_field scholat_field, u.picture_url picture_url, u.work_email email from user_profile u join (select user2 friends from friends_relation where user1 = ? union select user1 from friends_relation where user2 = ?) as a on a.friends = u.acc_id 
2019-11-11 21:43:34.229 DEBUG --- [BaseJdbcLogger.java:159][http-nio-8080-exec-4] - ==> Parameters: 17(Long), 17(Long)
2019-11-11 21:43:34.248 DEBUG --- [BaseJdbcLogger.java:159][http-nio-8080-exec-4] - <==      Total: 1082
2019-11-11 21:43:34.249 DEBUG --- [BaseJdbcLogger.java:159][http-nio-8080-exec-4] - ==>  Preparing: select u.acc_name scholat_username, u.chinese_name chinese_name, u.degree degree, u.work_unit work_unit, u.address address, u.scholar_title scholat_title, u.scholar_field scholat_field, u.picture_url picture_url, u.work_email email from user_profile u join (select user2 fans from friends_relation where user1 = ? union select user1 from friends_relation where user2 = ? union SELECT sender fans from pending_request where receiver=? ) as a on a.fans = u.acc_id 
2019-11-11 21:43:34.249 DEBUG --- [BaseJdbcLogger.java:159][http-nio-8080-exec-4] - ==> Parameters: 17(Long), 17(Long), 17(Long)
2019-11-11 21:43:34.274 DEBUG --- [BaseJdbcLogger.java:159][http-nio-8080-exec-4] - <==      Total: 1743
2019-11-11 21:43:34.274 DEBUG --- [BaseJdbcLogger.java:159][http-nio-8080-exec-4] - ==>  Preparing: select u.acc_name scholat_username, u.chinese_name chinese_name, u.degree degree, u.work_unit work_unit, u.address address, u.scholar_title scholat_title, u.scholar_field scholat_field, u.picture_url picture_url, u.work_email email from user_profile u join (select user2 fans from friends_relation where user1 = ? union select user1 from friends_relation where user2 = ? union SELECT receiver fans from pending_request where sender=? ) as a on a.fans = u.acc_id 
2019-11-11 21:43:34.275 DEBUG --- [BaseJdbcLogger.java:159][http-nio-8080-exec-4] - ==> Parameters: 17(Long), 17(Long), 17(Long)
2019-11-11 21:43:34.293 DEBUG --- [BaseJdbcLogger.java:159][http-nio-8080-exec-4] - <==      Total: 1119
2019-11-11 21:44:09.380 DEBUG --- [BaseJdbcLogger.java:159][http-nio-8080-exec-6] - ==>  Preparing: SELECT k.id userId, k.nickname nickname, k.username username, k.role_id roleId, k.unit_id unitId, k.role_name roleName, p.menu_code menuCode, p.permission_code permissionCode FROM(select a.*,substring_index(substring_index(a.permission_ids,',',b.help_topic_id+1),',',-1) pId from (SELECT t.*,sys_role.role_name,sys_role.permission_ids FROM(SELECT u.id, u.nickname, u.username, u.role_id, u.unit_id FROM unit_profile u WHERE u.username = ? AND u.state = '1')t LEFT JOIN sys_role ON t.role_id = sys_role.id) a join mysql.help_topic b on b.help_topic_id < (length(a.permission_ids) - length(replace(a.permission_ids,',',''))+1)) k LEFT JOIN sys_permission p ON k.pId = p.id 
2019-11-11 21:44:09.380 DEBUG --- [BaseJdbcLogger.java:159][http-nio-8080-exec-6] - ==> Parameters: scnu(String)
2019-11-11 21:44:09.383 DEBUG --- [BaseJdbcLogger.java:159][http-nio-8080-exec-6] - <==      Total: 11
2019-11-11 21:44:09.475 DEBUG --- [BaseJdbcLogger.java:159][http-nio-8080-exec-9] - ==>  Preparing: select * from user_profile u where u.acc_name = ? 
2019-11-11 21:44:09.475 DEBUG --- [BaseJdbcLogger.java:159][http-nio-8080-exec-9] - ==> Parameters: ytang(String)
2019-11-11 21:44:09.485 DEBUG --- [BaseJdbcLogger.java:159][http-nio-8080-exec-9] - <==      Total: 1
2019-11-11 21:44:11.563 DEBUG --- [BaseJdbcLogger.java:159][http-nio-8080-exec-7] - ==>  Preparing: select acc_id from user_profile where acc_name = ? 
2019-11-11 21:44:11.564 DEBUG --- [BaseJdbcLogger.java:159][http-nio-8080-exec-7] - ==> Parameters: ytang(String)
2019-11-11 21:44:11.565 DEBUG --- [BaseJdbcLogger.java:159][http-nio-8080-exec-7] - <==      Total: 1
2019-11-11 21:44:11.566 DEBUG --- [BaseJdbcLogger.java:159][http-nio-8080-exec-7] - ==>  Preparing: select u.acc_name scholat_username, u.chinese_name chinese_name, u.degree degree, u.work_unit work_unit, u.address address, u.scholar_title scholat_title, u.scholar_field scholat_field, u.picture_url picture_url, u.work_email email from user_profile u join (select user2 friends from friends_relation where user1 = ? union select user1 from friends_relation where user2 = ?) as a on a.friends = u.acc_id 
2019-11-11 21:44:11.566 DEBUG --- [BaseJdbcLogger.java:159][http-nio-8080-exec-7] - ==> Parameters: 17(Long), 17(Long)
2019-11-11 21:44:11.604 DEBUG --- [BaseJdbcLogger.java:159][http-nio-8080-exec-7] - <==      Total: 1082
2019-11-11 21:44:11.605 DEBUG --- [BaseJdbcLogger.java:159][http-nio-8080-exec-7] - ==>  Preparing: select u.acc_name scholat_username, u.chinese_name chinese_name, u.degree degree, u.work_unit work_unit, u.address address, u.scholar_title scholat_title, u.scholar_field scholat_field, u.picture_url picture_url, u.work_email email from user_profile u join (select user2 fans from friends_relation where user1 = ? union select user1 from friends_relation where user2 = ? union SELECT sender fans from pending_request where receiver=? ) as a on a.fans = u.acc_id 
2019-11-11 21:44:11.605 DEBUG --- [BaseJdbcLogger.java:159][http-nio-8080-exec-7] - ==> Parameters: 17(Long), 17(Long), 17(Long)
2019-11-11 21:44:11.634 DEBUG --- [BaseJdbcLogger.java:159][http-nio-8080-exec-7] - <==      Total: 1743
2019-11-11 21:44:11.634 DEBUG --- [BaseJdbcLogger.java:159][http-nio-8080-exec-7] - ==>  Preparing: select u.acc_name scholat_username, u.chinese_name chinese_name, u.degree degree, u.work_unit work_unit, u.address address, u.scholar_title scholat_title, u.scholar_field scholat_field, u.picture_url picture_url, u.work_email email from user_profile u join (select user2 fans from friends_relation where user1 = ? union select user1 from friends_relation where user2 = ? union SELECT receiver fans from pending_request where sender=? ) as a on a.fans = u.acc_id 
2019-11-11 21:44:11.634 DEBUG --- [BaseJdbcLogger.java:159][http-nio-8080-exec-7] - ==> Parameters: 17(Long), 17(Long), 17(Long)
2019-11-11 21:44:11.662 DEBUG --- [BaseJdbcLogger.java:159][http-nio-8080-exec-7] - <==      Total: 1119
