2019-11-09 21:31:31.302 INFO  --- [StartupInfoLogger.java:50][restartedMain] - Starting MyApplication on AchunOrigin.lan with PID 11106 (/Users/achunorigin/project/A_Postgraduate/persona-teacher/persona-teacherHome-back/target/classes started by achunorigin in /Users/achunorigin/project/A_Postgraduate/persona-teacher/persona-teacherHome-back)
2019-11-09 21:31:31.306 INFO  --- [SpringApplication.java:675][restartedMain] - No active profile set, falling back to default profiles: default
2019-11-09 21:31:35.065 INFO  --- [StartupInfoLogger.java:59][restartedMain] - Started MyApplication in 4.305 seconds (JVM running for 6.181)
2019-11-09 21:31:40.601 INFO  --- [HikariDataSource.java:110][http-nio-8080-exec-3] - HikariPool-1 - Starting...
2019-11-09 21:31:41.356 INFO  --- [HikariDataSource.java:123][http-nio-8080-exec-3] - HikariPool-1 - Start completed.
2019-11-09 21:31:41.362 DEBUG --- [BaseJdbcLogger.java:159][http-nio-8080-exec-3] - ==>  Preparing: SELECT u.school_name schoolName, u.unit_name unitName, u.school_eng schoolEng, u.unit_eng unitEng, u.college_url collegeUrl, u.logo_url logoUrl, u.state state, u.background_url backgroundUrl FROM school_unit u WHERE u.id = ? 
2019-11-09 21:31:41.390 DEBUG --- [BaseJdbcLogger.java:159][http-nio-8080-exec-3] - ==> Parameters: null
2019-11-09 21:31:41.454 DEBUG --- [BaseJdbcLogger.java:159][http-nio-8080-exec-3] - <==      Total: 0
2019-11-09 21:31:41.594 DEBUG --- [BaseJdbcLogger.java:159][http-nio-8080-exec-4] - ==>  Preparing: SELECT u.school_name schoolName, u.unit_name unitName, u.school_eng schoolEng, u.unit_eng unitEng, u.college_url collegeUrl, u.logo_url logoUrl, u.state state, u.background_url backgroundUrl FROM school_unit u WHERE u.id = ? 
2019-11-09 21:31:41.594 DEBUG --- [BaseJdbcLogger.java:159][http-nio-8080-exec-4] - ==> Parameters: null
2019-11-09 21:31:41.596 DEBUG --- [BaseJdbcLogger.java:159][http-nio-8080-exec-4] - <==      Total: 0
2019-11-09 21:31:45.287 DEBUG --- [BaseJdbcLogger.java:159][http-nio-8080-exec-5] - ==>  Preparing: SELECT u.user_id userId, u.username username, u.password password, u.role role FROM login u WHERE u.username = ? AND u.password = ? AND u.state = '1' AND u.role = ? 
2019-11-09 21:31:45.288 DEBUG --- [BaseJdbcLogger.java:159][http-nio-8080-exec-5] - ==> Parameters: scnu(String), 1cd61bb103149a08c529c96a31effae2(String), unit(String)
2019-11-09 21:31:45.343 DEBUG --- [BaseJdbcLogger.java:159][http-nio-8080-exec-5] - <==      Total: 1
2019-11-09 21:31:45.368 DEBUG --- [BaseJdbcLogger.java:159][http-nio-8080-exec-6] - ==>  Preparing: SELECT k.id userId, k.nickname nickname, k.username username, k.role_id roleId, k.unit_id unitId, k.role_name roleName, p.menu_code menuCode, p.permission_code permissionCode FROM(select a.*,substring_index(substring_index(a.permission_ids,',',b.help_topic_id+1),',',-1) pId from (SELECT t.*,sys_role.role_name,sys_role.permission_ids FROM(SELECT u.id, u.nickname, u.username, u.role_id, u.unit_id FROM unit_profile u WHERE u.username = ? AND u.state = '1')t LEFT JOIN sys_role ON t.role_id = sys_role.id) a join mysql.help_topic b on b.help_topic_id < (length(a.permission_ids) - length(replace(a.permission_ids,',',''))+1)) k LEFT JOIN sys_permission p ON k.pId = p.id 
2019-11-09 21:31:45.369 DEBUG --- [BaseJdbcLogger.java:159][http-nio-8080-exec-6] - ==> Parameters: scnu(String)
2019-11-09 21:31:45.426 DEBUG --- [BaseJdbcLogger.java:159][http-nio-8080-exec-6] - <==      Total: 11
2019-11-09 21:31:45.632 INFO  --- [UserRealm.java:50][http-nio-8080-exec-7] - permission的值为:{"menuList":["teacher","role","user"],"roleId":1,"nickname":"asd","roleName":"高级管理员","unitId":1,"permissionList":["user:list","user:add","role:update","teacher:list","teacher:update","role:list","teacher:add","user:update","role:delete","role:add","teacher:delete"],"userId":1,"username":"scnu"}
2019-11-09 21:31:45.633 INFO  --- [UserRealm.java:51][http-nio-8080-exec-7] - 本用户权限为:[user:list, user:add, role:update, teacher:list, teacher:update, role:list, teacher:add, user:update, role:delete, role:add, teacher:delete]
2019-11-09 21:31:45.640 DEBUG --- [BaseJdbcLogger.java:159][http-nio-8080-exec-7] - ==>  Preparing: SELECT count(0) FROM teacher_profile t WHERE t.state = '1' AND t.unit_id = ? 
2019-11-09 21:31:45.641 DEBUG --- [BaseJdbcLogger.java:159][http-nio-8080-exec-7] - ==> Parameters: 1(Long)
2019-11-09 21:31:45.685 DEBUG --- [BaseJdbcLogger.java:159][http-nio-8080-exec-7] - <==      Total: 1
2019-11-09 21:31:45.686 DEBUG --- [BaseJdbcLogger.java:159][http-nio-8080-exec-7] - ==>  Preparing: select t.id id, t.username name, t.email email, t.avatar avatar, t.state state, t.views views, t.post post, t.scholat_username scholat_username, date_format(t.update_time, '%Y.%m.%d %T') update_time, date_format(t.create_time, '%Y.%m.%d %T') create_time FROM teacher_profile t WHERE t.unit_id = ? ORDER BY update_time desc LIMIT ?,? 
2019-11-09 21:31:45.687 DEBUG --- [BaseJdbcLogger.java:159][http-nio-8080-exec-7] - ==> Parameters: 1(Long), 0(Integer), 10(Integer)
2019-11-09 21:31:45.692 DEBUG --- [BaseJdbcLogger.java:159][http-nio-8080-exec-7] - <==      Total: 10
2019-11-09 21:32:18.830 DEBUG --- [BaseJdbcLogger.java:159][http-nio-8080-exec-8] - ==>  Preparing: SELECT k.id userId, k.nickname nickname, k.username username, k.role_id roleId, k.unit_id unitId, k.role_name roleName, p.menu_code menuCode, p.permission_code permissionCode FROM(select a.*,substring_index(substring_index(a.permission_ids,',',b.help_topic_id+1),',',-1) pId from (SELECT t.*,sys_role.role_name,sys_role.permission_ids FROM(SELECT u.id, u.nickname, u.username, u.role_id, u.unit_id FROM unit_profile u WHERE u.username = ? AND u.state = '1')t LEFT JOIN sys_role ON t.role_id = sys_role.id) a join mysql.help_topic b on b.help_topic_id < (length(a.permission_ids) - length(replace(a.permission_ids,',',''))+1)) k LEFT JOIN sys_permission p ON k.pId = p.id 
2019-11-09 21:32:18.830 DEBUG --- [BaseJdbcLogger.java:159][http-nio-8080-exec-8] - ==> Parameters: scnu(String)
2019-11-09 21:32:18.835 DEBUG --- [BaseJdbcLogger.java:159][http-nio-8080-exec-8] - <==      Total: 11
2019-11-09 21:32:19.007 INFO  --- [UserRealm.java:50][http-nio-8080-exec-9] - permission的值为:{"menuList":["teacher","role","user"],"roleId":1,"nickname":"asd","roleName":"高级管理员","unitId":1,"permissionList":["user:list","user:add","role:update","teacher:list","teacher:update","role:list","teacher:add","user:update","role:delete","role:add","teacher:delete"],"userId":1,"username":"scnu"}
2019-11-09 21:32:19.008 INFO  --- [UserRealm.java:51][http-nio-8080-exec-9] - 本用户权限为:[user:list, user:add, role:update, teacher:list, teacher:update, role:list, teacher:add, user:update, role:delete, role:add, teacher:delete]
2019-11-09 21:32:19.008 DEBUG --- [BaseJdbcLogger.java:159][http-nio-8080-exec-9] - ==>  Preparing: SELECT count(0) FROM teacher_profile t WHERE t.state = '1' AND t.unit_id = ? 
2019-11-09 21:32:19.009 DEBUG --- [BaseJdbcLogger.java:159][http-nio-8080-exec-9] - ==> Parameters: 1(Long)
2019-11-09 21:32:19.010 DEBUG --- [BaseJdbcLogger.java:159][http-nio-8080-exec-9] - <==      Total: 1
2019-11-09 21:32:19.011 DEBUG --- [BaseJdbcLogger.java:159][http-nio-8080-exec-9] - ==>  Preparing: select t.id id, t.username name, t.email email, t.avatar avatar, t.state state, t.views views, t.post post, t.scholat_username scholat_username, date_format(t.update_time, '%Y.%m.%d %T') update_time, date_format(t.create_time, '%Y.%m.%d %T') create_time FROM teacher_profile t WHERE t.unit_id = ? ORDER BY update_time desc LIMIT ?,? 
2019-11-09 21:32:19.012 DEBUG --- [BaseJdbcLogger.java:159][http-nio-8080-exec-9] - ==> Parameters: 1(Long), 0(Integer), 10(Integer)
2019-11-09 21:32:19.017 DEBUG --- [BaseJdbcLogger.java:159][http-nio-8080-exec-9] - <==      Total: 10
2019-11-09 21:32:25.419 DEBUG --- [BaseJdbcLogger.java:159][http-nio-8080-exec-10] - ==>  Preparing: SELECT k.id userId, k.nickname nickname, k.username username, k.role_id roleId, k.unit_id unitId, k.role_name roleName, p.menu_code menuCode, p.permission_code permissionCode FROM(select a.*,substring_index(substring_index(a.permission_ids,',',b.help_topic_id+1),',',-1) pId from (SELECT t.*,sys_role.role_name,sys_role.permission_ids FROM(SELECT u.id, u.nickname, u.username, u.role_id, u.unit_id FROM unit_profile u WHERE u.username = ? AND u.state = '1')t LEFT JOIN sys_role ON t.role_id = sys_role.id) a join mysql.help_topic b on b.help_topic_id < (length(a.permission_ids) - length(replace(a.permission_ids,',',''))+1)) k LEFT JOIN sys_permission p ON k.pId = p.id 
2019-11-09 21:32:25.420 DEBUG --- [BaseJdbcLogger.java:159][http-nio-8080-exec-10] - ==> Parameters: scnu(String)
2019-11-09 21:32:25.423 DEBUG --- [BaseJdbcLogger.java:159][http-nio-8080-exec-10] - <==      Total: 11
2019-11-09 21:32:25.584 INFO  --- [UserRealm.java:50][http-nio-8080-exec-1] - permission的值为:{"menuList":["teacher","role","user"],"roleId":1,"nickname":"asd","roleName":"高级管理员","unitId":1,"permissionList":["user:list","user:add","role:update","teacher:list","teacher:update","role:list","teacher:add","user:update","role:delete","role:add","teacher:delete"],"userId":1,"username":"scnu"}
2019-11-09 21:32:25.585 INFO  --- [UserRealm.java:51][http-nio-8080-exec-1] - 本用户权限为:[user:list, user:add, role:update, teacher:list, teacher:update, role:list, teacher:add, user:update, role:delete, role:add, teacher:delete]
2019-11-09 21:32:25.585 DEBUG --- [BaseJdbcLogger.java:159][http-nio-8080-exec-1] - ==>  Preparing: SELECT count(0) FROM teacher_profile t WHERE t.state = '1' AND t.unit_id = ? 
2019-11-09 21:32:25.586 DEBUG --- [BaseJdbcLogger.java:159][http-nio-8080-exec-1] - ==> Parameters: 1(Long)
2019-11-09 21:32:25.587 DEBUG --- [BaseJdbcLogger.java:159][http-nio-8080-exec-1] - <==      Total: 1
2019-11-09 21:32:25.588 DEBUG --- [BaseJdbcLogger.java:159][http-nio-8080-exec-1] - ==>  Preparing: select t.id id, t.username name, t.email email, t.avatar avatar, t.state state, t.views views, t.post post, t.scholat_username scholat_username, date_format(t.update_time, '%Y.%m.%d %T') update_time, date_format(t.create_time, '%Y.%m.%d %T') create_time FROM teacher_profile t WHERE t.unit_id = ? ORDER BY update_time desc LIMIT ?,? 
2019-11-09 21:32:25.589 DEBUG --- [BaseJdbcLogger.java:159][http-nio-8080-exec-1] - ==> Parameters: 1(Long), 0(Integer), 10(Integer)
2019-11-09 21:32:25.591 DEBUG --- [BaseJdbcLogger.java:159][http-nio-8080-exec-1] - <==      Total: 10
2019-11-09 21:32:27.429 DEBUG --- [BaseJdbcLogger.java:159][http-nio-8080-exec-2] - ==>  Preparing: SELECT k.id userId, k.nickname nickname, k.username username, k.role_id roleId, k.unit_id unitId, k.role_name roleName, p.menu_code menuCode, p.permission_code permissionCode FROM(select a.*,substring_index(substring_index(a.permission_ids,',',b.help_topic_id+1),',',-1) pId from (SELECT t.*,sys_role.role_name,sys_role.permission_ids FROM(SELECT u.id, u.nickname, u.username, u.role_id, u.unit_id FROM unit_profile u WHERE u.username = ? AND u.state = '1')t LEFT JOIN sys_role ON t.role_id = sys_role.id) a join mysql.help_topic b on b.help_topic_id < (length(a.permission_ids) - length(replace(a.permission_ids,',',''))+1)) k LEFT JOIN sys_permission p ON k.pId = p.id 
2019-11-09 21:32:27.429 DEBUG --- [BaseJdbcLogger.java:159][http-nio-8080-exec-2] - ==> Parameters: scnu(String)
2019-11-09 21:32:27.433 DEBUG --- [BaseJdbcLogger.java:159][http-nio-8080-exec-2] - <==      Total: 11
2019-11-09 21:32:27.574 INFO  --- [UserRealm.java:50][http-nio-8080-exec-3] - permission的值为:{"menuList":["teacher","role","user"],"roleId":1,"nickname":"asd","roleName":"高级管理员","unitId":1,"permissionList":["user:list","user:add","role:update","teacher:list","teacher:update","role:list","teacher:add","user:update","role:delete","role:add","teacher:delete"],"userId":1,"username":"scnu"}
2019-11-09 21:32:27.575 INFO  --- [UserRealm.java:51][http-nio-8080-exec-3] - 本用户权限为:[user:list, user:add, role:update, teacher:list, teacher:update, role:list, teacher:add, user:update, role:delete, role:add, teacher:delete]
2019-11-09 21:32:27.576 DEBUG --- [BaseJdbcLogger.java:159][http-nio-8080-exec-3] - ==>  Preparing: SELECT count(0) FROM teacher_profile t WHERE t.state = '1' AND t.unit_id = ? 
2019-11-09 21:32:27.576 DEBUG --- [BaseJdbcLogger.java:159][http-nio-8080-exec-3] - ==> Parameters: 1(Long)
2019-11-09 21:32:27.578 DEBUG --- [BaseJdbcLogger.java:159][http-nio-8080-exec-3] - <==      Total: 1
2019-11-09 21:32:27.580 DEBUG --- [BaseJdbcLogger.java:159][http-nio-8080-exec-3] - ==>  Preparing: select t.id id, t.username name, t.email email, t.avatar avatar, t.state state, t.views views, t.post post, t.scholat_username scholat_username, date_format(t.update_time, '%Y.%m.%d %T') update_time, date_format(t.create_time, '%Y.%m.%d %T') create_time FROM teacher_profile t WHERE t.unit_id = ? ORDER BY update_time desc LIMIT ?,? 
2019-11-09 21:32:27.580 DEBUG --- [BaseJdbcLogger.java:159][http-nio-8080-exec-3] - ==> Parameters: 1(Long), 0(Integer), 10(Integer)
2019-11-09 21:32:27.584 DEBUG --- [BaseJdbcLogger.java:159][http-nio-8080-exec-3] - <==      Total: 10
2019-11-09 21:32:38.928 DEBUG --- [BaseJdbcLogger.java:159][http-nio-8080-exec-4] - ==>  Preparing: SELECT k.id userId, k.nickname nickname, k.username username, k.role_id roleId, k.unit_id unitId, k.role_name roleName, p.menu_code menuCode, p.permission_code permissionCode FROM(select a.*,substring_index(substring_index(a.permission_ids,',',b.help_topic_id+1),',',-1) pId from (SELECT t.*,sys_role.role_name,sys_role.permission_ids FROM(SELECT u.id, u.nickname, u.username, u.role_id, u.unit_id FROM unit_profile u WHERE u.username = ? AND u.state = '1')t LEFT JOIN sys_role ON t.role_id = sys_role.id) a join mysql.help_topic b on b.help_topic_id < (length(a.permission_ids) - length(replace(a.permission_ids,',',''))+1)) k LEFT JOIN sys_permission p ON k.pId = p.id 
2019-11-09 21:32:38.929 DEBUG --- [BaseJdbcLogger.java:159][http-nio-8080-exec-4] - ==> Parameters: scnu(String)
2019-11-09 21:32:38.934 DEBUG --- [BaseJdbcLogger.java:159][http-nio-8080-exec-4] - <==      Total: 11
2019-11-09 21:32:39.035 DEBUG --- [BaseJdbcLogger.java:159][http-nio-8080-exec-5] - ==>  Preparing: SELECT u.school_name schoolName, u.unit_name unitName, u.school_eng schoolEng, u.unit_eng unitEng, u.college_url collegeUrl, u.logo_url logoUrl, u.state state, u.background_url backgroundUrl FROM school_unit u WHERE u.id = (SELECT t.unit_id FROM teacher_profile t WHERE t.id = ?) 
2019-11-09 21:32:39.036 DEBUG --- [BaseJdbcLogger.java:159][http-nio-8080-exec-5] - ==> Parameters: 141(String)
2019-11-09 21:32:39.050 DEBUG --- [BaseJdbcLogger.java:159][http-nio-8080-exec-7] - ==>  Preparing: SELECT count(0) FROM teacher_profile t WHERE t.state = '1' AND t.unit_id = ? 
2019-11-09 21:32:39.051 DEBUG --- [BaseJdbcLogger.java:159][http-nio-8080-exec-7] - ==> Parameters: 1(Long)
2019-11-09 21:32:39.054 DEBUG --- [BaseJdbcLogger.java:159][http-nio-8080-exec-7] - <==      Total: 1
2019-11-09 21:32:39.055 DEBUG --- [BaseJdbcLogger.java:159][http-nio-8080-exec-7] - ==>  Preparing: SELECT t.id tId, t.username tName, t.post tPost, t.avatar tAvatar, t.email tEmail, t.department_name tDepartment_name, t.work_place tWork_place, t.degree tDegree FROM teacher_profile t WHERE t.state = '1' AND t.unit_id = ? ORDER BY t.seq, update_time DESC LIMIT ?,? 
2019-11-09 21:32:39.056 DEBUG --- [BaseJdbcLogger.java:159][http-nio-8080-exec-7] - ==> Parameters: 1(Long), 0(Integer), 15(Integer)
2019-11-09 21:32:39.059 DEBUG --- [BaseJdbcLogger.java:159][http-nio-8080-exec-6] - ==>  Preparing: select * from teacher_profile u where u.id=? 
2019-11-09 21:32:39.060 DEBUG --- [BaseJdbcLogger.java:159][http-nio-8080-exec-6] - ==> Parameters: 141(Long)
2019-11-09 21:32:39.083 DEBUG --- [BaseJdbcLogger.java:159][http-nio-8080-exec-5] - <==      Total: 1
2019-11-09 21:32:39.126 DEBUG --- [BaseJdbcLogger.java:159][http-nio-8080-exec-7] - <==      Total: 15
2019-11-09 21:32:39.129 DEBUG --- [BaseJdbcLogger.java:159][http-nio-8080-exec-6] - <==      Total: 1
2019-11-09 21:32:41.225 DEBUG --- [BaseJdbcLogger.java:159][http-nio-8080-exec-8] - ==>  Preparing: select * from user_profile u where u.acc_name = ? 
2019-11-09 21:32:41.226 DEBUG --- [BaseJdbcLogger.java:159][http-nio-8080-exec-8] - ==> Parameters: ytang(String)
2019-11-09 21:32:41.242 DEBUG --- [BaseJdbcLogger.java:159][http-nio-8080-exec-8] - <==      Total: 1
2019-11-09 21:32:58.477 DEBUG --- [BaseJdbcLogger.java:159][http-nio-8080-exec-10] - ==>  Preparing: SELECT u.school_name schoolName, u.unit_name unitName, u.school_eng schoolEng, u.unit_eng unitEng, u.college_url collegeUrl, u.logo_url logoUrl, u.state state, u.background_url backgroundUrl FROM school_unit u WHERE u.id = (SELECT t.unit_id FROM teacher_profile t WHERE t.id = ?) 
2019-11-09 21:32:58.478 DEBUG --- [BaseJdbcLogger.java:159][http-nio-8080-exec-10] - ==> Parameters: 141(String)
2019-11-09 21:32:58.485 DEBUG --- [BaseJdbcLogger.java:159][http-nio-8080-exec-10] - <==      Total: 1
2019-11-09 21:32:58.550 DEBUG --- [BaseJdbcLogger.java:159][http-nio-8080-exec-2] - ==>  Preparing: SELECT count(0) FROM teacher_profile t WHERE t.state = '1' AND t.unit_id = ? 
2019-11-09 21:32:58.551 DEBUG --- [BaseJdbcLogger.java:159][http-nio-8080-exec-2] - ==> Parameters: 1(Long)
2019-11-09 21:32:58.553 DEBUG --- [BaseJdbcLogger.java:159][http-nio-8080-exec-9] - ==>  Preparing: select * from teacher_profile u where u.id=? 
2019-11-09 21:32:58.553 DEBUG --- [BaseJdbcLogger.java:159][http-nio-8080-exec-2] - <==      Total: 1
2019-11-09 21:32:58.554 DEBUG --- [BaseJdbcLogger.java:159][http-nio-8080-exec-9] - ==> Parameters: 141(Long)
2019-11-09 21:32:58.554 DEBUG --- [BaseJdbcLogger.java:159][http-nio-8080-exec-2] - ==>  Preparing: SELECT t.id tId, t.username tName, t.post tPost, t.avatar tAvatar, t.email tEmail, t.department_name tDepartment_name, t.work_place tWork_place, t.degree tDegree FROM teacher_profile t WHERE t.state = '1' AND t.unit_id = ? ORDER BY t.seq, update_time DESC LIMIT ?,? 
2019-11-09 21:32:58.555 DEBUG --- [BaseJdbcLogger.java:159][http-nio-8080-exec-2] - ==> Parameters: 1(Long), 0(Integer), 15(Integer)
2019-11-09 21:32:58.559 DEBUG --- [BaseJdbcLogger.java:159][http-nio-8080-exec-9] - <==      Total: 1
2019-11-09 21:32:58.560 DEBUG --- [BaseJdbcLogger.java:159][http-nio-8080-exec-2] - <==      Total: 15
2019-11-09 21:33:04.282 DEBUG --- [BaseJdbcLogger.java:159][http-nio-8080-exec-3] - ==>  Preparing: SELECT k.id userId, k.nickname nickname, k.username username, k.role_id roleId, k.unit_id unitId, k.role_name roleName, p.menu_code menuCode, p.permission_code permissionCode FROM(select a.*,substring_index(substring_index(a.permission_ids,',',b.help_topic_id+1),',',-1) pId from (SELECT t.*,sys_role.role_name,sys_role.permission_ids FROM(SELECT u.id, u.nickname, u.username, u.role_id, u.unit_id FROM unit_profile u WHERE u.username = ? AND u.state = '1')t LEFT JOIN sys_role ON t.role_id = sys_role.id) a join mysql.help_topic b on b.help_topic_id < (length(a.permission_ids) - length(replace(a.permission_ids,',',''))+1)) k LEFT JOIN sys_permission p ON k.pId = p.id 
2019-11-09 21:33:04.283 DEBUG --- [BaseJdbcLogger.java:159][http-nio-8080-exec-3] - ==> Parameters: scnu(String)
2019-11-09 21:33:04.285 DEBUG --- [BaseJdbcLogger.java:159][http-nio-8080-exec-3] - <==      Total: 11
2019-11-09 21:33:04.369 DEBUG --- [BaseJdbcLogger.java:159][http-nio-8080-exec-1] - ==>  Preparing: SELECT u.school_name schoolName, u.unit_name unitName, u.school_eng schoolEng, u.unit_eng unitEng, u.college_url collegeUrl, u.logo_url logoUrl, u.state state, u.background_url backgroundUrl FROM school_unit u WHERE u.id = (SELECT t.unit_id FROM teacher_profile t WHERE t.id = ?) 
2019-11-09 21:33:04.369 DEBUG --- [BaseJdbcLogger.java:159][http-nio-8080-exec-1] - ==> Parameters: 141(String)
2019-11-09 21:33:04.370 DEBUG --- [BaseJdbcLogger.java:159][http-nio-8080-exec-5] - ==>  Preparing: SELECT count(0) FROM teacher_profile t WHERE t.state = '1' AND t.unit_id = ? 
2019-11-09 21:33:04.371 DEBUG --- [BaseJdbcLogger.java:159][http-nio-8080-exec-5] - ==> Parameters: 1(Long)
2019-11-09 21:33:04.372 DEBUG --- [BaseJdbcLogger.java:159][http-nio-8080-exec-4] - ==>  Preparing: select * from teacher_profile u where u.id=? 
2019-11-09 21:33:04.373 DEBUG --- [BaseJdbcLogger.java:159][http-nio-8080-exec-1] - <==      Total: 1
2019-11-09 21:33:04.373 DEBUG --- [BaseJdbcLogger.java:159][http-nio-8080-exec-5] - <==      Total: 1
2019-11-09 21:33:04.373 DEBUG --- [BaseJdbcLogger.java:159][http-nio-8080-exec-5] - ==>  Preparing: SELECT t.id tId, t.username tName, t.post tPost, t.avatar tAvatar, t.email tEmail, t.department_name tDepartment_name, t.work_place tWork_place, t.degree tDegree FROM teacher_profile t WHERE t.state = '1' AND t.unit_id = ? ORDER BY t.seq, update_time DESC LIMIT ?,? 
2019-11-09 21:33:04.374 DEBUG --- [BaseJdbcLogger.java:159][http-nio-8080-exec-4] - ==> Parameters: 141(Long)
2019-11-09 21:33:04.374 DEBUG --- [BaseJdbcLogger.java:159][http-nio-8080-exec-5] - ==> Parameters: 1(Long), 0(Integer), 15(Integer)
2019-11-09 21:33:04.377 DEBUG --- [BaseJdbcLogger.java:159][http-nio-8080-exec-4] - <==      Total: 1
2019-11-09 21:33:04.380 DEBUG --- [BaseJdbcLogger.java:159][http-nio-8080-exec-5] - <==      Total: 15
2019-11-09 21:34:24.548 DEBUG --- [BaseJdbcLogger.java:159][http-nio-8080-exec-7] - ==>  Preparing: select * from user_profile u where u.acc_name = ? 
2019-11-09 21:34:24.548 DEBUG --- [BaseJdbcLogger.java:159][http-nio-8080-exec-7] - ==> Parameters: ytang(String)
2019-11-09 21:34:24.561 DEBUG --- [BaseJdbcLogger.java:159][http-nio-8080-exec-7] - <==      Total: 1
2019-11-09 21:34:27.703 DEBUG --- [BaseJdbcLogger.java:159][http-nio-8080-exec-6] - ==>  Preparing: select * from user_profile u where u.acc_name = ? 
2019-11-09 21:34:27.704 DEBUG --- [BaseJdbcLogger.java:159][http-nio-8080-exec-6] - ==> Parameters: ytang(String)
2019-11-09 21:34:27.710 DEBUG --- [BaseJdbcLogger.java:159][http-nio-8080-exec-6] - <==      Total: 1
2019-11-09 21:35:32.471 DEBUG --- [BaseJdbcLogger.java:159][http-nio-8080-exec-8] - ==>  Preparing: select * from user_profile u where u.acc_name = ? 
2019-11-09 21:35:32.472 DEBUG --- [BaseJdbcLogger.java:159][http-nio-8080-exec-8] - ==> Parameters: ytang(String)
2019-11-09 21:35:32.479 DEBUG --- [BaseJdbcLogger.java:159][http-nio-8080-exec-8] - <==      Total: 1
2019-11-09 21:44:01.603 INFO  --- [HikariDataSource.java:350][Thread-18] - HikariPool-1 - Shutdown initiated...
2019-11-09 21:44:01.612 INFO  --- [HikariDataSource.java:352][Thread-18] - HikariPool-1 - Shutdown completed.
2019-11-09 21:44:01.857 INFO  --- [StartupInfoLogger.java:50][restartedMain] - Starting MyApplication on AchunOrigin.lan with PID 11106 (/Users/achunorigin/project/A_Postgraduate/persona-teacher/persona-teacherHome-back/target/classes started by achunorigin in /Users/achunorigin/project/A_Postgraduate/persona-teacher/persona-teacherHome-back)
2019-11-09 21:44:01.858 INFO  --- [SpringApplication.java:675][restartedMain] - No active profile set, falling back to default profiles: default
2019-11-09 21:44:02.819 WARN  --- [AbstractApplicationContext.java:554][restartedMain] - Exception encountered during context initialization - cancelling refresh attempt: org.springframework.beans.factory.UnsatisfiedDependencyException: Error creating bean with name 'catalogueController': Unsatisfied dependency expressed through field 'teacherService'; nested exception is org.springframework.beans.factory.NoSuchBeanDefinitionException: No qualifying bean of type 'com.teacher.scholat.service.TeacherService' available: expected at least 1 bean which qualifies as autowire candidate. Dependency annotations: {@org.springframework.beans.factory.annotation.Autowired(required=true)}
2019-11-09 21:44:02.973 ERROR --- [SpringApplication.java:858][restartedMain] - Application run failed
org.springframework.beans.factory.UnsatisfiedDependencyException: Error creating bean with name 'catalogueController': Unsatisfied dependency expressed through field 'teacherService'; nested exception is org.springframework.beans.factory.NoSuchBeanDefinitionException: No qualifying bean of type 'com.teacher.scholat.service.TeacherService' available: expected at least 1 bean which qualifies as autowire candidate. Dependency annotations: {@org.springframework.beans.factory.annotation.Autowired(required=true)}
	at org.springframework.beans.factory.annotation.AutowiredAnnotationBeanPostProcessor$AutowiredFieldElement.inject(AutowiredAnnotationBeanPostProcessor.java:596)
	at org.springframework.beans.factory.annotation.InjectionMetadata.inject(InjectionMetadata.java:90)
	at org.springframework.beans.factory.annotation.AutowiredAnnotationBeanPostProcessor.postProcessProperties(AutowiredAnnotationBeanPostProcessor.java:374)
	at org.springframework.beans.factory.support.AbstractAutowireCapableBeanFactory.populateBean(AbstractAutowireCapableBeanFactory.java:1378)
	at org.springframework.beans.factory.support.AbstractAutowireCapableBeanFactory.doCreateBean(AbstractAutowireCapableBeanFactory.java:575)
	at org.springframework.beans.factory.support.AbstractAutowireCapableBeanFactory.createBean(AbstractAutowireCapableBeanFactory.java:498)
	at org.springframework.beans.factory.support.AbstractBeanFactory.lambda$doGetBean$0(AbstractBeanFactory.java:320)
	at org.springframework.beans.factory.support.DefaultSingletonBeanRegistry.getSingleton(DefaultSingletonBeanRegistry.java:222)
	at org.springframework.beans.factory.support.AbstractBeanFactory.doGetBean(AbstractBeanFactory.java:318)
	at org.springframework.beans.factory.support.AbstractBeanFactory.getBean(AbstractBeanFactory.java:199)
	at org.springframework.beans.factory.support.DefaultListableBeanFactory.preInstantiateSingletons(DefaultListableBeanFactory.java:846)
	at org.springframework.context.support.AbstractApplicationContext.finishBeanFactoryInitialization(AbstractApplicationContext.java:863)
	at org.springframework.context.support.AbstractApplicationContext.refresh(AbstractApplicationContext.java:546)
	at org.springframework.boot.web.servlet.context.ServletWebServerApplicationContext.refresh(ServletWebServerApplicationContext.java:140)
	at org.springframework.boot.SpringApplication.refresh(SpringApplication.java:775)
	at org.springframework.boot.SpringApplication.refreshContext(SpringApplication.java:397)
	at org.springframework.boot.SpringApplication.run(SpringApplication.java:316)
	at com.teacher.scholat.MyApplication.main(MyApplication.java:22)
	at sun.reflect.NativeMethodAccessorImpl.invoke0(Native Method)
	at sun.reflect.NativeMethodAccessorImpl.invoke(NativeMethodAccessorImpl.java:62)
	at sun.reflect.DelegatingMethodAccessorImpl.invoke(DelegatingMethodAccessorImpl.java:43)
	at java.lang.reflect.Method.invoke(Method.java:498)
	at org.springframework.boot.devtools.restart.RestartLauncher.run(RestartLauncher.java:49)
Caused by: org.springframework.beans.factory.NoSuchBeanDefinitionException: No qualifying bean of type 'com.teacher.scholat.service.TeacherService' available: expected at least 1 bean which qualifies as autowire candidate. Dependency annotations: {@org.springframework.beans.factory.annotation.Autowired(required=true)}
	at org.springframework.beans.factory.support.DefaultListableBeanFactory.raiseNoMatchingBeanFound(DefaultListableBeanFactory.java:1646)
	at org.springframework.beans.factory.support.DefaultListableBeanFactory.doResolveDependency(DefaultListableBeanFactory.java:1205)
	at org.springframework.beans.factory.support.DefaultListableBeanFactory.resolveDependency(DefaultListableBeanFactory.java:1166)
	at org.springframework.beans.factory.annotation.AutowiredAnnotationBeanPostProcessor$AutowiredFieldElement.inject(AutowiredAnnotationBeanPostProcessor.java:593)
	... 22 common frames omitted
2019-11-09 21:47:50.275 INFO  --- [StartupInfoLogger.java:50][restartedMain] - Starting MyApplication on AchunOrigin.lan with PID 11106 (/Users/achunorigin/project/A_Postgraduate/persona-teacher/persona-teacherHome-back/target/classes started by achunorigin in /Users/achunorigin/project/A_Postgraduate/persona-teacher/persona-teacherHome-back)
2019-11-09 21:47:50.275 INFO  --- [SpringApplication.java:675][restartedMain] - No active profile set, falling back to default profiles: default
2019-11-09 21:47:50.719 WARN  --- [AbstractApplicationContext.java:554][restartedMain] - Exception encountered during context initialization - cancelling refresh attempt: org.springframework.beans.factory.UnsatisfiedDependencyException: Error creating bean with name 'catalogueController': Unsatisfied dependency expressed through field 'teacherService'; nested exception is org.springframework.beans.factory.NoSuchBeanDefinitionException: No qualifying bean of type 'com.teacher.scholat.service.TeacherService' available: expected at least 1 bean which qualifies as autowire candidate. Dependency annotations: {@org.springframework.beans.factory.annotation.Autowired(required=true)}
2019-11-09 21:47:50.792 ERROR --- [SpringApplication.java:858][restartedMain] - Application run failed
org.springframework.beans.factory.UnsatisfiedDependencyException: Error creating bean with name 'catalogueController': Unsatisfied dependency expressed through field 'teacherService'; nested exception is org.springframework.beans.factory.NoSuchBeanDefinitionException: No qualifying bean of type 'com.teacher.scholat.service.TeacherService' available: expected at least 1 bean which qualifies as autowire candidate. Dependency annotations: {@org.springframework.beans.factory.annotation.Autowired(required=true)}
	at org.springframework.beans.factory.annotation.AutowiredAnnotationBeanPostProcessor$AutowiredFieldElement.inject(AutowiredAnnotationBeanPostProcessor.java:596)
	at org.springframework.beans.factory.annotation.InjectionMetadata.inject(InjectionMetadata.java:90)
	at org.springframework.beans.factory.annotation.AutowiredAnnotationBeanPostProcessor.postProcessProperties(AutowiredAnnotationBeanPostProcessor.java:374)
	at org.springframework.beans.factory.support.AbstractAutowireCapableBeanFactory.populateBean(AbstractAutowireCapableBeanFactory.java:1378)
	at org.springframework.beans.factory.support.AbstractAutowireCapableBeanFactory.doCreateBean(AbstractAutowireCapableBeanFactory.java:575)
	at org.springframework.beans.factory.support.AbstractAutowireCapableBeanFactory.createBean(AbstractAutowireCapableBeanFactory.java:498)
	at org.springframework.beans.factory.support.AbstractBeanFactory.lambda$doGetBean$0(AbstractBeanFactory.java:320)
	at org.springframework.beans.factory.support.DefaultSingletonBeanRegistry.getSingleton(DefaultSingletonBeanRegistry.java:222)
	at org.springframework.beans.factory.support.AbstractBeanFactory.doGetBean(AbstractBeanFactory.java:318)
	at org.springframework.beans.factory.support.AbstractBeanFactory.getBean(AbstractBeanFactory.java:199)
	at org.springframework.beans.factory.support.DefaultListableBeanFactory.preInstantiateSingletons(DefaultListableBeanFactory.java:846)
	at org.springframework.context.support.AbstractApplicationContext.finishBeanFactoryInitialization(AbstractApplicationContext.java:863)
	at org.springframework.context.support.AbstractApplicationContext.refresh(AbstractApplicationContext.java:546)
	at org.springframework.boot.web.servlet.context.ServletWebServerApplicationContext.refresh(ServletWebServerApplicationContext.java:140)
	at org.springframework.boot.SpringApplication.refresh(SpringApplication.java:775)
	at org.springframework.boot.SpringApplication.refreshContext(SpringApplication.java:397)
	at org.springframework.boot.SpringApplication.run(SpringApplication.java:316)
	at com.teacher.scholat.MyApplication.main(MyApplication.java:22)
	at sun.reflect.NativeMethodAccessorImpl.invoke0(Native Method)
	at sun.reflect.NativeMethodAccessorImpl.invoke(NativeMethodAccessorImpl.java:62)
	at sun.reflect.DelegatingMethodAccessorImpl.invoke(DelegatingMethodAccessorImpl.java:43)
	at java.lang.reflect.Method.invoke(Method.java:498)
	at org.springframework.boot.devtools.restart.RestartLauncher.run(RestartLauncher.java:49)
Caused by: org.springframework.beans.factory.NoSuchBeanDefinitionException: No qualifying bean of type 'com.teacher.scholat.service.TeacherService' available: expected at least 1 bean which qualifies as autowire candidate. Dependency annotations: {@org.springframework.beans.factory.annotation.Autowired(required=true)}
	at org.springframework.beans.factory.support.DefaultListableBeanFactory.raiseNoMatchingBeanFound(DefaultListableBeanFactory.java:1646)
	at org.springframework.beans.factory.support.DefaultListableBeanFactory.doResolveDependency(DefaultListableBeanFactory.java:1205)
	at org.springframework.beans.factory.support.DefaultListableBeanFactory.resolveDependency(DefaultListableBeanFactory.java:1166)
	at org.springframework.beans.factory.annotation.AutowiredAnnotationBeanPostProcessor$AutowiredFieldElement.inject(AutowiredAnnotationBeanPostProcessor.java:593)
	... 22 common frames omitted
2019-11-09 23:37:46.979 INFO  --- [StartupInfoLogger.java:50][restartedMain] - Starting MyApplication on AchunOrigin.lan with PID 11106 (/Users/achunorigin/project/A_Postgraduate/persona-teacher/persona-teacherHome-back/target/classes started by achunorigin in /Users/achunorigin/project/A_Postgraduate/persona-teacher/persona-teacherHome-back)
2019-11-09 23:37:46.979 INFO  --- [SpringApplication.java:675][restartedMain] - No active profile set, falling back to default profiles: default
2019-11-09 23:37:47.985 INFO  --- [StartupInfoLogger.java:59][restartedMain] - Started MyApplication in 1.033 seconds (JVM running for 7579.076)
