2019-11-19 00:29:04.057 WARN  --- [HikariPool.java:766][HikariPool-1 housekeeper] - HikariPool-1 - Thread starvation or clock leap detected (housekeeper delta=1h27m26s343ms).
2019-11-19 00:44:31.807 WARN  --- [HikariPool.java:766][HikariPool-1 housekeeper] - HikariPool-1 - Thread starvation or clock leap detected (housekeeper delta=14m57s722ms).
2019-11-19 00:59:52.955 WARN  --- [HikariPool.java:766][HikariPool-1 housekeeper] - HikariPool-1 - Thread starvation or clock leap detected (housekeeper delta=15m21s148ms).
2019-11-19 01:02:07.006 WARN  --- [HikariPool.java:766][HikariPool-1 housekeeper] - HikariPool-1 - Thread starvation or clock leap detected (housekeeper delta=2m14s51ms).
2019-11-19 03:02:13.227 WARN  --- [HikariPool.java:766][HikariPool-1 housekeeper] - HikariPool-1 - Thread starvation or clock leap detected (housekeeper delta=2h6s207ms).
2019-11-19 05:02:37.159 WARN  --- [HikariPool.java:766][HikariPool-1 housekeeper] - HikariPool-1 - Thread starvation or clock leap detected (housekeeper delta=2h23s940ms).
2019-11-19 07:03:34.412 WARN  --- [HikariPool.java:766][HikariPool-1 housekeeper] - HikariPool-1 - Thread starvation or clock leap detected (housekeeper delta=2h26s898ms).
2019-11-19 08:00:18.439 WARN  --- [HikariPool.java:766][HikariPool-1 housekeeper] - HikariPool-1 - Thread starvation or clock leap detected (housekeeper delta=56m44s27ms).
2019-11-19 08:15:18.798 WARN  --- [HikariPool.java:766][HikariPool-1 housekeeper] - HikariPool-1 - Thread starvation or clock leap detected (housekeeper delta=15m360ms).
2019-11-19 08:35:50.147 WARN  --- [HikariPool.java:766][HikariPool-1 housekeeper] - HikariPool-1 - Thread starvation or clock leap detected (housekeeper delta=20m31s350ms).
2019-11-19 08:56:21.322 WARN  --- [HikariPool.java:766][HikariPool-1 housekeeper] - HikariPool-1 - Thread starvation or clock leap detected (housekeeper delta=20m31s175ms).
2019-11-19 09:16:52.443 WARN  --- [HikariPool.java:766][HikariPool-1 housekeeper] - HikariPool-1 - Thread starvation or clock leap detected (housekeeper delta=20m31s120ms).
2019-11-19 09:37:52.071 WARN  --- [HikariPool.java:766][HikariPool-1 housekeeper] - HikariPool-1 - Thread starvation or clock leap detected (housekeeper delta=20m29s621ms).
2019-11-19 09:42:58.965 WARN  --- [HikariPool.java:766][HikariPool-1 housekeeper] - HikariPool-1 - Thread starvation or clock leap detected (housekeeper delta=5m6s894ms).
2019-11-19 10:53:04.812 DEBUG --- [BaseJdbcLogger.java:159][http-nio-8088-exec-3] - ==>  Preparing: SELECT u.school_name schoolName, u.unit_name unitName, u.school_eng schoolEng, u.unit_eng unitEng, u.college_url collegeUrl, u.logo_url logoUrl, u.state state, u.background_url backgroundUrl FROM school_unit u WHERE u.id = ? 
2019-11-19 10:53:04.814 DEBUG --- [BaseJdbcLogger.java:159][http-nio-8088-exec-3] - ==> Parameters: null
2019-11-19 10:53:04.967 DEBUG --- [BaseJdbcLogger.java:159][http-nio-8088-exec-3] - <==      Total: 0
2019-11-19 10:53:05.110 DEBUG --- [BaseJdbcLogger.java:159][http-nio-8088-exec-10] - ==>  Preparing: SELECT u.school_name schoolName, u.unit_name unitName, u.school_eng schoolEng, u.unit_eng unitEng, u.college_url collegeUrl, u.logo_url logoUrl, u.state state, u.background_url backgroundUrl FROM school_unit u WHERE u.id = ? 
2019-11-19 10:53:05.111 DEBUG --- [BaseJdbcLogger.java:159][http-nio-8088-exec-10] - ==> Parameters: null
2019-11-19 10:53:05.112 DEBUG --- [BaseJdbcLogger.java:159][http-nio-8088-exec-10] - <==      Total: 0
2019-11-19 10:53:08.033 DEBUG --- [BaseJdbcLogger.java:159][http-nio-8088-exec-4] - ==>  Preparing: SELECT u.school_name schoolName, u.unit_name unitName, u.school_eng schoolEng, u.unit_eng unitEng, u.college_url collegeUrl, u.logo_url logoUrl, u.state state, u.background_url backgroundUrl FROM school_unit u WHERE u.id = ? 
2019-11-19 10:53:08.033 DEBUG --- [BaseJdbcLogger.java:159][http-nio-8088-exec-4] - ==> Parameters: null
2019-11-19 10:53:08.034 DEBUG --- [BaseJdbcLogger.java:159][http-nio-8088-exec-4] - <==      Total: 0
2019-11-19 10:53:09.568 DEBUG --- [BaseJdbcLogger.java:159][http-nio-8088-exec-6] - ==>  Preparing: SELECT u.school_name schoolName, u.unit_name unitName, u.school_eng schoolEng, u.unit_eng unitEng, u.college_url collegeUrl, u.logo_url logoUrl, u.state state, u.background_url backgroundUrl FROM school_unit u WHERE u.id = ? 
2019-11-19 10:53:09.569 DEBUG --- [BaseJdbcLogger.java:159][http-nio-8088-exec-6] - ==> Parameters: null
2019-11-19 10:53:09.571 DEBUG --- [BaseJdbcLogger.java:159][http-nio-8088-exec-6] - <==      Total: 0
2019-11-19 10:53:52.150 DEBUG --- [BaseJdbcLogger.java:159][http-nio-8088-exec-5] - ==>  Preparing: SELECT u.user_id userId, u.username username, u.password password, u.role role FROM login u WHERE u.username = ? AND u.password = ? AND u.state = '1' AND u.role = ? 
2019-11-19 10:53:52.151 DEBUG --- [BaseJdbcLogger.java:159][http-nio-8088-exec-5] - ==> Parameters: scnu(String), 1cd61bb103149a08c529c96a31effae2(String), unit(String)
2019-11-19 10:53:52.196 DEBUG --- [BaseJdbcLogger.java:159][http-nio-8088-exec-5] - <==      Total: 1
2019-11-19 10:53:52.231 DEBUG --- [BaseJdbcLogger.java:159][http-nio-8088-exec-9] - ==>  Preparing: SELECT k.id userId, k.nickname nickname, k.username username, k.role_id roleId, k.unit_id unitId, k.role_name roleName, p.menu_code menuCode, p.permission_code permissionCode FROM(select a.*,substring_index(substring_index(a.permission_ids,',',b.help_topic_id+1),',',-1) pId from (SELECT t.*,sys_role.role_name,sys_role.permission_ids FROM(SELECT u.id, u.nickname, u.username, u.role_id, u.unit_id FROM unit_profile u WHERE u.username = ? AND u.state = '1')t LEFT JOIN sys_role ON t.role_id = sys_role.id) a join mysql.help_topic b on b.help_topic_id < (length(a.permission_ids) - length(replace(a.permission_ids,',',''))+1)) k LEFT JOIN sys_permission p ON k.pId = p.id 
2019-11-19 10:53:52.232 DEBUG --- [BaseJdbcLogger.java:159][http-nio-8088-exec-9] - ==> Parameters: scnu(String)
2019-11-19 10:53:52.238 DEBUG --- [BaseJdbcLogger.java:159][http-nio-8088-exec-9] - <==      Total: 11
2019-11-19 10:53:52.468 INFO  --- [UserRealm.java:50][http-nio-8088-exec-8] - permission的值为:{"menuList":["teacher","role","user"],"roleId":1,"nickname":"asd","roleName":"高级管理员","unitId":1,"permissionList":["user:list","user:add","role:update","teacher:list","teacher:update","role:list","teacher:add","user:update","role:delete","role:add","teacher:delete"],"userId":1,"username":"scnu"}
2019-11-19 10:53:52.469 INFO  --- [UserRealm.java:51][http-nio-8088-exec-8] - 本用户权限为:[user:list, user:add, role:update, teacher:list, teacher:update, role:list, teacher:add, user:update, role:delete, role:add, teacher:delete]
2019-11-19 10:53:52.470 DEBUG --- [BaseJdbcLogger.java:159][http-nio-8088-exec-8] - ==>  Preparing: SELECT count(0) FROM teacher_profile t WHERE t.state = '1' AND t.unit_id = ? 
2019-11-19 10:53:52.471 DEBUG --- [BaseJdbcLogger.java:159][http-nio-8088-exec-8] - ==> Parameters: 1(Long)
2019-11-19 10:53:52.473 DEBUG --- [BaseJdbcLogger.java:159][http-nio-8088-exec-8] - <==      Total: 1
2019-11-19 10:53:52.475 DEBUG --- [BaseJdbcLogger.java:159][http-nio-8088-exec-8] - ==>  Preparing: select t.id id, t.username name, t.email email, t.avatar avatar, t.state state, t.views views, t.post post, t.scholat_username scholat_username, date_format(t.update_time, '%Y.%m.%d %T') update_time, date_format(t.create_time, '%Y.%m.%d %T') create_time FROM teacher_profile t WHERE t.unit_id = ? ORDER BY update_time desc LIMIT ?,? 
2019-11-19 10:53:52.475 DEBUG --- [BaseJdbcLogger.java:159][http-nio-8088-exec-8] - ==> Parameters: 1(Long), 0(Integer), 10(Integer)
2019-11-19 10:53:52.524 DEBUG --- [BaseJdbcLogger.java:159][http-nio-8088-exec-8] - <==      Total: 10
2019-11-19 10:53:56.454 DEBUG --- [BaseJdbcLogger.java:159][http-nio-8088-exec-7] - ==>  Preparing: SELECT k.id userId, k.nickname nickname, k.username username, k.role_id roleId, k.unit_id unitId, k.role_name roleName, p.menu_code menuCode, p.permission_code permissionCode FROM(select a.*,substring_index(substring_index(a.permission_ids,',',b.help_topic_id+1),',',-1) pId from (SELECT t.*,sys_role.role_name,sys_role.permission_ids FROM(SELECT u.id, u.nickname, u.username, u.role_id, u.unit_id FROM unit_profile u WHERE u.username = ? AND u.state = '1')t LEFT JOIN sys_role ON t.role_id = sys_role.id) a join mysql.help_topic b on b.help_topic_id < (length(a.permission_ids) - length(replace(a.permission_ids,',',''))+1)) k LEFT JOIN sys_permission p ON k.pId = p.id 
2019-11-19 10:53:56.454 DEBUG --- [BaseJdbcLogger.java:159][http-nio-8088-exec-7] - ==> Parameters: scnu(String)
2019-11-19 10:53:56.456 DEBUG --- [BaseJdbcLogger.java:159][http-nio-8088-exec-7] - <==      Total: 11
2019-11-19 10:53:56.572 DEBUG --- [BaseJdbcLogger.java:159][http-nio-8088-exec-1] - ==>  Preparing: SELECT u.school_name schoolName, u.unit_name unitName, u.school_eng schoolEng, u.unit_eng unitEng, u.college_url collegeUrl, u.logo_url logoUrl, u.state state, u.background_url backgroundUrl FROM school_unit u WHERE u.id = (SELECT t.unit_id FROM teacher_profile t WHERE t.id = ?) 
2019-11-19 10:53:56.573 DEBUG --- [BaseJdbcLogger.java:159][http-nio-8088-exec-1] - ==> Parameters: 141(String)
2019-11-19 10:53:56.583 DEBUG --- [BaseJdbcLogger.java:159][http-nio-8088-exec-3] - ==>  Preparing: SELECT count(0) FROM teacher_profile t WHERE t.state = '1' AND t.unit_id = ? 
2019-11-19 10:53:56.584 DEBUG --- [BaseJdbcLogger.java:159][http-nio-8088-exec-3] - ==> Parameters: 1(Long)
2019-11-19 10:53:56.583 DEBUG --- [BaseJdbcLogger.java:159][http-nio-8088-exec-2] - ==>  Preparing: select * from teacher_profile u where u.id=? 
2019-11-19 10:53:56.584 DEBUG --- [BaseJdbcLogger.java:159][http-nio-8088-exec-2] - ==> Parameters: 141(Long)
2019-11-19 10:53:56.615 DEBUG --- [BaseJdbcLogger.java:159][http-nio-8088-exec-1] - <==      Total: 1
2019-11-19 10:53:56.616 DEBUG --- [BaseJdbcLogger.java:159][http-nio-8088-exec-3] - <==      Total: 1
2019-11-19 10:53:56.616 DEBUG --- [BaseJdbcLogger.java:159][http-nio-8088-exec-2] - <==      Total: 1
2019-11-19 10:53:56.616 DEBUG --- [BaseJdbcLogger.java:159][http-nio-8088-exec-3] - ==>  Preparing: SELECT t.id tId, t.username tName, t.post tPost, t.avatar tAvatar, t.email tEmail, t.department_name tDepartment_name, t.work_place tWork_place, t.degree tDegree FROM teacher_profile t WHERE t.state = '1' AND t.unit_id = ? ORDER BY t.seq, update_time DESC LIMIT ?,? 
2019-11-19 10:53:56.617 DEBUG --- [BaseJdbcLogger.java:159][http-nio-8088-exec-3] - ==> Parameters: 1(Long), 0(Integer), 15(Integer)
2019-11-19 10:53:56.701 DEBUG --- [BaseJdbcLogger.java:159][http-nio-8088-exec-3] - <==      Total: 15
2019-11-19 10:53:59.450 DEBUG --- [BaseJdbcLogger.java:159][http-nio-8088-exec-10] - ==>  Preparing: select * from user_profile u where u.acc_name = ? 
2019-11-19 10:53:59.451 DEBUG --- [BaseJdbcLogger.java:159][http-nio-8088-exec-10] - ==> Parameters: ytang(String)
2019-11-19 10:53:59.496 DEBUG --- [BaseJdbcLogger.java:159][http-nio-8088-exec-10] - <==      Total: 1
2019-11-19 10:54:07.949 DEBUG --- [BaseJdbcLogger.java:159][http-nio-8088-exec-4] - ==>  Preparing: select acc_id from user_profile where acc_name = ? 
2019-11-19 10:54:07.950 DEBUG --- [BaseJdbcLogger.java:159][http-nio-8088-exec-4] - ==> Parameters: ytang(String)
2019-11-19 10:54:07.962 DEBUG --- [BaseJdbcLogger.java:159][http-nio-8088-exec-4] - <==      Total: 1
2019-11-19 10:54:07.962 DEBUG --- [BaseJdbcLogger.java:159][http-nio-8088-exec-4] - ==>  Preparing: select u.acc_name scholat_username, u.chinese_name chinese_name, u.degree degree, u.work_unit work_unit, u.address address, u.scholar_title scholat_title, u.scholar_field scholat_field, u.picture_url picture_url, u.work_email email from user_profile u join (select user2 friends from friends_relation where user1 = ? union select user1 from friends_relation where user2 = ?) as a on a.friends = u.acc_id 
2019-11-19 10:54:07.963 DEBUG --- [BaseJdbcLogger.java:159][http-nio-8088-exec-4] - ==> Parameters: 17(Long), 17(Long)
2019-11-19 10:54:08.093 DEBUG --- [BaseJdbcLogger.java:159][http-nio-8088-exec-4] - <==      Total: 1002
2019-11-19 10:54:08.094 DEBUG --- [BaseJdbcLogger.java:159][http-nio-8088-exec-4] - ==>  Preparing: select u.acc_name scholat_username, u.chinese_name chinese_name, u.degree degree, u.work_unit work_unit, u.address address, u.scholar_title scholat_title, u.scholar_field scholat_field, u.picture_url picture_url, u.work_email email from user_profile u join (select user2 fans from friends_relation where user1 = ? union select user1 from friends_relation where user2 = ? union SELECT sender fans from pending_request where receiver=? ) as a on a.fans = u.acc_id 
2019-11-19 10:54:08.095 DEBUG --- [BaseJdbcLogger.java:159][http-nio-8088-exec-4] - ==> Parameters: 17(Long), 17(Long), 17(Long)
2019-11-19 10:54:08.204 DEBUG --- [BaseJdbcLogger.java:159][http-nio-8088-exec-4] - <==      Total: 1567
2019-11-19 10:54:08.208 DEBUG --- [BaseJdbcLogger.java:159][http-nio-8088-exec-4] - ==>  Preparing: select u.acc_name scholat_username, u.chinese_name chinese_name, u.degree degree, u.work_unit work_unit, u.address address, u.scholar_title scholat_title, u.scholar_field scholat_field, u.picture_url picture_url, u.work_email email from user_profile u join (select user2 fans from friends_relation where user1 = ? union select user1 from friends_relation where user2 = ? union SELECT receiver fans from pending_request where sender=? ) as a on a.fans = u.acc_id 
2019-11-19 10:54:08.210 DEBUG --- [BaseJdbcLogger.java:159][http-nio-8088-exec-4] - ==> Parameters: 17(Long), 17(Long), 17(Long)
2019-11-19 10:54:08.250 DEBUG --- [BaseJdbcLogger.java:159][http-nio-8088-exec-4] - <==      Total: 1025
2019-11-19 10:54:20.601 DEBUG --- [BaseJdbcLogger.java:159][http-nio-8088-exec-6] - ==>  Preparing: select * from user_profile u where u.acc_name = ? 
2019-11-19 10:54:20.602 DEBUG --- [BaseJdbcLogger.java:159][http-nio-8088-exec-6] - ==> Parameters: ytang(String)
2019-11-19 10:54:20.609 DEBUG --- [BaseJdbcLogger.java:159][http-nio-8088-exec-6] - <==      Total: 1
2019-11-19 10:54:22.235 DEBUG --- [BaseJdbcLogger.java:159][http-nio-8088-exec-5] - ==>  Preparing: select acc_id from user_profile where acc_name = ? 
2019-11-19 10:54:22.235 DEBUG --- [BaseJdbcLogger.java:159][http-nio-8088-exec-5] - ==> Parameters: ytang(String)
2019-11-19 10:54:22.236 DEBUG --- [BaseJdbcLogger.java:159][http-nio-8088-exec-5] - <==      Total: 1
2019-11-19 10:54:22.236 DEBUG --- [BaseJdbcLogger.java:159][http-nio-8088-exec-5] - ==>  Preparing: select * from scholar_paper where acc_id = ? 
2019-11-19 10:54:22.237 DEBUG --- [BaseJdbcLogger.java:159][http-nio-8088-exec-5] - ==> Parameters: 17(Long)
2019-11-19 10:54:22.297 DEBUG --- [BaseJdbcLogger.java:159][http-nio-8088-exec-5] - <==      Total: 412
2019-11-19 10:54:24.115 DEBUG --- [BaseJdbcLogger.java:159][http-nio-8088-exec-9] - ==>  Preparing: select acc_id from user_profile where acc_name = ? 
2019-11-19 10:54:24.116 DEBUG --- [BaseJdbcLogger.java:159][http-nio-8088-exec-9] - ==> Parameters: ytang(String)
2019-11-19 10:54:24.118 DEBUG --- [BaseJdbcLogger.java:159][http-nio-8088-exec-9] - <==      Total: 1
2019-11-19 10:54:24.119 DEBUG --- [BaseJdbcLogger.java:159][http-nio-8088-exec-9] - ==>  Preparing: select u.acc_name scholat_username, u.chinese_name chinese_name, u.degree degree, u.work_unit work_unit, u.address address, u.scholar_title scholat_title, u.scholar_field scholat_field, u.picture_url picture_url, u.work_email email from user_profile u join (select user2 friends from friends_relation where user1 = ? union select user1 from friends_relation where user2 = ?) as a on a.friends = u.acc_id 
2019-11-19 10:54:24.120 DEBUG --- [BaseJdbcLogger.java:159][http-nio-8088-exec-9] - ==> Parameters: 17(Long), 17(Long)
2019-11-19 10:54:24.231 DEBUG --- [BaseJdbcLogger.java:159][http-nio-8088-exec-9] - <==      Total: 1002
2019-11-19 10:54:24.232 DEBUG --- [BaseJdbcLogger.java:159][http-nio-8088-exec-9] - ==>  Preparing: select u.acc_name scholat_username, u.chinese_name chinese_name, u.degree degree, u.work_unit work_unit, u.address address, u.scholar_title scholat_title, u.scholar_field scholat_field, u.picture_url picture_url, u.work_email email from user_profile u join (select user2 fans from friends_relation where user1 = ? union select user1 from friends_relation where user2 = ? union SELECT sender fans from pending_request where receiver=? ) as a on a.fans = u.acc_id 
2019-11-19 10:54:24.234 DEBUG --- [BaseJdbcLogger.java:159][http-nio-8088-exec-9] - ==> Parameters: 17(Long), 17(Long), 17(Long)
2019-11-19 10:54:24.391 DEBUG --- [BaseJdbcLogger.java:159][http-nio-8088-exec-9] - <==      Total: 1567
2019-11-19 10:54:24.391 DEBUG --- [BaseJdbcLogger.java:159][http-nio-8088-exec-9] - ==>  Preparing: select u.acc_name scholat_username, u.chinese_name chinese_name, u.degree degree, u.work_unit work_unit, u.address address, u.scholar_title scholat_title, u.scholar_field scholat_field, u.picture_url picture_url, u.work_email email from user_profile u join (select user2 fans from friends_relation where user1 = ? union select user1 from friends_relation where user2 = ? union SELECT receiver fans from pending_request where sender=? ) as a on a.fans = u.acc_id 
2019-11-19 10:54:24.392 DEBUG --- [BaseJdbcLogger.java:159][http-nio-8088-exec-9] - ==> Parameters: 17(Long), 17(Long), 17(Long)
2019-11-19 10:54:24.415 DEBUG --- [BaseJdbcLogger.java:159][http-nio-8088-exec-9] - <==      Total: 1025
2019-11-19 10:54:31.792 DEBUG --- [BaseJdbcLogger.java:159][http-nio-8088-exec-8] - ==>  Preparing: select * from user_profile u where u.acc_name = ? 
2019-11-19 10:54:31.792 DEBUG --- [BaseJdbcLogger.java:159][http-nio-8088-exec-8] - ==> Parameters: ytang(String)
2019-11-19 10:54:31.799 DEBUG --- [BaseJdbcLogger.java:159][http-nio-8088-exec-8] - <==      Total: 1
2019-11-19 10:54:33.379 DEBUG --- [BaseJdbcLogger.java:159][http-nio-8088-exec-7] - ==>  Preparing: select acc_id from user_profile where acc_name = ? 
2019-11-19 10:54:33.379 DEBUG --- [BaseJdbcLogger.java:159][http-nio-8088-exec-7] - ==> Parameters: ytang(String)
2019-11-19 10:54:33.380 DEBUG --- [BaseJdbcLogger.java:159][http-nio-8088-exec-7] - <==      Total: 1
2019-11-19 10:54:33.381 DEBUG --- [BaseJdbcLogger.java:159][http-nio-8088-exec-7] - ==>  Preparing: select * from scholar_paper where acc_id = ? 
2019-11-19 10:54:33.381 DEBUG --- [BaseJdbcLogger.java:159][http-nio-8088-exec-7] - ==> Parameters: 17(Long)
2019-11-19 10:54:33.400 DEBUG --- [BaseJdbcLogger.java:159][http-nio-8088-exec-7] - <==      Total: 412
2019-11-19 10:54:34.673 DEBUG --- [BaseJdbcLogger.java:159][http-nio-8088-exec-1] - ==>  Preparing: select acc_id from user_profile where acc_name = ? 
2019-11-19 10:54:34.674 DEBUG --- [BaseJdbcLogger.java:159][http-nio-8088-exec-1] - ==> Parameters: ytang(String)
2019-11-19 10:54:34.676 DEBUG --- [BaseJdbcLogger.java:159][http-nio-8088-exec-1] - <==      Total: 1
2019-11-19 10:54:34.677 DEBUG --- [BaseJdbcLogger.java:159][http-nio-8088-exec-1] - ==>  Preparing: select u.acc_name scholat_username, u.chinese_name chinese_name, u.degree degree, u.work_unit work_unit, u.address address, u.scholar_title scholat_title, u.scholar_field scholat_field, u.picture_url picture_url, u.work_email email from user_profile u join (select user2 friends from friends_relation where user1 = ? union select user1 from friends_relation where user2 = ?) as a on a.friends = u.acc_id 
2019-11-19 10:54:34.678 DEBUG --- [BaseJdbcLogger.java:159][http-nio-8088-exec-1] - ==> Parameters: 17(Long), 17(Long)
2019-11-19 10:54:34.738 DEBUG --- [BaseJdbcLogger.java:159][http-nio-8088-exec-1] - <==      Total: 1002
2019-11-19 10:54:34.738 DEBUG --- [BaseJdbcLogger.java:159][http-nio-8088-exec-1] - ==>  Preparing: select u.acc_name scholat_username, u.chinese_name chinese_name, u.degree degree, u.work_unit work_unit, u.address address, u.scholar_title scholat_title, u.scholar_field scholat_field, u.picture_url picture_url, u.work_email email from user_profile u join (select user2 fans from friends_relation where user1 = ? union select user1 from friends_relation where user2 = ? union SELECT sender fans from pending_request where receiver=? ) as a on a.fans = u.acc_id 
2019-11-19 10:54:34.739 DEBUG --- [BaseJdbcLogger.java:159][http-nio-8088-exec-1] - ==> Parameters: 17(Long), 17(Long), 17(Long)
2019-11-19 10:54:34.765 DEBUG --- [BaseJdbcLogger.java:159][http-nio-8088-exec-1] - <==      Total: 1567
2019-11-19 10:54:34.766 DEBUG --- [BaseJdbcLogger.java:159][http-nio-8088-exec-1] - ==>  Preparing: select u.acc_name scholat_username, u.chinese_name chinese_name, u.degree degree, u.work_unit work_unit, u.address address, u.scholar_title scholat_title, u.scholar_field scholat_field, u.picture_url picture_url, u.work_email email from user_profile u join (select user2 fans from friends_relation where user1 = ? union select user1 from friends_relation where user2 = ? union SELECT receiver fans from pending_request where sender=? ) as a on a.fans = u.acc_id 
2019-11-19 10:54:34.766 DEBUG --- [BaseJdbcLogger.java:159][http-nio-8088-exec-1] - ==> Parameters: 17(Long), 17(Long), 17(Long)
2019-11-19 10:54:34.788 DEBUG --- [BaseJdbcLogger.java:159][http-nio-8088-exec-1] - <==      Total: 1025
2019-11-19 11:02:29.525 DEBUG --- [BaseJdbcLogger.java:159][http-nio-8088-exec-2] - ==>  Preparing: select acc_id from user_profile where acc_name = ? 
2019-11-19 11:02:29.525 DEBUG --- [BaseJdbcLogger.java:159][http-nio-8088-exec-2] - ==> Parameters: ytang(String)
2019-11-19 11:02:29.526 DEBUG --- [BaseJdbcLogger.java:159][http-nio-8088-exec-2] - <==      Total: 1
2019-11-19 11:02:29.527 DEBUG --- [BaseJdbcLogger.java:159][http-nio-8088-exec-2] - ==>  Preparing: select * from scholar_paper where acc_id = ? 
2019-11-19 11:02:29.527 DEBUG --- [BaseJdbcLogger.java:159][http-nio-8088-exec-2] - ==> Parameters: 17(Long)
2019-11-19 11:02:29.544 DEBUG --- [BaseJdbcLogger.java:159][http-nio-8088-exec-2] - <==      Total: 412
2019-11-19 15:25:33.966 DEBUG --- [BaseJdbcLogger.java:159][http-nio-8088-exec-3] - ==>  Preparing: select acc_id from user_profile where acc_name = ? 
2019-11-19 15:25:33.969 DEBUG --- [BaseJdbcLogger.java:159][http-nio-8088-exec-3] - ==> Parameters: ytang(String)
2019-11-19 15:25:34.016 DEBUG --- [BaseJdbcLogger.java:159][http-nio-8088-exec-3] - <==      Total: 1
2019-11-19 15:25:34.017 DEBUG --- [BaseJdbcLogger.java:159][http-nio-8088-exec-3] - ==>  Preparing: select u.acc_name scholat_username, u.chinese_name chinese_name, u.degree degree, u.work_unit work_unit, u.address address, u.scholar_title scholat_title, u.scholar_field scholat_field, u.picture_url picture_url, u.work_email email from user_profile u join (select user2 friends from friends_relation where user1 = ? union select user1 from friends_relation where user2 = ?) as a on a.friends = u.acc_id 
2019-11-19 15:25:34.017 DEBUG --- [BaseJdbcLogger.java:159][http-nio-8088-exec-3] - ==> Parameters: 17(Long), 17(Long)
2019-11-19 15:25:34.071 DEBUG --- [BaseJdbcLogger.java:159][http-nio-8088-exec-3] - <==      Total: 1002
2019-11-19 15:25:34.071 DEBUG --- [BaseJdbcLogger.java:159][http-nio-8088-exec-3] - ==>  Preparing: select u.acc_name scholat_username, u.chinese_name chinese_name, u.degree degree, u.work_unit work_unit, u.address address, u.scholar_title scholat_title, u.scholar_field scholat_field, u.picture_url picture_url, u.work_email email from user_profile u join (select user2 fans from friends_relation where user1 = ? union select user1 from friends_relation where user2 = ? union SELECT sender fans from pending_request where receiver=? ) as a on a.fans = u.acc_id 
2019-11-19 15:25:34.072 DEBUG --- [BaseJdbcLogger.java:159][http-nio-8088-exec-3] - ==> Parameters: 17(Long), 17(Long), 17(Long)
2019-11-19 15:25:34.194 DEBUG --- [BaseJdbcLogger.java:159][http-nio-8088-exec-3] - <==      Total: 1567
2019-11-19 15:25:34.195 DEBUG --- [BaseJdbcLogger.java:159][http-nio-8088-exec-3] - ==>  Preparing: select u.acc_name scholat_username, u.chinese_name chinese_name, u.degree degree, u.work_unit work_unit, u.address address, u.scholar_title scholat_title, u.scholar_field scholat_field, u.picture_url picture_url, u.work_email email from user_profile u join (select user2 fans from friends_relation where user1 = ? union select user1 from friends_relation where user2 = ? union SELECT receiver fans from pending_request where sender=? ) as a on a.fans = u.acc_id 
2019-11-19 15:25:34.196 DEBUG --- [BaseJdbcLogger.java:159][http-nio-8088-exec-3] - ==> Parameters: 17(Long), 17(Long), 17(Long)
2019-11-19 15:25:34.218 DEBUG --- [BaseJdbcLogger.java:159][http-nio-8088-exec-3] - <==      Total: 1025
2019-11-19 15:46:07.983 DEBUG --- [BaseJdbcLogger.java:159][http-nio-8088-exec-10] - ==>  Preparing: select acc_id from user_profile where acc_name = ? 
2019-11-19 15:46:07.985 DEBUG --- [BaseJdbcLogger.java:159][http-nio-8088-exec-10] - ==> Parameters: ytang(String)
2019-11-19 15:46:08.328 DEBUG --- [BaseJdbcLogger.java:159][http-nio-8088-exec-10] - <==      Total: 1
2019-11-19 15:46:08.328 DEBUG --- [BaseJdbcLogger.java:159][http-nio-8088-exec-10] - ==>  Preparing: select * from scholar_paper where acc_id = ? 
2019-11-19 15:46:08.329 DEBUG --- [BaseJdbcLogger.java:159][http-nio-8088-exec-10] - ==> Parameters: 17(Long)
2019-11-19 15:46:08.401 DEBUG --- [BaseJdbcLogger.java:159][http-nio-8088-exec-10] - <==      Total: 412
2019-11-19 16:12:26.363 DEBUG --- [BaseJdbcLogger.java:159][http-nio-8088-exec-4] - ==>  Preparing: select acc_id from user_profile where acc_name = ? 
2019-11-19 16:12:26.363 DEBUG --- [BaseJdbcLogger.java:159][http-nio-8088-exec-4] - ==> Parameters: ytang(String)
2019-11-19 16:12:26.408 DEBUG --- [BaseJdbcLogger.java:159][http-nio-8088-exec-4] - <==      Total: 1
2019-11-19 16:12:26.409 DEBUG --- [BaseJdbcLogger.java:159][http-nio-8088-exec-4] - ==>  Preparing: select u.acc_name scholat_username, u.chinese_name chinese_name, u.degree degree, u.work_unit work_unit, u.address address, u.scholar_title scholat_title, u.scholar_field scholat_field, u.picture_url picture_url, u.work_email email from user_profile u join (select user2 friends from friends_relation where user1 = ? union select user1 from friends_relation where user2 = ?) as a on a.friends = u.acc_id 
2019-11-19 16:12:26.409 DEBUG --- [BaseJdbcLogger.java:159][http-nio-8088-exec-4] - ==> Parameters: 17(Long), 17(Long)
2019-11-19 16:12:26.441 DEBUG --- [BaseJdbcLogger.java:159][http-nio-8088-exec-4] - <==      Total: 1002
2019-11-19 16:12:26.441 DEBUG --- [BaseJdbcLogger.java:159][http-nio-8088-exec-4] - ==>  Preparing: select u.acc_name scholat_username, u.chinese_name chinese_name, u.degree degree, u.work_unit work_unit, u.address address, u.scholar_title scholat_title, u.scholar_field scholat_field, u.picture_url picture_url, u.work_email email from user_profile u join (select user2 fans from friends_relation where user1 = ? union select user1 from friends_relation where user2 = ? union SELECT sender fans from pending_request where receiver=? ) as a on a.fans = u.acc_id 
2019-11-19 16:12:26.442 DEBUG --- [BaseJdbcLogger.java:159][http-nio-8088-exec-4] - ==> Parameters: 17(Long), 17(Long), 17(Long)
2019-11-19 16:12:26.476 DEBUG --- [BaseJdbcLogger.java:159][http-nio-8088-exec-4] - <==      Total: 1567
2019-11-19 16:12:26.476 DEBUG --- [BaseJdbcLogger.java:159][http-nio-8088-exec-4] - ==>  Preparing: select u.acc_name scholat_username, u.chinese_name chinese_name, u.degree degree, u.work_unit work_unit, u.address address, u.scholar_title scholat_title, u.scholar_field scholat_field, u.picture_url picture_url, u.work_email email from user_profile u join (select user2 fans from friends_relation where user1 = ? union select user1 from friends_relation where user2 = ? union SELECT receiver fans from pending_request where sender=? ) as a on a.fans = u.acc_id 
2019-11-19 16:12:26.477 DEBUG --- [BaseJdbcLogger.java:159][http-nio-8088-exec-4] - ==> Parameters: 17(Long), 17(Long), 17(Long)
2019-11-19 16:12:26.498 DEBUG --- [BaseJdbcLogger.java:159][http-nio-8088-exec-4] - <==      Total: 1025
2019-11-19 18:39:47.492 INFO  --- [HikariDataSource.java:350][Thread-19] - HikariPool-1 - Shutdown initiated...
2019-11-19 18:39:47.501 INFO  --- [HikariDataSource.java:352][Thread-19] - HikariPool-1 - Shutdown completed.
