2019-12-02 01:00:35.099 WARN  --- [HikariPool.java:766][HikariPool-7 housekeeper] - HikariPool-7 - Thread starvation or clock leap detected (housekeeper delta=3h59m12s469ms).
2019-12-02 01:15:12.257 WARN  --- [HikariPool.java:766][HikariPool-7 housekeeper] - HikariPool-7 - Thread starvation or clock leap detected (housekeeper delta=14m37s59ms).
2019-12-02 04:00:10.674 WARN  --- [HikariPool.java:766][HikariPool-7 housekeeper] - HikariPool-7 - Thread starvation or clock leap detected (housekeeper delta=2h44m58s506ms).
2019-12-02 08:30:14.690 WARN  --- [HikariPool.java:766][HikariPool-7 housekeeper] - HikariPool-7 - Thread starvation or clock leap detected (housekeeper delta=4h29m32s621ms).
2019-12-02 08:51:17.524 WARN  --- [HikariPool.java:766][HikariPool-7 housekeeper] - HikariPool-7 - Thread starvation or clock leap detected (housekeeper delta=20m30s424ms).
2019-12-02 09:00:06.858 WARN  --- [HikariPool.java:766][HikariPool-7 housekeeper] - HikariPool-7 - Thread starvation or clock leap detected (housekeeper delta=8m19s77ms).
2019-12-02 09:21:08.247 WARN  --- [HikariPool.java:766][HikariPool-7 housekeeper] - HikariPool-7 - Thread starvation or clock leap detected (housekeeper delta=20m30s592ms).
2019-12-02 09:41:39.040 WARN  --- [HikariPool.java:766][HikariPool-7 housekeeper] - HikariPool-7 - Thread starvation or clock leap detected (housekeeper delta=20m30s793ms).
2019-12-02 10:02:09.498 WARN  --- [HikariPool.java:766][HikariPool-7 housekeeper] - HikariPool-7 - Thread starvation or clock leap detected (housekeeper delta=20m30s458ms).
2019-12-02 10:23:10.463 WARN  --- [HikariPool.java:766][HikariPool-7 housekeeper] - HikariPool-7 - Thread starvation or clock leap detected (housekeeper delta=20m30s654ms).
2019-12-02 10:43:40.734 WARN  --- [HikariPool.java:766][HikariPool-7 housekeeper] - HikariPool-7 - Thread starvation or clock leap detected (housekeeper delta=20m30s271ms).
2019-12-02 11:04:11.008 WARN  --- [HikariPool.java:766][HikariPool-7 housekeeper] - HikariPool-7 - Thread starvation or clock leap detected (housekeeper delta=20m30s274ms).
2019-12-02 11:25:13.185 WARN  --- [HikariPool.java:766][HikariPool-7 housekeeper] - HikariPool-7 - Thread starvation or clock leap detected (housekeeper delta=20m31s680ms).
2019-12-02 11:45:43.854 WARN  --- [HikariPool.java:766][HikariPool-7 housekeeper] - HikariPool-7 - Thread starvation or clock leap detected (housekeeper delta=20m30s669ms).
2019-12-02 14:00:36.190 WARN  --- [HikariPool.java:766][HikariPool-7 housekeeper] - HikariPool-7 - Thread starvation or clock leap detected (housekeeper delta=2h14m21s875ms).
2019-12-02 14:37:27.193 WARN  --- [HikariPool.java:766][HikariPool-7 housekeeper] - HikariPool-7 - Thread starvation or clock leap detected (housekeeper delta=36m20s233ms).
2019-12-02 15:02:42.337 DEBUG --- [BaseJdbcLogger.java:159][http-nio-8088-exec-4] - ==>  Preparing: SELECT u.school_name schoolName, u.unit_name unitName, u.school_eng schoolEng, u.unit_eng unitEng, u.college_url collegeUrl, u.logo_url logoUrl, u.state state, u.background_url backgroundUrl FROM school_unit u WHERE u.id = ? 
2019-12-02 15:02:42.382 DEBUG --- [BaseJdbcLogger.java:159][http-nio-8088-exec-4] - ==> Parameters: null
2019-12-02 15:02:44.658 DEBUG --- [BaseJdbcLogger.java:159][http-nio-8088-exec-4] - <==      Total: 0
2019-12-02 15:02:46.788 DEBUG --- [BaseJdbcLogger.java:159][http-nio-8088-exec-5] - ==>  Preparing: SELECT u.school_name schoolName, u.unit_name unitName, u.school_eng schoolEng, u.unit_eng unitEng, u.college_url collegeUrl, u.logo_url logoUrl, u.state state, u.background_url backgroundUrl FROM school_unit u WHERE u.id = ? 
2019-12-02 15:02:46.789 DEBUG --- [BaseJdbcLogger.java:159][http-nio-8088-exec-5] - ==> Parameters: null
2019-12-02 15:02:46.792 DEBUG --- [BaseJdbcLogger.java:159][http-nio-8088-exec-5] - <==      Total: 0
2019-12-02 15:02:52.898 DEBUG --- [BaseJdbcLogger.java:159][http-nio-8088-exec-6] - ==>  Preparing: SELECT u.user_id userId, u.username username, u.password password, u.role role FROM login u WHERE u.username = ? AND u.password = ? AND u.state = '1' AND u.role = ? 
2019-12-02 15:02:52.901 DEBUG --- [BaseJdbcLogger.java:159][http-nio-8088-exec-6] - ==> Parameters: scnu(String), 1cd61bb103149a08c529c96a31effae2(String), unit(String)
2019-12-02 15:02:53.878 DEBUG --- [BaseJdbcLogger.java:159][http-nio-8088-exec-6] - <==      Total: 1
2019-12-02 15:02:54.012 DEBUG --- [BaseJdbcLogger.java:159][http-nio-8088-exec-7] - ==>  Preparing: SELECT k.id userId, k.nickname nickname, k.username username, k.role_id roleId, k.unit_id unitId, k.role_name roleName, p.menu_code menuCode, p.permission_code permissionCode FROM(select a.*,substring_index(substring_index(a.permission_ids,',',b.help_topic_id+1),',',-1) pId from (SELECT t.*,sys_role.role_name,sys_role.permission_ids FROM(SELECT u.id, u.nickname, u.username, u.role_id, u.unit_id FROM unit_profile u WHERE u.username = ? AND u.state = '1')t LEFT JOIN sys_role ON t.role_id = sys_role.id) a join mysql.help_topic b on b.help_topic_id < (length(a.permission_ids) - length(replace(a.permission_ids,',',''))+1)) k LEFT JOIN sys_permission p ON k.pId = p.id 
2019-12-02 15:02:54.013 DEBUG --- [BaseJdbcLogger.java:159][http-nio-8088-exec-7] - ==> Parameters: scnu(String)
2019-12-02 15:02:54.288 DEBUG --- [BaseJdbcLogger.java:159][http-nio-8088-exec-7] - <==      Total: 11
2019-12-02 15:02:54.733 INFO  --- [UserRealm.java:50][http-nio-8088-exec-9] - permission的值为:{"menuList":["teacher","role","user"],"roleId":1,"nickname":"asd","roleName":"高级管理员","unitId":1,"permissionList":["user:list","user:add","role:update","teacher:list","teacher:update","role:list","teacher:add","user:update","role:delete","role:add","teacher:delete"],"userId":1,"username":"scnu"}
2019-12-02 15:02:54.747 INFO  --- [UserRealm.java:51][http-nio-8088-exec-9] - 本用户权限为:[user:list, user:add, role:update, teacher:list, teacher:update, role:list, teacher:add, user:update, role:delete, role:add, teacher:delete]
2019-12-02 15:02:54.754 DEBUG --- [BaseJdbcLogger.java:159][http-nio-8088-exec-9] - ==>  Preparing: SELECT count(0) FROM teacher_profile t WHERE t.state = '1' AND t.unit_id = ? 
2019-12-02 15:02:54.756 DEBUG --- [BaseJdbcLogger.java:159][http-nio-8088-exec-9] - ==> Parameters: 1(Long)
2019-12-02 15:02:54.829 DEBUG --- [BaseJdbcLogger.java:159][http-nio-8088-exec-9] - <==      Total: 1
2019-12-02 15:02:54.830 DEBUG --- [BaseJdbcLogger.java:159][http-nio-8088-exec-9] - ==>  Preparing: select t.id id, t.username name, t.email email, t.avatar avatar, t.state state, t.views views, t.post post, t.scholat_username scholat_username, date_format(t.update_time, '%Y.%m.%d %T') update_time, date_format(t.create_time, '%Y.%m.%d %T') create_time FROM teacher_profile t WHERE t.unit_id = ? ORDER BY update_time desc LIMIT ?,? 
2019-12-02 15:02:54.836 DEBUG --- [BaseJdbcLogger.java:159][http-nio-8088-exec-9] - ==> Parameters: 1(Long), 0(Integer), 10(Integer)
2019-12-02 15:02:55.920 DEBUG --- [BaseJdbcLogger.java:159][http-nio-8088-exec-9] - <==      Total: 10
2019-12-02 15:03:01.869 DEBUG --- [BaseJdbcLogger.java:159][http-nio-8088-exec-1] - ==>  Preparing: SELECT k.id userId, k.nickname nickname, k.username username, k.role_id roleId, k.unit_id unitId, k.role_name roleName, p.menu_code menuCode, p.permission_code permissionCode FROM(select a.*,substring_index(substring_index(a.permission_ids,',',b.help_topic_id+1),',',-1) pId from (SELECT t.*,sys_role.role_name,sys_role.permission_ids FROM(SELECT u.id, u.nickname, u.username, u.role_id, u.unit_id FROM unit_profile u WHERE u.username = ? AND u.state = '1')t LEFT JOIN sys_role ON t.role_id = sys_role.id) a join mysql.help_topic b on b.help_topic_id < (length(a.permission_ids) - length(replace(a.permission_ids,',',''))+1)) k LEFT JOIN sys_permission p ON k.pId = p.id 
2019-12-02 15:03:01.870 DEBUG --- [BaseJdbcLogger.java:159][http-nio-8088-exec-1] - ==> Parameters: scnu(String)
2019-12-02 15:03:01.900 DEBUG --- [BaseJdbcLogger.java:159][http-nio-8088-exec-1] - <==      Total: 11
2019-12-02 15:03:02.331 DEBUG --- [BaseJdbcLogger.java:159][http-nio-8088-exec-10] - ==>  Preparing: SELECT u.school_name schoolName, u.unit_name unitName, u.school_eng schoolEng, u.unit_eng unitEng, u.college_url collegeUrl, u.logo_url logoUrl, u.state state, u.background_url backgroundUrl FROM school_unit u WHERE u.id = (SELECT t.unit_id FROM teacher_profile t WHERE t.id = ?) 
2019-12-02 15:03:02.332 DEBUG --- [BaseJdbcLogger.java:159][http-nio-8088-exec-10] - ==> Parameters: 130(String)
2019-12-02 15:03:02.436 DEBUG --- [BaseJdbcLogger.java:159][http-nio-8088-exec-2] - ==>  Preparing: SELECT count(0) FROM teacher_profile t WHERE t.state = '1' AND t.unit_id = ? 
2019-12-02 15:03:02.437 DEBUG --- [BaseJdbcLogger.java:159][http-nio-8088-exec-2] - ==> Parameters: 1(Long)
2019-12-02 15:03:02.497 DEBUG --- [BaseJdbcLogger.java:159][http-nio-8088-exec-3] - ==>  Preparing: select * from teacher_profile u where u.id=? 
2019-12-02 15:03:02.498 DEBUG --- [BaseJdbcLogger.java:159][http-nio-8088-exec-3] - ==> Parameters: 130(Long)
2019-12-02 15:03:03.794 DEBUG --- [BaseJdbcLogger.java:159][http-nio-8088-exec-2] - <==      Total: 1
2019-12-02 15:03:03.795 DEBUG --- [BaseJdbcLogger.java:159][http-nio-8088-exec-2] - ==>  Preparing: SELECT t.id tId, t.username tName, t.post tPost, t.avatar tAvatar, t.email tEmail, t.department_name tDepartment_name, t.work_place tWork_place, t.degree tDegree FROM teacher_profile t WHERE t.state = '1' AND t.unit_id = ? ORDER BY t.seq, update_time DESC LIMIT ?,? 
2019-12-02 15:03:03.795 DEBUG --- [BaseJdbcLogger.java:159][http-nio-8088-exec-2] - ==> Parameters: 1(Long), 0(Integer), 15(Integer)
2019-12-02 15:03:04.224 DEBUG --- [BaseJdbcLogger.java:159][http-nio-8088-exec-10] - <==      Total: 1
2019-12-02 15:03:06.399 DEBUG --- [BaseJdbcLogger.java:159][http-nio-8088-exec-3] - <==      Total: 1
2019-12-02 15:03:07.682 DEBUG --- [BaseJdbcLogger.java:159][http-nio-8088-exec-8] - ==>  Preparing: SELECT k.id userId, k.nickname nickname, k.username username, k.role_id roleId, k.unit_id unitId, k.role_name roleName, p.menu_code menuCode, p.permission_code permissionCode FROM(select a.*,substring_index(substring_index(a.permission_ids,',',b.help_topic_id+1),',',-1) pId from (SELECT t.*,sys_role.role_name,sys_role.permission_ids FROM(SELECT u.id, u.nickname, u.username, u.role_id, u.unit_id FROM unit_profile u WHERE u.username = ? AND u.state = '1')t LEFT JOIN sys_role ON t.role_id = sys_role.id) a join mysql.help_topic b on b.help_topic_id < (length(a.permission_ids) - length(replace(a.permission_ids,',',''))+1)) k LEFT JOIN sys_permission p ON k.pId = p.id 
2019-12-02 15:03:07.682 DEBUG --- [BaseJdbcLogger.java:159][http-nio-8088-exec-8] - ==> Parameters: scnu(String)
2019-12-02 15:03:08.027 DEBUG --- [BaseJdbcLogger.java:159][http-nio-8088-exec-8] - <==      Total: 11
2019-12-02 15:03:08.324 DEBUG --- [BaseJdbcLogger.java:159][http-nio-8088-exec-4] - ==>  Preparing: SELECT u.school_name schoolName, u.unit_name unitName, u.school_eng schoolEng, u.unit_eng unitEng, u.college_url collegeUrl, u.logo_url logoUrl, u.state state, u.background_url backgroundUrl FROM school_unit u WHERE u.id = (SELECT t.unit_id FROM teacher_profile t WHERE t.id = ?) 
2019-12-02 15:03:08.325 DEBUG --- [BaseJdbcLogger.java:159][http-nio-8088-exec-4] - ==> Parameters: 124(String)
2019-12-02 15:03:08.367 DEBUG --- [BaseJdbcLogger.java:159][http-nio-8088-exec-5] - ==>  Preparing: select * from teacher_profile u where u.id=? 
2019-12-02 15:03:08.369 DEBUG --- [BaseJdbcLogger.java:159][http-nio-8088-exec-5] - ==> Parameters: 124(Long)
2019-12-02 15:03:08.370 DEBUG --- [BaseJdbcLogger.java:159][http-nio-8088-exec-4] - <==      Total: 1
2019-12-02 15:03:08.705 DEBUG --- [BaseJdbcLogger.java:159][http-nio-8088-exec-2] - <==      Total: 15
2019-12-02 15:03:08.714 DEBUG --- [BaseJdbcLogger.java:159][http-nio-8088-exec-6] - ==>  Preparing: SELECT count(0) FROM teacher_profile t WHERE t.state = '1' AND t.unit_id = ? 
2019-12-02 15:03:08.715 DEBUG --- [BaseJdbcLogger.java:159][http-nio-8088-exec-6] - ==> Parameters: 1(Long)
2019-12-02 15:03:08.832 DEBUG --- [BaseJdbcLogger.java:159][http-nio-8088-exec-6] - <==      Total: 1
2019-12-02 15:03:08.836 DEBUG --- [BaseJdbcLogger.java:159][http-nio-8088-exec-6] - ==>  Preparing: SELECT t.id tId, t.username tName, t.post tPost, t.avatar tAvatar, t.email tEmail, t.department_name tDepartment_name, t.work_place tWork_place, t.degree tDegree FROM teacher_profile t WHERE t.state = '1' AND t.unit_id = ? ORDER BY t.seq, update_time DESC LIMIT ?,? 
2019-12-02 15:03:08.837 DEBUG --- [BaseJdbcLogger.java:159][http-nio-8088-exec-6] - ==> Parameters: 1(Long), 0(Integer), 15(Integer)
2019-12-02 15:03:09.208 DEBUG --- [BaseJdbcLogger.java:159][http-nio-8088-exec-6] - <==      Total: 15
2019-12-02 15:03:09.229 DEBUG --- [BaseJdbcLogger.java:159][http-nio-8088-exec-5] - <==      Total: 1
2019-12-02 15:03:14.777 DEBUG --- [BaseJdbcLogger.java:159][http-nio-8088-exec-7] - ==>  Preparing: select * from user_profile u where u.acc_name = ? 
2019-12-02 15:03:14.778 DEBUG --- [BaseJdbcLogger.java:159][http-nio-8088-exec-7] - ==> Parameters: zhudingju(String)
2019-12-02 15:03:14.833 DEBUG --- [BaseJdbcLogger.java:159][http-nio-8088-exec-7] - <==      Total: 1
2019-12-02 15:03:14.838 DEBUG --- [BaseJdbcLogger.java:159][http-nio-8088-exec-7] - ==>  Preparing: SELECT * from teacher_profile where id = ? 
2019-12-02 15:03:14.839 DEBUG --- [BaseJdbcLogger.java:159][http-nio-8088-exec-7] - ==> Parameters: 124(String)
2019-12-02 15:03:14.840 DEBUG --- [BaseJdbcLogger.java:159][http-nio-8088-exec-7] - <==      Total: 1
2019-12-02 15:03:14.843 DEBUG --- [BaseJdbcLogger.java:159][http-nio-8088-exec-7] - ==>  Preparing: SELECT keywords from persona_user_local where user_id = ? 
2019-12-02 15:03:14.843 DEBUG --- [BaseJdbcLogger.java:159][http-nio-8088-exec-7] - ==> Parameters: 124(String)
2019-12-02 15:03:14.887 DEBUG --- [BaseJdbcLogger.java:159][http-nio-8088-exec-7] - <==      Total: 1
2019-12-02 15:03:14.887 DEBUG --- [BaseJdbcLogger.java:159][http-nio-8088-exec-7] - ==>  Preparing: SELECT paper_keywords,intro_keywords from persona_user_scholat where scholat_username = ? 
2019-12-02 15:03:14.888 DEBUG --- [BaseJdbcLogger.java:159][http-nio-8088-exec-7] - ==> Parameters: zhudingju(String)
2019-12-02 15:03:16.204 DEBUG --- [BaseJdbcLogger.java:159][http-nio-8088-exec-7] - <==      Total: 1
2019-12-02 15:03:17.909 DEBUG --- [BaseJdbcLogger.java:159][http-nio-8088-exec-9] - ==>  Preparing: select acc_id from user_profile where acc_name = ? 
2019-12-02 15:03:17.910 DEBUG --- [BaseJdbcLogger.java:159][http-nio-8088-exec-9] - ==> Parameters: zhudingju(String)
2019-12-02 15:03:17.960 DEBUG --- [BaseJdbcLogger.java:159][http-nio-8088-exec-9] - <==      Total: 1
2019-12-02 15:03:17.961 DEBUG --- [BaseJdbcLogger.java:159][http-nio-8088-exec-9] - ==>  Preparing: select u.acc_name scholat_username, u.chinese_name chinese_name, u.degree degree, u.work_unit work_unit, u.address address, u.scholar_title scholat_title, u.scholar_field scholat_field, u.picture_url picture_url, u.work_email email from user_profile u join (select user2 friends from friends_relation where user1 = ? union select user1 from friends_relation where user2 = ?) as a on a.friends = u.acc_id 
2019-12-02 15:03:17.962 DEBUG --- [BaseJdbcLogger.java:159][http-nio-8088-exec-9] - ==> Parameters: 2015(Long), 2015(Long)
2019-12-02 15:03:19.273 DEBUG --- [BaseJdbcLogger.java:159][http-nio-8088-exec-9] - <==      Total: 224
2019-12-02 15:03:19.274 DEBUG --- [BaseJdbcLogger.java:159][http-nio-8088-exec-9] - ==>  Preparing: select u.acc_name scholat_username, u.chinese_name chinese_name, u.degree degree, u.work_unit work_unit, u.address address, u.scholar_title scholat_title, u.scholar_field scholat_field, u.picture_url picture_url, u.work_email email from user_profile u join (select user2 fans from friends_relation where user1 = ? union select user1 from friends_relation where user2 = ? union SELECT sender fans from pending_request where receiver=? ) as a on a.fans = u.acc_id 
2019-12-02 15:03:19.274 DEBUG --- [BaseJdbcLogger.java:159][http-nio-8088-exec-9] - ==> Parameters: 2015(Long), 2015(Long), 2015(Long)
2019-12-02 15:03:19.656 DEBUG --- [BaseJdbcLogger.java:159][http-nio-8088-exec-9] - <==      Total: 278
2019-12-02 15:03:19.657 DEBUG --- [BaseJdbcLogger.java:159][http-nio-8088-exec-9] - ==>  Preparing: select u.acc_name scholat_username, u.chinese_name chinese_name, u.degree degree, u.work_unit work_unit, u.address address, u.scholar_title scholat_title, u.scholar_field scholat_field, u.picture_url picture_url, u.work_email email from user_profile u join (select user2 fans from friends_relation where user1 = ? union select user1 from friends_relation where user2 = ? union SELECT receiver fans from pending_request where sender=? ) as a on a.fans = u.acc_id 
2019-12-02 15:03:19.657 DEBUG --- [BaseJdbcLogger.java:159][http-nio-8088-exec-9] - ==> Parameters: 2015(Long), 2015(Long), 2015(Long)
2019-12-02 15:03:19.721 DEBUG --- [BaseJdbcLogger.java:159][http-nio-8088-exec-9] - <==      Total: 299
2019-12-02 15:30:27.649 DEBUG --- [BaseJdbcLogger.java:159][http-nio-8088-exec-1] - ==>  Preparing: SELECT k.id userId, k.nickname nickname, k.username username, k.role_id roleId, k.unit_id unitId, k.role_name roleName, p.menu_code menuCode, p.permission_code permissionCode FROM(select a.*,substring_index(substring_index(a.permission_ids,',',b.help_topic_id+1),',',-1) pId from (SELECT t.*,sys_role.role_name,sys_role.permission_ids FROM(SELECT u.id, u.nickname, u.username, u.role_id, u.unit_id FROM unit_profile u WHERE u.username = ? AND u.state = '1')t LEFT JOIN sys_role ON t.role_id = sys_role.id) a join mysql.help_topic b on b.help_topic_id < (length(a.permission_ids) - length(replace(a.permission_ids,',',''))+1)) k LEFT JOIN sys_permission p ON k.pId = p.id 
2019-12-02 15:30:27.665 DEBUG --- [BaseJdbcLogger.java:159][http-nio-8088-exec-1] - ==> Parameters: scnu(String)
2019-12-02 15:30:28.760 DEBUG --- [BaseJdbcLogger.java:159][http-nio-8088-exec-1] - <==      Total: 11
2019-12-02 15:30:28.965 DEBUG --- [BaseJdbcLogger.java:159][http-nio-8088-exec-10] - ==>  Preparing: select * from user_profile u where u.acc_name = ? 
2019-12-02 15:30:28.967 DEBUG --- [BaseJdbcLogger.java:159][http-nio-8088-exec-10] - ==> Parameters: zhudingju(String)
2019-12-02 15:30:29.139 DEBUG --- [BaseJdbcLogger.java:159][http-nio-8088-exec-10] - <==      Total: 1
2019-12-02 15:30:29.140 DEBUG --- [BaseJdbcLogger.java:159][http-nio-8088-exec-10] - ==>  Preparing: SELECT * from teacher_profile where id = ? 
2019-12-02 15:30:29.140 DEBUG --- [BaseJdbcLogger.java:159][http-nio-8088-exec-10] - ==> Parameters: 124(String)
2019-12-02 15:30:29.288 DEBUG --- [BaseJdbcLogger.java:159][http-nio-8088-exec-10] - <==      Total: 1
2019-12-02 15:30:29.291 DEBUG --- [BaseJdbcLogger.java:159][http-nio-8088-exec-10] - ==>  Preparing: SELECT keywords from persona_user_local where user_id = ? 
2019-12-02 15:30:29.292 DEBUG --- [BaseJdbcLogger.java:159][http-nio-8088-exec-10] - ==> Parameters: 124(String)
2019-12-02 15:30:29.442 DEBUG --- [BaseJdbcLogger.java:159][http-nio-8088-exec-10] - <==      Total: 1
2019-12-02 15:30:29.444 DEBUG --- [BaseJdbcLogger.java:159][http-nio-8088-exec-10] - ==>  Preparing: SELECT paper_keywords,intro_keywords from persona_user_scholat where scholat_username = ? 
2019-12-02 15:30:29.445 DEBUG --- [BaseJdbcLogger.java:159][http-nio-8088-exec-10] - ==> Parameters: zhudingju(String)
2019-12-02 15:30:29.836 DEBUG --- [BaseJdbcLogger.java:159][http-nio-8088-exec-10] - <==      Total: 1
2019-12-02 15:30:32.073 DEBUG --- [BaseJdbcLogger.java:159][http-nio-8088-exec-8] - ==>  Preparing: select acc_id from user_profile where acc_name = ? 
2019-12-02 15:30:32.073 DEBUG --- [BaseJdbcLogger.java:159][http-nio-8088-exec-8] - ==> Parameters: zhudingju(String)
2019-12-02 15:30:32.118 DEBUG --- [BaseJdbcLogger.java:159][http-nio-8088-exec-8] - <==      Total: 1
2019-12-02 15:30:32.119 DEBUG --- [BaseJdbcLogger.java:159][http-nio-8088-exec-8] - ==>  Preparing: select u.acc_name scholat_username, u.chinese_name chinese_name, u.degree degree, u.work_unit work_unit, u.address address, u.scholar_title scholat_title, u.scholar_field scholat_field, u.picture_url picture_url, u.work_email email from user_profile u join (select user2 friends from friends_relation where user1 = ? union select user1 from friends_relation where user2 = ?) as a on a.friends = u.acc_id 
2019-12-02 15:30:32.119 DEBUG --- [BaseJdbcLogger.java:159][http-nio-8088-exec-8] - ==> Parameters: 2015(Long), 2015(Long)
2019-12-02 15:30:33.405 DEBUG --- [BaseJdbcLogger.java:159][http-nio-8088-exec-8] - <==      Total: 224
2019-12-02 15:30:33.406 DEBUG --- [BaseJdbcLogger.java:159][http-nio-8088-exec-8] - ==>  Preparing: select u.acc_name scholat_username, u.chinese_name chinese_name, u.degree degree, u.work_unit work_unit, u.address address, u.scholar_title scholat_title, u.scholar_field scholat_field, u.picture_url picture_url, u.work_email email from user_profile u join (select user2 fans from friends_relation where user1 = ? union select user1 from friends_relation where user2 = ? union SELECT sender fans from pending_request where receiver=? ) as a on a.fans = u.acc_id 
2019-12-02 15:30:33.407 DEBUG --- [BaseJdbcLogger.java:159][http-nio-8088-exec-8] - ==> Parameters: 2015(Long), 2015(Long), 2015(Long)
2019-12-02 15:30:33.698 DEBUG --- [BaseJdbcLogger.java:159][http-nio-8088-exec-8] - <==      Total: 278
2019-12-02 15:30:33.700 DEBUG --- [BaseJdbcLogger.java:159][http-nio-8088-exec-8] - ==>  Preparing: select u.acc_name scholat_username, u.chinese_name chinese_name, u.degree degree, u.work_unit work_unit, u.address address, u.scholar_title scholat_title, u.scholar_field scholat_field, u.picture_url picture_url, u.work_email email from user_profile u join (select user2 fans from friends_relation where user1 = ? union select user1 from friends_relation where user2 = ? union SELECT receiver fans from pending_request where sender=? ) as a on a.fans = u.acc_id 
2019-12-02 15:30:33.700 DEBUG --- [BaseJdbcLogger.java:159][http-nio-8088-exec-8] - ==> Parameters: 2015(Long), 2015(Long), 2015(Long)
2019-12-02 15:30:34.009 DEBUG --- [BaseJdbcLogger.java:159][http-nio-8088-exec-8] - <==      Total: 299
2019-12-02 17:00:02.835 DEBUG --- [BaseJdbcLogger.java:159][http-nio-8088-exec-2] - ==>  Preparing: SELECT u.school_name schoolName, u.unit_name unitName, u.school_eng schoolEng, u.unit_eng unitEng, u.college_url collegeUrl, u.logo_url logoUrl, u.state state, u.background_url backgroundUrl FROM school_unit u WHERE u.id = ? 
2019-12-02 17:00:02.851 DEBUG --- [BaseJdbcLogger.java:159][http-nio-8088-exec-2] - ==> Parameters: null
2019-12-02 17:00:04.464 DEBUG --- [BaseJdbcLogger.java:159][http-nio-8088-exec-2] - <==      Total: 0
2019-12-02 17:00:07.901 DEBUG --- [BaseJdbcLogger.java:159][http-nio-8088-exec-6] - ==>  Preparing: SELECT u.school_name schoolName, u.unit_name unitName, u.school_eng schoolEng, u.unit_eng unitEng, u.college_url collegeUrl, u.logo_url logoUrl, u.state state, u.background_url backgroundUrl FROM school_unit u WHERE u.id = ? 
2019-12-02 17:00:07.901 DEBUG --- [BaseJdbcLogger.java:159][http-nio-8088-exec-6] - ==> Parameters: null
2019-12-02 17:00:07.902 DEBUG --- [BaseJdbcLogger.java:159][http-nio-8088-exec-6] - <==      Total: 0
2019-12-02 17:00:18.796 DEBUG --- [BaseJdbcLogger.java:159][http-nio-8088-exec-5] - ==>  Preparing: SELECT u.user_id userId, u.username username, u.password password, u.role role FROM login u WHERE u.username = ? AND u.password = ? AND u.state = '1' AND u.role = ? 
2019-12-02 17:00:18.804 DEBUG --- [BaseJdbcLogger.java:159][http-nio-8088-exec-5] - ==> Parameters: scnu(String), 1cd61bb103149a08c529c96a31effae2(String), unit(String)
2019-12-02 17:00:18.991 DEBUG --- [BaseJdbcLogger.java:159][http-nio-8088-exec-5] - <==      Total: 1
2019-12-02 17:00:19.061 DEBUG --- [BaseJdbcLogger.java:159][http-nio-8088-exec-7] - ==>  Preparing: SELECT k.id userId, k.nickname nickname, k.username username, k.role_id roleId, k.unit_id unitId, k.role_name roleName, p.menu_code menuCode, p.permission_code permissionCode FROM(select a.*,substring_index(substring_index(a.permission_ids,',',b.help_topic_id+1),',',-1) pId from (SELECT t.*,sys_role.role_name,sys_role.permission_ids FROM(SELECT u.id, u.nickname, u.username, u.role_id, u.unit_id FROM unit_profile u WHERE u.username = ? AND u.state = '1')t LEFT JOIN sys_role ON t.role_id = sys_role.id) a join mysql.help_topic b on b.help_topic_id < (length(a.permission_ids) - length(replace(a.permission_ids,',',''))+1)) k LEFT JOIN sys_permission p ON k.pId = p.id 
2019-12-02 17:00:19.065 DEBUG --- [BaseJdbcLogger.java:159][http-nio-8088-exec-7] - ==> Parameters: scnu(String)
2019-12-02 17:00:19.332 DEBUG --- [BaseJdbcLogger.java:159][http-nio-8088-exec-7] - <==      Total: 11
2019-12-02 17:00:20.091 INFO  --- [UserRealm.java:50][http-nio-8088-exec-9] - permission的值为:{"menuList":["teacher","role","user"],"roleId":1,"nickname":"asd","roleName":"高级管理员","unitId":1,"permissionList":["user:list","user:add","role:update","teacher:list","teacher:update","role:list","teacher:add","user:update","role:delete","role:add","teacher:delete"],"userId":1,"username":"scnu"}
2019-12-02 17:00:20.096 INFO  --- [UserRealm.java:51][http-nio-8088-exec-9] - 本用户权限为:[user:list, user:add, role:update, teacher:list, teacher:update, role:list, teacher:add, user:update, role:delete, role:add, teacher:delete]
2019-12-02 17:00:20.104 DEBUG --- [BaseJdbcLogger.java:159][http-nio-8088-exec-9] - ==>  Preparing: SELECT count(0) FROM teacher_profile t WHERE t.state = '1' AND t.unit_id = ? 
2019-12-02 17:00:20.106 DEBUG --- [BaseJdbcLogger.java:159][http-nio-8088-exec-9] - ==> Parameters: 1(Long)
2019-12-02 17:00:21.352 DEBUG --- [BaseJdbcLogger.java:159][http-nio-8088-exec-9] - <==      Total: 1
2019-12-02 17:00:21.353 DEBUG --- [BaseJdbcLogger.java:159][http-nio-8088-exec-9] - ==>  Preparing: select t.id id, t.username name, t.email email, t.avatar avatar, t.state state, t.views views, t.post post, t.scholat_username scholat_username, date_format(t.update_time, '%Y.%m.%d %T') update_time, date_format(t.create_time, '%Y.%m.%d %T') create_time FROM teacher_profile t WHERE t.unit_id = ? ORDER BY update_time desc LIMIT ?,? 
2019-12-02 17:00:21.355 DEBUG --- [BaseJdbcLogger.java:159][http-nio-8088-exec-9] - ==> Parameters: 1(Long), 0(Integer), 10(Integer)
2019-12-02 17:00:21.874 DEBUG --- [BaseJdbcLogger.java:159][http-nio-8088-exec-9] - <==      Total: 10
2019-12-02 17:00:25.596 DEBUG --- [BaseJdbcLogger.java:159][http-nio-8088-exec-1] - ==>  Preparing: SELECT k.id userId, k.nickname nickname, k.username username, k.role_id roleId, k.unit_id unitId, k.role_name roleName, p.menu_code menuCode, p.permission_code permissionCode FROM(select a.*,substring_index(substring_index(a.permission_ids,',',b.help_topic_id+1),',',-1) pId from (SELECT t.*,sys_role.role_name,sys_role.permission_ids FROM(SELECT u.id, u.nickname, u.username, u.role_id, u.unit_id FROM unit_profile u WHERE u.username = ? AND u.state = '1')t LEFT JOIN sys_role ON t.role_id = sys_role.id) a join mysql.help_topic b on b.help_topic_id < (length(a.permission_ids) - length(replace(a.permission_ids,',',''))+1)) k LEFT JOIN sys_permission p ON k.pId = p.id 
2019-12-02 17:00:25.597 DEBUG --- [BaseJdbcLogger.java:159][http-nio-8088-exec-1] - ==> Parameters: scnu(String)
2019-12-02 17:00:25.599 DEBUG --- [BaseJdbcLogger.java:159][http-nio-8088-exec-1] - <==      Total: 11
2019-12-02 17:00:25.722 DEBUG --- [BaseJdbcLogger.java:159][http-nio-8088-exec-10] - ==>  Preparing: SELECT u.school_name schoolName, u.unit_name unitName, u.school_eng schoolEng, u.unit_eng unitEng, u.college_url collegeUrl, u.logo_url logoUrl, u.state state, u.background_url backgroundUrl FROM school_unit u WHERE u.id = (SELECT t.unit_id FROM teacher_profile t WHERE t.id = ?) 
2019-12-02 17:00:25.723 DEBUG --- [BaseJdbcLogger.java:159][http-nio-8088-exec-10] - ==> Parameters: 124(String)
2019-12-02 17:00:25.743 DEBUG --- [BaseJdbcLogger.java:159][http-nio-8088-exec-8] - ==>  Preparing: select * from teacher_profile u where u.id=? 
2019-12-02 17:00:25.749 DEBUG --- [BaseJdbcLogger.java:159][http-nio-8088-exec-8] - ==> Parameters: 124(Long)
2019-12-02 17:00:25.750 DEBUG --- [BaseJdbcLogger.java:159][http-nio-8088-exec-3] - ==>  Preparing: SELECT count(0) FROM teacher_profile t WHERE t.state = '1' AND t.unit_id = ? 
2019-12-02 17:00:25.750 DEBUG --- [BaseJdbcLogger.java:159][http-nio-8088-exec-3] - ==> Parameters: 1(Long)
2019-12-02 17:00:25.806 DEBUG --- [BaseJdbcLogger.java:159][http-nio-8088-exec-3] - <==      Total: 1
2019-12-02 17:00:25.806 DEBUG --- [BaseJdbcLogger.java:159][http-nio-8088-exec-10] - <==      Total: 1
2019-12-02 17:00:25.806 DEBUG --- [BaseJdbcLogger.java:159][http-nio-8088-exec-3] - ==>  Preparing: SELECT t.id tId, t.username tName, t.post tPost, t.avatar tAvatar, t.email tEmail, t.department_name tDepartment_name, t.work_place tWork_place, t.degree tDegree FROM teacher_profile t WHERE t.state = '1' AND t.unit_id = ? ORDER BY t.seq, update_time DESC LIMIT ?,? 
2019-12-02 17:00:25.807 DEBUG --- [BaseJdbcLogger.java:159][http-nio-8088-exec-3] - ==> Parameters: 1(Long), 0(Integer), 15(Integer)
2019-12-02 17:00:25.953 DEBUG --- [BaseJdbcLogger.java:159][http-nio-8088-exec-8] - <==      Total: 1
2019-12-02 17:00:26.505 DEBUG --- [BaseJdbcLogger.java:159][http-nio-8088-exec-3] - <==      Total: 15
2019-12-02 17:00:29.409 DEBUG --- [BaseJdbcLogger.java:159][http-nio-8088-exec-4] - ==>  Preparing: select * from user_profile u where u.acc_name = ? 
2019-12-02 17:00:29.409 DEBUG --- [BaseJdbcLogger.java:159][http-nio-8088-exec-4] - ==> Parameters: zhudingju(String)
2019-12-02 17:00:30.399 DEBUG --- [BaseJdbcLogger.java:159][http-nio-8088-exec-4] - <==      Total: 1
2019-12-02 17:00:30.400 DEBUG --- [BaseJdbcLogger.java:159][http-nio-8088-exec-4] - ==>  Preparing: SELECT * from teacher_profile where id = ? 
2019-12-02 17:00:30.400 DEBUG --- [BaseJdbcLogger.java:159][http-nio-8088-exec-4] - ==> Parameters: 124(String)
2019-12-02 17:00:30.401 DEBUG --- [BaseJdbcLogger.java:159][http-nio-8088-exec-4] - <==      Total: 1
2019-12-02 17:00:30.402 DEBUG --- [BaseJdbcLogger.java:159][http-nio-8088-exec-4] - ==>  Preparing: SELECT keywords from persona_user_local where user_id = ? 
2019-12-02 17:00:30.402 DEBUG --- [BaseJdbcLogger.java:159][http-nio-8088-exec-4] - ==> Parameters: 124(String)
2019-12-02 17:00:30.532 DEBUG --- [BaseJdbcLogger.java:159][http-nio-8088-exec-4] - <==      Total: 1
2019-12-02 17:00:30.532 DEBUG --- [BaseJdbcLogger.java:159][http-nio-8088-exec-4] - ==>  Preparing: SELECT paper_keywords,intro_keywords from persona_user_scholat where scholat_username = ? 
2019-12-02 17:00:30.532 DEBUG --- [BaseJdbcLogger.java:159][http-nio-8088-exec-4] - ==> Parameters: zhudingju(String)
2019-12-02 17:00:31.774 DEBUG --- [BaseJdbcLogger.java:159][http-nio-8088-exec-4] - <==      Total: 1
2019-12-02 17:00:34.115 DEBUG --- [BaseJdbcLogger.java:159][http-nio-8088-exec-2] - ==>  Preparing: select acc_id from user_profile where acc_name = ? 
2019-12-02 17:00:34.116 DEBUG --- [BaseJdbcLogger.java:159][http-nio-8088-exec-2] - ==> Parameters: zhudingju(String)
2019-12-02 17:00:34.125 DEBUG --- [BaseJdbcLogger.java:159][http-nio-8088-exec-2] - <==      Total: 1
2019-12-02 17:00:34.126 DEBUG --- [BaseJdbcLogger.java:159][http-nio-8088-exec-2] - ==>  Preparing: select u.acc_name scholat_username, u.chinese_name chinese_name, u.degree degree, u.work_unit work_unit, u.address address, u.scholar_title scholat_title, u.scholar_field scholat_field, u.picture_url picture_url, u.work_email email from user_profile u join (select user2 friends from friends_relation where user1 = ? union select user1 from friends_relation where user2 = ?) as a on a.friends = u.acc_id 
2019-12-02 17:00:34.127 DEBUG --- [BaseJdbcLogger.java:159][http-nio-8088-exec-2] - ==> Parameters: 2015(Long), 2015(Long)
2019-12-02 17:00:35.358 DEBUG --- [BaseJdbcLogger.java:159][http-nio-8088-exec-2] - <==      Total: 224
2019-12-02 17:00:35.359 DEBUG --- [BaseJdbcLogger.java:159][http-nio-8088-exec-2] - ==>  Preparing: select u.acc_name scholat_username, u.chinese_name chinese_name, u.degree degree, u.work_unit work_unit, u.address address, u.scholar_title scholat_title, u.scholar_field scholat_field, u.picture_url picture_url, u.work_email email from user_profile u join (select user2 fans from friends_relation where user1 = ? union select user1 from friends_relation where user2 = ? union SELECT sender fans from pending_request where receiver=? ) as a on a.fans = u.acc_id 
2019-12-02 17:00:35.360 DEBUG --- [BaseJdbcLogger.java:159][http-nio-8088-exec-2] - ==> Parameters: 2015(Long), 2015(Long), 2015(Long)
2019-12-02 17:00:35.426 DEBUG --- [BaseJdbcLogger.java:159][http-nio-8088-exec-2] - <==      Total: 278
2019-12-02 17:00:35.426 DEBUG --- [BaseJdbcLogger.java:159][http-nio-8088-exec-2] - ==>  Preparing: select u.acc_name scholat_username, u.chinese_name chinese_name, u.degree degree, u.work_unit work_unit, u.address address, u.scholar_title scholat_title, u.scholar_field scholat_field, u.picture_url picture_url, u.work_email email from user_profile u join (select user2 fans from friends_relation where user1 = ? union select user1 from friends_relation where user2 = ? union SELECT receiver fans from pending_request where sender=? ) as a on a.fans = u.acc_id 
2019-12-02 17:00:35.427 DEBUG --- [BaseJdbcLogger.java:159][http-nio-8088-exec-2] - ==> Parameters: 2015(Long), 2015(Long), 2015(Long)
2019-12-02 17:00:35.453 DEBUG --- [BaseJdbcLogger.java:159][http-nio-8088-exec-2] - <==      Total: 299
2019-12-02 17:02:20.284 DEBUG --- [BaseJdbcLogger.java:159][http-nio-8088-exec-6] - ==>  Preparing: SELECT k.id userId, k.nickname nickname, k.username username, k.role_id roleId, k.unit_id unitId, k.role_name roleName, p.menu_code menuCode, p.permission_code permissionCode FROM(select a.*,substring_index(substring_index(a.permission_ids,',',b.help_topic_id+1),',',-1) pId from (SELECT t.*,sys_role.role_name,sys_role.permission_ids FROM(SELECT u.id, u.nickname, u.username, u.role_id, u.unit_id FROM unit_profile u WHERE u.username = ? AND u.state = '1')t LEFT JOIN sys_role ON t.role_id = sys_role.id) a join mysql.help_topic b on b.help_topic_id < (length(a.permission_ids) - length(replace(a.permission_ids,',',''))+1)) k LEFT JOIN sys_permission p ON k.pId = p.id 
2019-12-02 17:02:20.284 DEBUG --- [BaseJdbcLogger.java:159][http-nio-8088-exec-6] - ==> Parameters: scnu(String)
2019-12-02 17:02:20.409 DEBUG --- [BaseJdbcLogger.java:159][http-nio-8088-exec-6] - <==      Total: 11
2019-12-02 17:02:20.607 DEBUG --- [BaseJdbcLogger.java:159][http-nio-8088-exec-5] - ==>  Preparing: select * from user_profile u where u.acc_name = ? 
2019-12-02 17:02:20.607 DEBUG --- [BaseJdbcLogger.java:159][http-nio-8088-exec-5] - ==> Parameters: zhudingju(String)
2019-12-02 17:02:20.735 DEBUG --- [BaseJdbcLogger.java:159][http-nio-8088-exec-5] - <==      Total: 1
2019-12-02 17:02:20.736 DEBUG --- [BaseJdbcLogger.java:159][http-nio-8088-exec-5] - ==>  Preparing: SELECT * from teacher_profile where id = ? 
2019-12-02 17:02:20.737 DEBUG --- [BaseJdbcLogger.java:159][http-nio-8088-exec-5] - ==> Parameters: 124(String)
2019-12-02 17:02:20.941 DEBUG --- [BaseJdbcLogger.java:159][http-nio-8088-exec-5] - <==      Total: 1
2019-12-02 17:02:20.942 DEBUG --- [BaseJdbcLogger.java:159][http-nio-8088-exec-5] - ==>  Preparing: SELECT keywords from persona_user_local where user_id = ? 
2019-12-02 17:02:20.943 DEBUG --- [BaseJdbcLogger.java:159][http-nio-8088-exec-5] - ==> Parameters: 124(String)
2019-12-02 17:02:20.953 DEBUG --- [BaseJdbcLogger.java:159][http-nio-8088-exec-5] - <==      Total: 1
2019-12-02 17:02:20.954 DEBUG --- [BaseJdbcLogger.java:159][http-nio-8088-exec-5] - ==>  Preparing: SELECT paper_keywords,intro_keywords from persona_user_scholat where scholat_username = ? 
2019-12-02 17:02:20.954 DEBUG --- [BaseJdbcLogger.java:159][http-nio-8088-exec-5] - ==> Parameters: zhudingju(String)
2019-12-02 17:02:21.027 DEBUG --- [BaseJdbcLogger.java:159][http-nio-8088-exec-5] - <==      Total: 1
2019-12-02 17:02:25.445 DEBUG --- [BaseJdbcLogger.java:159][http-nio-8088-exec-7] - ==>  Preparing: select acc_id from user_profile where acc_name = ? 
2019-12-02 17:02:25.445 DEBUG --- [BaseJdbcLogger.java:159][http-nio-8088-exec-7] - ==> Parameters: zhudingju(String)
2019-12-02 17:02:25.544 DEBUG --- [BaseJdbcLogger.java:159][http-nio-8088-exec-7] - <==      Total: 1
2019-12-02 17:02:25.547 DEBUG --- [BaseJdbcLogger.java:159][http-nio-8088-exec-7] - ==>  Preparing: select u.acc_name scholat_username, u.chinese_name chinese_name, u.degree degree, u.work_unit work_unit, u.address address, u.scholar_title scholat_title, u.scholar_field scholat_field, u.picture_url picture_url, u.work_email email from user_profile u join (select user2 friends from friends_relation where user1 = ? union select user1 from friends_relation where user2 = ?) as a on a.friends = u.acc_id 
2019-12-02 17:02:25.548 DEBUG --- [BaseJdbcLogger.java:159][http-nio-8088-exec-7] - ==> Parameters: 2015(Long), 2015(Long)
2019-12-02 17:02:26.107 DEBUG --- [BaseJdbcLogger.java:159][http-nio-8088-exec-7] - <==      Total: 224
2019-12-02 17:02:26.108 DEBUG --- [BaseJdbcLogger.java:159][http-nio-8088-exec-7] - ==>  Preparing: select u.acc_name scholat_username, u.chinese_name chinese_name, u.degree degree, u.work_unit work_unit, u.address address, u.scholar_title scholat_title, u.scholar_field scholat_field, u.picture_url picture_url, u.work_email email from user_profile u join (select user2 fans from friends_relation where user1 = ? union select user1 from friends_relation where user2 = ? union SELECT sender fans from pending_request where receiver=? ) as a on a.fans = u.acc_id 
2019-12-02 17:02:26.109 DEBUG --- [BaseJdbcLogger.java:159][http-nio-8088-exec-7] - ==> Parameters: 2015(Long), 2015(Long), 2015(Long)
2019-12-02 17:02:26.655 DEBUG --- [BaseJdbcLogger.java:159][http-nio-8088-exec-7] - <==      Total: 278
2019-12-02 17:02:26.656 DEBUG --- [BaseJdbcLogger.java:159][http-nio-8088-exec-7] - ==>  Preparing: select u.acc_name scholat_username, u.chinese_name chinese_name, u.degree degree, u.work_unit work_unit, u.address address, u.scholar_title scholat_title, u.scholar_field scholat_field, u.picture_url picture_url, u.work_email email from user_profile u join (select user2 fans from friends_relation where user1 = ? union select user1 from friends_relation where user2 = ? union SELECT receiver fans from pending_request where sender=? ) as a on a.fans = u.acc_id 
2019-12-02 17:02:26.657 DEBUG --- [BaseJdbcLogger.java:159][http-nio-8088-exec-7] - ==> Parameters: 2015(Long), 2015(Long), 2015(Long)
2019-12-02 17:02:26.749 DEBUG --- [BaseJdbcLogger.java:159][http-nio-8088-exec-7] - <==      Total: 299
2019-12-02 17:31:16.058 INFO  --- [HikariDataSource.java:350][Thread-65] - HikariPool-7 - Shutdown initiated...
2019-12-02 17:31:16.096 INFO  --- [HikariDataSource.java:352][Thread-65] - HikariPool-7 - Shutdown completed.
2019-12-02 17:31:22.551 INFO  --- [StartupInfoLogger.java:50][restartedMain] - Starting MyApplication on AchunOrigin-2.local with PID 52393 (/Users/achunorigin/project/A_Postgraduate/persona-teacher/persona-teacherHome-back/target/classes started by achunorigin in /Users/achunorigin/project/A_Postgraduate/persona-teacher/persona-teacherHome-back)
2019-12-02 17:31:22.553 INFO  --- [SpringApplication.java:675][restartedMain] - No active profile set, falling back to default profiles: default
2019-12-02 17:31:25.926 WARN  --- [AbstractApplicationContext.java:554][restartedMain] - Exception encountered during context initialization - cancelling refresh attempt: org.springframework.beans.factory.UnsatisfiedDependencyException: Error creating bean with name 'catalogueController': Unsatisfied dependency expressed through field 'catalogueService'; nested exception is org.springframework.beans.factory.NoSuchBeanDefinitionException: No qualifying bean of type 'com.teacher.scholat.service.CatalogueService' available: expected at least 1 bean which qualifies as autowire candidate. Dependency annotations: {@org.springframework.beans.factory.annotation.Autowired(required=true)}
2019-12-02 17:31:26.365 ERROR --- [SpringApplication.java:858][restartedMain] - Application run failed
org.springframework.beans.factory.UnsatisfiedDependencyException: Error creating bean with name 'catalogueController': Unsatisfied dependency expressed through field 'catalogueService'; nested exception is org.springframework.beans.factory.NoSuchBeanDefinitionException: No qualifying bean of type 'com.teacher.scholat.service.CatalogueService' available: expected at least 1 bean which qualifies as autowire candidate. Dependency annotations: {@org.springframework.beans.factory.annotation.Autowired(required=true)}
	at org.springframework.beans.factory.annotation.AutowiredAnnotationBeanPostProcessor$AutowiredFieldElement.inject(AutowiredAnnotationBeanPostProcessor.java:596)
	at org.springframework.beans.factory.annotation.InjectionMetadata.inject(InjectionMetadata.java:90)
	at org.springframework.beans.factory.annotation.AutowiredAnnotationBeanPostProcessor.postProcessProperties(AutowiredAnnotationBeanPostProcessor.java:374)
	at org.springframework.beans.factory.support.AbstractAutowireCapableBeanFactory.populateBean(AbstractAutowireCapableBeanFactory.java:1378)
	at org.springframework.beans.factory.support.AbstractAutowireCapableBeanFactory.doCreateBean(AbstractAutowireCapableBeanFactory.java:575)
	at org.springframework.beans.factory.support.AbstractAutowireCapableBeanFactory.createBean(AbstractAutowireCapableBeanFactory.java:498)
	at org.springframework.beans.factory.support.AbstractBeanFactory.lambda$doGetBean$0(AbstractBeanFactory.java:320)
	at org.springframework.beans.factory.support.DefaultSingletonBeanRegistry.getSingleton(DefaultSingletonBeanRegistry.java:222)
	at org.springframework.beans.factory.support.AbstractBeanFactory.doGetBean(AbstractBeanFactory.java:318)
	at org.springframework.beans.factory.support.AbstractBeanFactory.getBean(AbstractBeanFactory.java:199)
	at org.springframework.beans.factory.support.DefaultListableBeanFactory.preInstantiateSingletons(DefaultListableBeanFactory.java:846)
	at org.springframework.context.support.AbstractApplicationContext.finishBeanFactoryInitialization(AbstractApplicationContext.java:863)
	at org.springframework.context.support.AbstractApplicationContext.refresh(AbstractApplicationContext.java:546)
	at org.springframework.boot.web.servlet.context.ServletWebServerApplicationContext.refresh(ServletWebServerApplicationContext.java:140)
	at org.springframework.boot.SpringApplication.refresh(SpringApplication.java:775)
	at org.springframework.boot.SpringApplication.refreshContext(SpringApplication.java:397)
	at org.springframework.boot.SpringApplication.run(SpringApplication.java:316)
	at com.teacher.scholat.MyApplication.main(MyApplication.java:22)
	at sun.reflect.NativeMethodAccessorImpl.invoke0(Native Method)
	at sun.reflect.NativeMethodAccessorImpl.invoke(NativeMethodAccessorImpl.java:62)
	at sun.reflect.DelegatingMethodAccessorImpl.invoke(DelegatingMethodAccessorImpl.java:43)
	at java.lang.reflect.Method.invoke(Method.java:498)
	at org.springframework.boot.devtools.restart.RestartLauncher.run(RestartLauncher.java:49)
Caused by: org.springframework.beans.factory.NoSuchBeanDefinitionException: No qualifying bean of type 'com.teacher.scholat.service.CatalogueService' available: expected at least 1 bean which qualifies as autowire candidate. Dependency annotations: {@org.springframework.beans.factory.annotation.Autowired(required=true)}
	at org.springframework.beans.factory.support.DefaultListableBeanFactory.raiseNoMatchingBeanFound(DefaultListableBeanFactory.java:1646)
	at org.springframework.beans.factory.support.DefaultListableBeanFactory.doResolveDependency(DefaultListableBeanFactory.java:1205)
	at org.springframework.beans.factory.support.DefaultListableBeanFactory.resolveDependency(DefaultListableBeanFactory.java:1166)
	at org.springframework.beans.factory.annotation.AutowiredAnnotationBeanPostProcessor$AutowiredFieldElement.inject(AutowiredAnnotationBeanPostProcessor.java:593)
	... 22 common frames omitted
2019-12-02 17:32:04.150 INFO  --- [StartupInfoLogger.java:50][restartedMain] - Starting MyApplication on AchunOrigin-2.local with PID 75661 (/Users/achunorigin/project/A_Postgraduate/persona-teacher/persona-teacherHome-back/target/classes started by achunorigin in /Users/achunorigin/project/A_Postgraduate/persona-teacher/persona-teacherHome-back)
2019-12-02 17:32:04.158 INFO  --- [SpringApplication.java:675][restartedMain] - No active profile set, falling back to default profiles: default
2019-12-02 17:32:10.101 INFO  --- [StartupInfoLogger.java:59][restartedMain] - Started MyApplication in 6.782 seconds (JVM running for 8.356)
2019-12-02 19:47:24.695 INFO  --- [HikariDataSource.java:110][http-nio-8088-exec-3] - HikariPool-1 - Starting...
2019-12-02 19:47:27.904 INFO  --- [HikariDataSource.java:123][http-nio-8088-exec-3] - HikariPool-1 - Start completed.
2019-12-02 19:47:27.914 DEBUG --- [BaseJdbcLogger.java:159][http-nio-8088-exec-3] - ==>  Preparing: SELECT u.school_name schoolName, u.unit_name unitName, u.school_eng schoolEng, u.unit_eng unitEng, u.college_url collegeUrl, u.logo_url logoUrl, u.state state, u.background_url backgroundUrl FROM school_unit u WHERE u.id = ? 
2019-12-02 19:47:27.945 DEBUG --- [BaseJdbcLogger.java:159][http-nio-8088-exec-3] - ==> Parameters: null
2019-12-02 19:47:28.059 DEBUG --- [BaseJdbcLogger.java:159][http-nio-8088-exec-3] - <==      Total: 0
2019-12-02 19:47:29.721 DEBUG --- [BaseJdbcLogger.java:159][http-nio-8088-exec-4] - ==>  Preparing: SELECT u.school_name schoolName, u.unit_name unitName, u.school_eng schoolEng, u.unit_eng unitEng, u.college_url collegeUrl, u.logo_url logoUrl, u.state state, u.background_url backgroundUrl FROM school_unit u WHERE u.id = ? 
2019-12-02 19:47:29.723 DEBUG --- [BaseJdbcLogger.java:159][http-nio-8088-exec-4] - ==> Parameters: null
2019-12-02 19:47:29.859 DEBUG --- [BaseJdbcLogger.java:159][http-nio-8088-exec-4] - <==      Total: 0
2019-12-02 19:47:34.525 DEBUG --- [BaseJdbcLogger.java:159][http-nio-8088-exec-5] - ==>  Preparing: SELECT u.user_id userId, u.username username, u.password password, u.role role FROM login u WHERE u.username = ? AND u.password = ? AND u.state = '1' AND u.role = ? 
2019-12-02 19:47:34.526 DEBUG --- [BaseJdbcLogger.java:159][http-nio-8088-exec-5] - ==> Parameters: scnu(String), 1cd61bb103149a08c529c96a31effae2(String), unit(String)
2019-12-02 19:47:34.562 DEBUG --- [BaseJdbcLogger.java:159][http-nio-8088-exec-5] - <==      Total: 1
2019-12-02 19:47:34.599 DEBUG --- [BaseJdbcLogger.java:159][http-nio-8088-exec-6] - ==>  Preparing: SELECT k.id userId, k.nickname nickname, k.username username, k.role_id roleId, k.unit_id unitId, k.role_name roleName, p.menu_code menuCode, p.permission_code permissionCode FROM(select a.*,substring_index(substring_index(a.permission_ids,',',b.help_topic_id+1),',',-1) pId from (SELECT t.*,sys_role.role_name,sys_role.permission_ids FROM(SELECT u.id, u.nickname, u.username, u.role_id, u.unit_id FROM unit_profile u WHERE u.username = ? AND u.state = '1')t LEFT JOIN sys_role ON t.role_id = sys_role.id) a join mysql.help_topic b on b.help_topic_id < (length(a.permission_ids) - length(replace(a.permission_ids,',',''))+1)) k LEFT JOIN sys_permission p ON k.pId = p.id 
2019-12-02 19:47:34.600 DEBUG --- [BaseJdbcLogger.java:159][http-nio-8088-exec-6] - ==> Parameters: scnu(String)
2019-12-02 19:47:34.685 DEBUG --- [BaseJdbcLogger.java:159][http-nio-8088-exec-6] - <==      Total: 11
2019-12-02 19:47:35.119 INFO  --- [UserRealm.java:50][http-nio-8088-exec-7] - permission的值为:{"menuList":["teacher","role","user"],"roleId":1,"nickname":"asd","roleName":"高级管理员","unitId":1,"permissionList":["user:list","user:add","role:update","teacher:list","teacher:update","role:list","teacher:add","user:update","role:delete","role:add","teacher:delete"],"userId":1,"username":"scnu"}
2019-12-02 19:47:35.120 INFO  --- [UserRealm.java:51][http-nio-8088-exec-7] - 本用户权限为:[user:list, user:add, role:update, teacher:list, teacher:update, role:list, teacher:add, user:update, role:delete, role:add, teacher:delete]
2019-12-02 19:47:35.140 DEBUG --- [BaseJdbcLogger.java:159][http-nio-8088-exec-7] - ==>  Preparing: SELECT count(0) FROM teacher_profile t WHERE t.state = '1' AND t.unit_id = ? 
2019-12-02 19:47:35.141 DEBUG --- [BaseJdbcLogger.java:159][http-nio-8088-exec-7] - ==> Parameters: 1(Long)
2019-12-02 19:47:35.257 DEBUG --- [BaseJdbcLogger.java:159][http-nio-8088-exec-7] - <==      Total: 1
2019-12-02 19:47:35.260 DEBUG --- [BaseJdbcLogger.java:159][http-nio-8088-exec-7] - ==>  Preparing: select t.id id, t.username name, t.email email, t.avatar avatar, t.state state, t.views views, t.post post, t.scholat_username scholat_username, date_format(t.update_time, '%Y.%m.%d %T') update_time, date_format(t.create_time, '%Y.%m.%d %T') create_time FROM teacher_profile t WHERE t.unit_id = ? ORDER BY update_time desc LIMIT ?,? 
2019-12-02 19:47:35.262 DEBUG --- [BaseJdbcLogger.java:159][http-nio-8088-exec-7] - ==> Parameters: 1(Long), 0(Integer), 10(Integer)
2019-12-02 19:47:35.320 DEBUG --- [BaseJdbcLogger.java:159][http-nio-8088-exec-7] - <==      Total: 10
2019-12-02 19:47:41.425 DEBUG --- [BaseJdbcLogger.java:159][http-nio-8088-exec-8] - ==>  Preparing: SELECT k.id userId, k.nickname nickname, k.username username, k.role_id roleId, k.unit_id unitId, k.role_name roleName, p.menu_code menuCode, p.permission_code permissionCode FROM(select a.*,substring_index(substring_index(a.permission_ids,',',b.help_topic_id+1),',',-1) pId from (SELECT t.*,sys_role.role_name,sys_role.permission_ids FROM(SELECT u.id, u.nickname, u.username, u.role_id, u.unit_id FROM unit_profile u WHERE u.username = ? AND u.state = '1')t LEFT JOIN sys_role ON t.role_id = sys_role.id) a join mysql.help_topic b on b.help_topic_id < (length(a.permission_ids) - length(replace(a.permission_ids,',',''))+1)) k LEFT JOIN sys_permission p ON k.pId = p.id 
2019-12-02 19:47:41.427 DEBUG --- [BaseJdbcLogger.java:159][http-nio-8088-exec-8] - ==> Parameters: scnu(String)
2019-12-02 19:47:41.599 DEBUG --- [BaseJdbcLogger.java:159][http-nio-8088-exec-8] - <==      Total: 11
2019-12-02 19:47:42.377 DEBUG --- [BaseJdbcLogger.java:159][http-nio-8088-exec-9] - ==>  Preparing: SELECT u.school_name schoolName, u.unit_name unitName, u.school_eng schoolEng, u.unit_eng unitEng, u.college_url collegeUrl, u.logo_url logoUrl, u.state state, u.background_url backgroundUrl FROM school_unit u WHERE u.id = (SELECT t.unit_id FROM teacher_profile t WHERE t.id = ?) 
2019-12-02 19:47:42.378 DEBUG --- [BaseJdbcLogger.java:159][http-nio-8088-exec-9] - ==> Parameters: 124(String)
2019-12-02 19:47:42.382 DEBUG --- [BaseJdbcLogger.java:159][http-nio-8088-exec-1] - ==>  Preparing: SELECT count(0) FROM teacher_profile t WHERE t.state = '1' AND t.unit_id = ? 
2019-12-02 19:47:42.383 DEBUG --- [BaseJdbcLogger.java:159][http-nio-8088-exec-1] - ==> Parameters: 1(Long)
2019-12-02 19:47:42.407 DEBUG --- [BaseJdbcLogger.java:159][http-nio-8088-exec-10] - ==>  Preparing: select * from teacher_profile u where u.id=? 
2019-12-02 19:47:42.408 DEBUG --- [BaseJdbcLogger.java:159][http-nio-8088-exec-10] - ==> Parameters: 124(Long)
2019-12-02 19:47:42.469 DEBUG --- [BaseJdbcLogger.java:159][http-nio-8088-exec-9] - <==      Total: 1
2019-12-02 19:47:42.475 DEBUG --- [BaseJdbcLogger.java:159][http-nio-8088-exec-10] - <==      Total: 1
2019-12-02 19:47:42.511 DEBUG --- [BaseJdbcLogger.java:159][http-nio-8088-exec-1] - <==      Total: 1
2019-12-02 19:47:42.513 DEBUG --- [BaseJdbcLogger.java:159][http-nio-8088-exec-1] - ==>  Preparing: SELECT t.id tId, t.username tName, t.post tPost, t.avatar tAvatar, t.email tEmail, t.department_name tDepartment_name, t.work_place tWork_place, t.degree tDegree FROM teacher_profile t WHERE t.state = '1' AND t.unit_id = ? ORDER BY t.seq, update_time DESC LIMIT ?,? 
2019-12-02 19:47:42.513 DEBUG --- [BaseJdbcLogger.java:159][http-nio-8088-exec-1] - ==> Parameters: 1(Long), 0(Integer), 15(Integer)
2019-12-02 19:47:43.190 DEBUG --- [BaseJdbcLogger.java:159][http-nio-8088-exec-1] - <==      Total: 15
2019-12-02 19:47:44.208 DEBUG --- [BaseJdbcLogger.java:159][http-nio-8088-exec-2] - ==>  Preparing: select * from user_profile u where u.acc_name = ? 
2019-12-02 19:47:44.209 DEBUG --- [BaseJdbcLogger.java:159][http-nio-8088-exec-2] - ==> Parameters: zhudingju(String)
2019-12-02 19:47:44.304 DEBUG --- [BaseJdbcLogger.java:159][http-nio-8088-exec-2] - <==      Total: 1
2019-12-02 19:47:44.306 DEBUG --- [BaseJdbcLogger.java:159][http-nio-8088-exec-2] - ==>  Preparing: SELECT * from teacher_profile where id = ? 
2019-12-02 19:47:44.307 DEBUG --- [BaseJdbcLogger.java:159][http-nio-8088-exec-2] - ==> Parameters: 124(String)
2019-12-02 19:47:44.310 DEBUG --- [BaseJdbcLogger.java:159][http-nio-8088-exec-2] - <==      Total: 1
2019-12-02 19:47:44.311 DEBUG --- [BaseJdbcLogger.java:159][http-nio-8088-exec-2] - ==>  Preparing: SELECT keywords from persona_user_local where user_id = ? 
2019-12-02 19:47:44.312 DEBUG --- [BaseJdbcLogger.java:159][http-nio-8088-exec-2] - ==> Parameters: 124(String)
2019-12-02 19:47:44.317 DEBUG --- [BaseJdbcLogger.java:159][http-nio-8088-exec-2] - <==      Total: 1
2019-12-02 19:47:44.319 DEBUG --- [BaseJdbcLogger.java:159][http-nio-8088-exec-2] - ==>  Preparing: SELECT paper_keywords,intro_keywords from persona_user_scholat where scholat_username = ? 
2019-12-02 19:47:44.319 DEBUG --- [BaseJdbcLogger.java:159][http-nio-8088-exec-2] - ==> Parameters: zhudingju(String)
2019-12-02 19:47:44.476 DEBUG --- [BaseJdbcLogger.java:159][http-nio-8088-exec-2] - <==      Total: 1
2019-12-02 19:47:47.398 DEBUG --- [BaseJdbcLogger.java:159][http-nio-8088-exec-3] - ==>  Preparing: select acc_id from user_profile where acc_name = ? 
2019-12-02 19:47:47.399 DEBUG --- [BaseJdbcLogger.java:159][http-nio-8088-exec-3] - ==> Parameters: zhudingju(String)
2019-12-02 19:47:47.403 DEBUG --- [BaseJdbcLogger.java:159][http-nio-8088-exec-3] - <==      Total: 1
2019-12-02 19:47:47.405 DEBUG --- [BaseJdbcLogger.java:159][http-nio-8088-exec-3] - ==>  Preparing: select u.acc_name scholat_username, u.chinese_name chinese_name, u.degree degree, u.work_unit work_unit, u.address address, u.scholar_title scholat_title, u.scholar_field scholat_field, u.picture_url picture_url, u.work_email email from user_profile u join (select user2 friends from friends_relation where user1 = ? union select user1 from friends_relation where user2 = ?) as a on a.friends = u.acc_id 
2019-12-02 19:47:47.406 DEBUG --- [BaseJdbcLogger.java:159][http-nio-8088-exec-3] - ==> Parameters: 2015(Long), 2015(Long)
2019-12-02 19:47:50.327 DEBUG --- [BaseJdbcLogger.java:159][http-nio-8088-exec-3] - <==      Total: 224
2019-12-02 19:47:50.329 DEBUG --- [BaseJdbcLogger.java:159][http-nio-8088-exec-3] - ==>  Preparing: select u.acc_name scholat_username, u.chinese_name chinese_name, u.degree degree, u.work_unit work_unit, u.address address, u.scholar_title scholat_title, u.scholar_field scholat_field, u.picture_url picture_url, u.work_email email from user_profile u join (select user2 fans from friends_relation where user1 = ? union select user1 from friends_relation where user2 = ? union SELECT sender fans from pending_request where receiver=? ) as a on a.fans = u.acc_id 
2019-12-02 19:47:50.330 DEBUG --- [BaseJdbcLogger.java:159][http-nio-8088-exec-3] - ==> Parameters: 2015(Long), 2015(Long), 2015(Long)
2019-12-02 19:47:50.431 DEBUG --- [BaseJdbcLogger.java:159][http-nio-8088-exec-3] - <==      Total: 278
2019-12-02 19:47:50.432 DEBUG --- [BaseJdbcLogger.java:159][http-nio-8088-exec-3] - ==>  Preparing: select u.acc_name scholat_username, u.chinese_name chinese_name, u.degree degree, u.work_unit work_unit, u.address address, u.scholar_title scholat_title, u.scholar_field scholat_field, u.picture_url picture_url, u.work_email email from user_profile u join (select user2 fans from friends_relation where user1 = ? union select user1 from friends_relation where user2 = ? union SELECT receiver fans from pending_request where sender=? ) as a on a.fans = u.acc_id 
2019-12-02 19:47:50.433 DEBUG --- [BaseJdbcLogger.java:159][http-nio-8088-exec-3] - ==> Parameters: 2015(Long), 2015(Long), 2015(Long)
2019-12-02 19:47:50.502 DEBUG --- [BaseJdbcLogger.java:159][http-nio-8088-exec-3] - <==      Total: 299
2019-12-02 20:34:27.578 DEBUG --- [BaseJdbcLogger.java:159][http-nio-8088-exec-4] - ==>  Preparing: select acc_id from user_profile where acc_name = ? 
2019-12-02 20:34:27.605 DEBUG --- [BaseJdbcLogger.java:159][http-nio-8088-exec-4] - ==> Parameters: zhudingju(String)
2019-12-02 20:34:29.564 DEBUG --- [BaseJdbcLogger.java:159][http-nio-8088-exec-4] - <==      Total: 1
2019-12-02 20:34:29.572 DEBUG --- [BaseJdbcLogger.java:159][http-nio-8088-exec-4] - ==>  Preparing: select u.acc_name scholat_username, u.chinese_name chinese_name, u.degree degree, u.work_unit work_unit, u.address address, u.scholar_title scholat_title, u.scholar_field scholat_field, u.picture_url picture_url, u.work_email email from user_profile u join (select user2 friends from friends_relation where user1 = ? union select user1 from friends_relation where user2 = ?) as a on a.friends = u.acc_id 
2019-12-02 20:34:29.574 DEBUG --- [BaseJdbcLogger.java:159][http-nio-8088-exec-4] - ==> Parameters: 2015(Long), 2015(Long)
2019-12-02 20:34:30.312 DEBUG --- [BaseJdbcLogger.java:159][http-nio-8088-exec-4] - <==      Total: 224
2019-12-02 20:34:30.313 DEBUG --- [BaseJdbcLogger.java:159][http-nio-8088-exec-4] - ==>  Preparing: select u.acc_name scholat_username, u.chinese_name chinese_name, u.degree degree, u.work_unit work_unit, u.address address, u.scholar_title scholat_title, u.scholar_field scholat_field, u.picture_url picture_url, u.work_email email from user_profile u join (select user2 fans from friends_relation where user1 = ? union select user1 from friends_relation where user2 = ? union SELECT sender fans from pending_request where receiver=? ) as a on a.fans = u.acc_id 
2019-12-02 20:34:30.322 DEBUG --- [BaseJdbcLogger.java:159][http-nio-8088-exec-4] - ==> Parameters: 2015(Long), 2015(Long), 2015(Long)
2019-12-02 20:34:30.380 DEBUG --- [BaseJdbcLogger.java:159][http-nio-8088-exec-4] - <==      Total: 278
2019-12-02 20:34:30.381 DEBUG --- [BaseJdbcLogger.java:159][http-nio-8088-exec-4] - ==>  Preparing: select u.acc_name scholat_username, u.chinese_name chinese_name, u.degree degree, u.work_unit work_unit, u.address address, u.scholar_title scholat_title, u.scholar_field scholat_field, u.picture_url picture_url, u.work_email email from user_profile u join (select user2 fans from friends_relation where user1 = ? union select user1 from friends_relation where user2 = ? union SELECT receiver fans from pending_request where sender=? ) as a on a.fans = u.acc_id 
2019-12-02 20:34:30.382 DEBUG --- [BaseJdbcLogger.java:159][http-nio-8088-exec-4] - ==> Parameters: 2015(Long), 2015(Long), 2015(Long)
2019-12-02 20:34:30.440 DEBUG --- [BaseJdbcLogger.java:159][http-nio-8088-exec-4] - <==      Total: 299
2019-12-02 20:45:40.099 DEBUG --- [BaseJdbcLogger.java:159][http-nio-8088-exec-7] - ==>  Preparing: SELECT u.school_name schoolName, u.unit_name unitName, u.school_eng schoolEng, u.unit_eng unitEng, u.college_url collegeUrl, u.logo_url logoUrl, u.state state, u.background_url backgroundUrl FROM school_unit u WHERE u.id = ? 
2019-12-02 20:45:40.103 DEBUG --- [BaseJdbcLogger.java:159][http-nio-8088-exec-7] - ==> Parameters: null
2019-12-02 20:45:41.089 DEBUG --- [BaseJdbcLogger.java:159][http-nio-8088-exec-7] - <==      Total: 0
2019-12-02 20:45:44.701 DEBUG --- [BaseJdbcLogger.java:159][http-nio-8088-exec-8] - ==>  Preparing: SELECT u.school_name schoolName, u.unit_name unitName, u.school_eng schoolEng, u.unit_eng unitEng, u.college_url collegeUrl, u.logo_url logoUrl, u.state state, u.background_url backgroundUrl FROM school_unit u WHERE u.id = ? 
2019-12-02 20:45:44.701 DEBUG --- [BaseJdbcLogger.java:159][http-nio-8088-exec-8] - ==> Parameters: null
2019-12-02 20:45:44.746 DEBUG --- [BaseJdbcLogger.java:159][http-nio-8088-exec-8] - <==      Total: 0
2019-12-02 20:45:50.521 DEBUG --- [BaseJdbcLogger.java:159][http-nio-8088-exec-9] - ==>  Preparing: SELECT u.user_id userId, u.username username, u.password password, u.role role FROM login u WHERE u.username = ? AND u.password = ? AND u.state = '1' AND u.role = ? 
2019-12-02 20:45:50.525 DEBUG --- [BaseJdbcLogger.java:159][http-nio-8088-exec-9] - ==> Parameters: scnu(String), 1cd61bb103149a08c529c96a31effae2(String), unit(String)
2019-12-02 20:45:50.575 DEBUG --- [BaseJdbcLogger.java:159][http-nio-8088-exec-9] - <==      Total: 1
2019-12-02 20:45:50.613 DEBUG --- [BaseJdbcLogger.java:159][http-nio-8088-exec-10] - ==>  Preparing: SELECT k.id userId, k.nickname nickname, k.username username, k.role_id roleId, k.unit_id unitId, k.role_name roleName, p.menu_code menuCode, p.permission_code permissionCode FROM(select a.*,substring_index(substring_index(a.permission_ids,',',b.help_topic_id+1),',',-1) pId from (SELECT t.*,sys_role.role_name,sys_role.permission_ids FROM(SELECT u.id, u.nickname, u.username, u.role_id, u.unit_id FROM unit_profile u WHERE u.username = ? AND u.state = '1')t LEFT JOIN sys_role ON t.role_id = sys_role.id) a join mysql.help_topic b on b.help_topic_id < (length(a.permission_ids) - length(replace(a.permission_ids,',',''))+1)) k LEFT JOIN sys_permission p ON k.pId = p.id 
2019-12-02 20:45:50.620 DEBUG --- [BaseJdbcLogger.java:159][http-nio-8088-exec-10] - ==> Parameters: scnu(String)
2019-12-02 20:45:50.682 DEBUG --- [BaseJdbcLogger.java:159][http-nio-8088-exec-10] - <==      Total: 11
2019-12-02 20:45:51.454 INFO  --- [UserRealm.java:50][http-nio-8088-exec-1] - permission的值为:{"menuList":["teacher","role","user"],"roleId":1,"nickname":"asd","roleName":"高级管理员","unitId":1,"permissionList":["user:list","user:add","role:update","teacher:list","teacher:update","role:list","teacher:add","user:update","role:delete","role:add","teacher:delete"],"userId":1,"username":"scnu"}
2019-12-02 20:45:51.454 INFO  --- [UserRealm.java:51][http-nio-8088-exec-1] - 本用户权限为:[user:list, user:add, role:update, teacher:list, teacher:update, role:list, teacher:add, user:update, role:delete, role:add, teacher:delete]
2019-12-02 20:45:51.459 DEBUG --- [BaseJdbcLogger.java:159][http-nio-8088-exec-1] - ==>  Preparing: SELECT count(0) FROM teacher_profile t WHERE t.state = '1' AND t.unit_id = ? 
2019-12-02 20:45:51.460 DEBUG --- [BaseJdbcLogger.java:159][http-nio-8088-exec-1] - ==> Parameters: 1(Long)
2019-12-02 20:45:51.610 DEBUG --- [BaseJdbcLogger.java:159][http-nio-8088-exec-1] - <==      Total: 1
2019-12-02 20:45:51.611 DEBUG --- [BaseJdbcLogger.java:159][http-nio-8088-exec-1] - ==>  Preparing: select t.id id, t.username name, t.email email, t.avatar avatar, t.state state, t.views views, t.post post, t.scholat_username scholat_username, date_format(t.update_time, '%Y.%m.%d %T') update_time, date_format(t.create_time, '%Y.%m.%d %T') create_time FROM teacher_profile t WHERE t.unit_id = ? ORDER BY update_time desc LIMIT ?,? 
2019-12-02 20:45:51.614 DEBUG --- [BaseJdbcLogger.java:159][http-nio-8088-exec-1] - ==> Parameters: 1(Long), 0(Integer), 10(Integer)
2019-12-02 20:45:52.135 DEBUG --- [BaseJdbcLogger.java:159][http-nio-8088-exec-1] - <==      Total: 10
2019-12-02 20:45:58.504 DEBUG --- [BaseJdbcLogger.java:159][http-nio-8088-exec-2] - ==>  Preparing: SELECT k.id userId, k.nickname nickname, k.username username, k.role_id roleId, k.unit_id unitId, k.role_name roleName, p.menu_code menuCode, p.permission_code permissionCode FROM(select a.*,substring_index(substring_index(a.permission_ids,',',b.help_topic_id+1),',',-1) pId from (SELECT t.*,sys_role.role_name,sys_role.permission_ids FROM(SELECT u.id, u.nickname, u.username, u.role_id, u.unit_id FROM unit_profile u WHERE u.username = ? AND u.state = '1')t LEFT JOIN sys_role ON t.role_id = sys_role.id) a join mysql.help_topic b on b.help_topic_id < (length(a.permission_ids) - length(replace(a.permission_ids,',',''))+1)) k LEFT JOIN sys_permission p ON k.pId = p.id 
2019-12-02 20:45:58.504 DEBUG --- [BaseJdbcLogger.java:159][http-nio-8088-exec-2] - ==> Parameters: scnu(String)
2019-12-02 20:45:58.548 DEBUG --- [BaseJdbcLogger.java:159][http-nio-8088-exec-2] - <==      Total: 11
2019-12-02 20:45:59.153 DEBUG --- [BaseJdbcLogger.java:159][http-nio-8088-exec-3] - ==>  Preparing: SELECT u.school_name schoolName, u.unit_name unitName, u.school_eng schoolEng, u.unit_eng unitEng, u.college_url collegeUrl, u.logo_url logoUrl, u.state state, u.background_url backgroundUrl FROM school_unit u WHERE u.id = (SELECT t.unit_id FROM teacher_profile t WHERE t.id = ?) 
2019-12-02 20:45:59.154 DEBUG --- [BaseJdbcLogger.java:159][http-nio-8088-exec-3] - ==> Parameters: 124(String)
2019-12-02 20:45:59.192 DEBUG --- [BaseJdbcLogger.java:159][http-nio-8088-exec-5] - ==>  Preparing: SELECT count(0) FROM teacher_profile t WHERE t.state = '1' AND t.unit_id = ? 
2019-12-02 20:45:59.194 DEBUG --- [BaseJdbcLogger.java:159][http-nio-8088-exec-5] - ==> Parameters: 1(Long)
2019-12-02 20:45:59.196 DEBUG --- [BaseJdbcLogger.java:159][http-nio-8088-exec-4] - ==>  Preparing: select * from teacher_profile u where u.id=? 
2019-12-02 20:45:59.198 DEBUG --- [BaseJdbcLogger.java:159][http-nio-8088-exec-4] - ==> Parameters: 124(Long)
2019-12-02 20:45:59.280 DEBUG --- [BaseJdbcLogger.java:159][http-nio-8088-exec-3] - <==      Total: 1
2019-12-02 20:45:59.619 DEBUG --- [BaseJdbcLogger.java:159][http-nio-8088-exec-4] - <==      Total: 1
2019-12-02 20:45:59.679 DEBUG --- [BaseJdbcLogger.java:159][http-nio-8088-exec-5] - <==      Total: 1
2019-12-02 20:45:59.684 DEBUG --- [BaseJdbcLogger.java:159][http-nio-8088-exec-5] - ==>  Preparing: SELECT t.id tId, t.username tName, t.post tPost, t.avatar tAvatar, t.email tEmail, t.department_name tDepartment_name, t.work_place tWork_place, t.degree tDegree FROM teacher_profile t WHERE t.state = '1' AND t.unit_id = ? ORDER BY t.seq, update_time DESC LIMIT ?,? 
2019-12-02 20:45:59.685 DEBUG --- [BaseJdbcLogger.java:159][http-nio-8088-exec-5] - ==> Parameters: 1(Long), 0(Integer), 15(Integer)
2019-12-02 20:46:00.176 DEBUG --- [BaseJdbcLogger.java:159][http-nio-8088-exec-5] - <==      Total: 15
2019-12-02 20:46:03.609 DEBUG --- [BaseJdbcLogger.java:159][http-nio-8088-exec-6] - ==>  Preparing: select * from user_profile u where u.acc_name = ? 
2019-12-02 20:46:03.610 DEBUG --- [BaseJdbcLogger.java:159][http-nio-8088-exec-6] - ==> Parameters: zhudingju(String)
2019-12-02 20:46:03.839 DEBUG --- [BaseJdbcLogger.java:159][http-nio-8088-exec-6] - <==      Total: 1
2019-12-02 20:46:03.840 DEBUG --- [BaseJdbcLogger.java:159][http-nio-8088-exec-6] - ==>  Preparing: SELECT * from teacher_profile where id = ? 
2019-12-02 20:46:03.841 DEBUG --- [BaseJdbcLogger.java:159][http-nio-8088-exec-6] - ==> Parameters: 124(String)
2019-12-02 20:46:03.908 DEBUG --- [BaseJdbcLogger.java:159][http-nio-8088-exec-6] - <==      Total: 1
2019-12-02 20:46:03.910 DEBUG --- [BaseJdbcLogger.java:159][http-nio-8088-exec-6] - ==>  Preparing: SELECT keywords from persona_user_local where user_id = ? 
2019-12-02 20:46:03.911 DEBUG --- [BaseJdbcLogger.java:159][http-nio-8088-exec-6] - ==> Parameters: 124(String)
2019-12-02 20:46:03.957 DEBUG --- [BaseJdbcLogger.java:159][http-nio-8088-exec-6] - <==      Total: 1
2019-12-02 20:46:03.958 DEBUG --- [BaseJdbcLogger.java:159][http-nio-8088-exec-6] - ==>  Preparing: SELECT paper_keywords,intro_keywords from persona_user_scholat where scholat_username = ? 
2019-12-02 20:46:03.959 DEBUG --- [BaseJdbcLogger.java:159][http-nio-8088-exec-6] - ==> Parameters: zhudingju(String)
2019-12-02 20:46:05.024 DEBUG --- [BaseJdbcLogger.java:159][http-nio-8088-exec-6] - <==      Total: 1
2019-12-02 20:46:05.142 DEBUG --- [BaseJdbcLogger.java:159][http-nio-8088-exec-7] - ==>  Preparing: select acc_id from user_profile where acc_name = ? 
2019-12-02 20:46:05.143 DEBUG --- [BaseJdbcLogger.java:159][http-nio-8088-exec-7] - ==> Parameters: zhudingju(String)
2019-12-02 20:46:05.144 DEBUG --- [BaseJdbcLogger.java:159][http-nio-8088-exec-7] - <==      Total: 1
2019-12-02 20:46:05.146 DEBUG --- [BaseJdbcLogger.java:159][http-nio-8088-exec-7] - ==>  Preparing: select u.acc_name scholat_username, u.chinese_name chinese_name, u.degree degree, u.work_unit work_unit, u.address address, u.scholar_title scholat_title, u.scholar_field scholat_field, u.picture_url picture_url, u.work_email email from user_profile u join (select user2 friends from friends_relation where user1 = ? union select user1 from friends_relation where user2 = ?) as a on a.friends = u.acc_id 
2019-12-02 20:46:05.146 DEBUG --- [BaseJdbcLogger.java:159][http-nio-8088-exec-7] - ==> Parameters: 2015(Long), 2015(Long)
2019-12-02 20:46:05.583 DEBUG --- [BaseJdbcLogger.java:159][http-nio-8088-exec-7] - <==      Total: 224
2019-12-02 20:46:05.584 DEBUG --- [BaseJdbcLogger.java:159][http-nio-8088-exec-7] - ==>  Preparing: select u.acc_name scholat_username, u.chinese_name chinese_name, u.degree degree, u.work_unit work_unit, u.address address, u.scholar_title scholat_title, u.scholar_field scholat_field, u.picture_url picture_url, u.work_email email from user_profile u join (select user2 fans from friends_relation where user1 = ? union select user1 from friends_relation where user2 = ? union SELECT sender fans from pending_request where receiver=? ) as a on a.fans = u.acc_id 
2019-12-02 20:46:05.584 DEBUG --- [BaseJdbcLogger.java:159][http-nio-8088-exec-7] - ==> Parameters: 2015(Long), 2015(Long), 2015(Long)
2019-12-02 20:46:05.805 DEBUG --- [BaseJdbcLogger.java:159][http-nio-8088-exec-7] - <==      Total: 278
2019-12-02 20:46:05.806 DEBUG --- [BaseJdbcLogger.java:159][http-nio-8088-exec-7] - ==>  Preparing: select u.acc_name scholat_username, u.chinese_name chinese_name, u.degree degree, u.work_unit work_unit, u.address address, u.scholar_title scholat_title, u.scholar_field scholat_field, u.picture_url picture_url, u.work_email email from user_profile u join (select user2 fans from friends_relation where user1 = ? union select user1 from friends_relation where user2 = ? union SELECT receiver fans from pending_request where sender=? ) as a on a.fans = u.acc_id 
2019-12-02 20:46:05.807 DEBUG --- [BaseJdbcLogger.java:159][http-nio-8088-exec-7] - ==> Parameters: 2015(Long), 2015(Long), 2015(Long)
2019-12-02 20:46:06.212 DEBUG --- [BaseJdbcLogger.java:159][http-nio-8088-exec-7] - <==      Total: 299
2019-12-02 20:59:20.114 DEBUG --- [BaseJdbcLogger.java:159][http-nio-8088-exec-8] - ==>  Preparing: select acc_id from user_profile where acc_name = ? 
2019-12-02 20:59:20.116 DEBUG --- [BaseJdbcLogger.java:159][http-nio-8088-exec-8] - ==> Parameters: zhudingju(String)
2019-12-02 20:59:20.798 DEBUG --- [BaseJdbcLogger.java:159][http-nio-8088-exec-8] - <==      Total: 1
2019-12-02 20:59:20.805 DEBUG --- [BaseJdbcLogger.java:159][http-nio-8088-exec-8] - ==>  Preparing: select u.acc_name scholat_username, u.chinese_name chinese_name, u.degree degree, u.work_unit work_unit, u.address address, u.scholar_title scholat_title, u.scholar_field scholat_field, u.picture_url picture_url, u.work_email email from user_profile u join (select user2 friends from friends_relation where user1 = ? union select user1 from friends_relation where user2 = ?) as a on a.friends = u.acc_id 
2019-12-02 20:59:20.806 DEBUG --- [BaseJdbcLogger.java:159][http-nio-8088-exec-8] - ==> Parameters: 2015(Long), 2015(Long)
2019-12-02 20:59:21.108 DEBUG --- [BaseJdbcLogger.java:159][http-nio-8088-exec-8] - <==      Total: 224
2019-12-02 20:59:21.110 DEBUG --- [BaseJdbcLogger.java:159][http-nio-8088-exec-8] - ==>  Preparing: select u.acc_name scholat_username, u.chinese_name chinese_name, u.degree degree, u.work_unit work_unit, u.address address, u.scholar_title scholat_title, u.scholar_field scholat_field, u.picture_url picture_url, u.work_email email from user_profile u join (select user2 fans from friends_relation where user1 = ? union select user1 from friends_relation where user2 = ? union SELECT sender fans from pending_request where receiver=? ) as a on a.fans = u.acc_id 
2019-12-02 20:59:21.111 DEBUG --- [BaseJdbcLogger.java:159][http-nio-8088-exec-8] - ==> Parameters: 2015(Long), 2015(Long), 2015(Long)
2019-12-02 20:59:21.175 DEBUG --- [BaseJdbcLogger.java:159][http-nio-8088-exec-8] - <==      Total: 278
2019-12-02 20:59:21.177 DEBUG --- [BaseJdbcLogger.java:159][http-nio-8088-exec-8] - ==>  Preparing: select u.acc_name scholat_username, u.chinese_name chinese_name, u.degree degree, u.work_unit work_unit, u.address address, u.scholar_title scholat_title, u.scholar_field scholat_field, u.picture_url picture_url, u.work_email email from user_profile u join (select user2 fans from friends_relation where user1 = ? union select user1 from friends_relation where user2 = ? union SELECT receiver fans from pending_request where sender=? ) as a on a.fans = u.acc_id 
2019-12-02 20:59:21.178 DEBUG --- [BaseJdbcLogger.java:159][http-nio-8088-exec-8] - ==> Parameters: 2015(Long), 2015(Long), 2015(Long)
2019-12-02 20:59:21.251 DEBUG --- [BaseJdbcLogger.java:159][http-nio-8088-exec-8] - <==      Total: 299
2019-12-02 21:10:37.295 DEBUG --- [BaseJdbcLogger.java:159][http-nio-8088-exec-9] - ==>  Preparing: select acc_id from user_profile where acc_name = ? 
2019-12-02 21:10:37.297 DEBUG --- [BaseJdbcLogger.java:159][http-nio-8088-exec-9] - ==> Parameters: zhudingju(String)
2019-12-02 21:10:37.606 DEBUG --- [BaseJdbcLogger.java:159][http-nio-8088-exec-9] - <==      Total: 1
2019-12-02 21:10:37.608 DEBUG --- [BaseJdbcLogger.java:159][http-nio-8088-exec-9] - ==>  Preparing: select u.acc_name scholat_username, u.chinese_name chinese_name, u.degree degree, u.work_unit work_unit, u.address address, u.scholar_title scholat_title, u.scholar_field scholat_field, u.picture_url picture_url, u.work_email email from user_profile u join (select user2 friends from friends_relation where user1 = ? union select user1 from friends_relation where user2 = ?) as a on a.friends = u.acc_id 
2019-12-02 21:10:37.609 DEBUG --- [BaseJdbcLogger.java:159][http-nio-8088-exec-9] - ==> Parameters: 2015(Long), 2015(Long)
2019-12-02 21:10:37.742 DEBUG --- [BaseJdbcLogger.java:159][http-nio-8088-exec-9] - <==      Total: 224
2019-12-02 21:10:37.743 DEBUG --- [BaseJdbcLogger.java:159][http-nio-8088-exec-9] - ==>  Preparing: select u.acc_name scholat_username, u.chinese_name chinese_name, u.degree degree, u.work_unit work_unit, u.address address, u.scholar_title scholat_title, u.scholar_field scholat_field, u.picture_url picture_url, u.work_email email from user_profile u join (select user2 fans from friends_relation where user1 = ? union select user1 from friends_relation where user2 = ? union SELECT sender fans from pending_request where receiver=? ) as a on a.fans = u.acc_id 
2019-12-02 21:10:37.743 DEBUG --- [BaseJdbcLogger.java:159][http-nio-8088-exec-9] - ==> Parameters: 2015(Long), 2015(Long), 2015(Long)
2019-12-02 21:10:38.057 DEBUG --- [BaseJdbcLogger.java:159][http-nio-8088-exec-9] - <==      Total: 278
2019-12-02 21:10:38.058 DEBUG --- [BaseJdbcLogger.java:159][http-nio-8088-exec-9] - ==>  Preparing: select u.acc_name scholat_username, u.chinese_name chinese_name, u.degree degree, u.work_unit work_unit, u.address address, u.scholar_title scholat_title, u.scholar_field scholat_field, u.picture_url picture_url, u.work_email email from user_profile u join (select user2 fans from friends_relation where user1 = ? union select user1 from friends_relation where user2 = ? union SELECT receiver fans from pending_request where sender=? ) as a on a.fans = u.acc_id 
2019-12-02 21:10:38.058 DEBUG --- [BaseJdbcLogger.java:159][http-nio-8088-exec-9] - ==> Parameters: 2015(Long), 2015(Long), 2015(Long)
2019-12-02 21:10:38.315 DEBUG --- [BaseJdbcLogger.java:159][http-nio-8088-exec-9] - <==      Total: 299
2019-12-02 21:18:32.462 DEBUG --- [BaseJdbcLogger.java:159][http-nio-8088-exec-10] - ==>  Preparing: select acc_id from user_profile where acc_name = ? 
2019-12-02 21:18:32.463 DEBUG --- [BaseJdbcLogger.java:159][http-nio-8088-exec-10] - ==> Parameters: zhudingju(String)
2019-12-02 21:18:33.340 DEBUG --- [BaseJdbcLogger.java:159][http-nio-8088-exec-10] - <==      Total: 1
2019-12-02 21:18:33.340 DEBUG --- [BaseJdbcLogger.java:159][http-nio-8088-exec-10] - ==>  Preparing: select u.acc_name scholat_username, u.chinese_name chinese_name, u.degree degree, u.work_unit work_unit, u.address address, u.scholar_title scholat_title, u.scholar_field scholat_field, u.picture_url picture_url, u.work_email email from user_profile u join (select user2 friends from friends_relation where user1 = ? union select user1 from friends_relation where user2 = ?) as a on a.friends = u.acc_id 
2019-12-02 21:18:33.341 DEBUG --- [BaseJdbcLogger.java:159][http-nio-8088-exec-10] - ==> Parameters: 2015(Long), 2015(Long)
2019-12-02 21:18:33.426 DEBUG --- [BaseJdbcLogger.java:159][http-nio-8088-exec-10] - <==      Total: 224
2019-12-02 21:18:33.429 DEBUG --- [BaseJdbcLogger.java:159][http-nio-8088-exec-10] - ==>  Preparing: select u.acc_name scholat_username, u.chinese_name chinese_name, u.degree degree, u.work_unit work_unit, u.address address, u.scholar_title scholat_title, u.scholar_field scholat_field, u.picture_url picture_url, u.work_email email from user_profile u join (select user2 fans from friends_relation where user1 = ? union select user1 from friends_relation where user2 = ? union SELECT sender fans from pending_request where receiver=? ) as a on a.fans = u.acc_id 
2019-12-02 21:18:33.430 DEBUG --- [BaseJdbcLogger.java:159][http-nio-8088-exec-10] - ==> Parameters: 2015(Long), 2015(Long), 2015(Long)
2019-12-02 21:18:33.533 DEBUG --- [BaseJdbcLogger.java:159][http-nio-8088-exec-10] - <==      Total: 278
2019-12-02 21:18:33.534 DEBUG --- [BaseJdbcLogger.java:159][http-nio-8088-exec-10] - ==>  Preparing: select u.acc_name scholat_username, u.chinese_name chinese_name, u.degree degree, u.work_unit work_unit, u.address address, u.scholar_title scholat_title, u.scholar_field scholat_field, u.picture_url picture_url, u.work_email email from user_profile u join (select user2 fans from friends_relation where user1 = ? union select user1 from friends_relation where user2 = ? union SELECT receiver fans from pending_request where sender=? ) as a on a.fans = u.acc_id 
2019-12-02 21:18:33.535 DEBUG --- [BaseJdbcLogger.java:159][http-nio-8088-exec-10] - ==> Parameters: 2015(Long), 2015(Long), 2015(Long)
2019-12-02 21:18:33.754 DEBUG --- [BaseJdbcLogger.java:159][http-nio-8088-exec-10] - <==      Total: 299
2019-12-02 21:28:08.184 INFO  --- [HikariDataSource.java:350][Thread-23] - HikariPool-1 - Shutdown initiated...
2019-12-02 21:28:08.220 INFO  --- [HikariDataSource.java:352][Thread-23] - HikariPool-1 - Shutdown completed.
2019-12-02 21:28:09.620 INFO  --- [StartupInfoLogger.java:50][restartedMain] - Starting MyApplication on AchunOrigin-2.local with PID 75661 (/Users/achunorigin/project/A_Postgraduate/persona-teacher/persona-teacherHome-back/target/classes started by achunorigin in /Users/achunorigin/project/A_Postgraduate/persona-teacher/persona-teacherHome-back)
2019-12-02 21:28:09.620 INFO  --- [SpringApplication.java:675][restartedMain] - No active profile set, falling back to default profiles: default
2019-12-02 21:28:12.901 INFO  --- [StartupInfoLogger.java:59][restartedMain] - Started MyApplication in 3.33 seconds (JVM running for 14170.768)
2019-12-02 21:28:14.646 INFO  --- [HikariDataSource.java:110][http-nio-8088-exec-1] - HikariPool-2 - Starting...
2019-12-02 21:28:14.946 INFO  --- [HikariDataSource.java:123][http-nio-8088-exec-1] - HikariPool-2 - Start completed.
2019-12-02 21:28:14.947 DEBUG --- [BaseJdbcLogger.java:159][http-nio-8088-exec-1] - ==>  Preparing: select acc_id from user_profile where acc_name = ? 
2019-12-02 21:28:14.947 DEBUG --- [BaseJdbcLogger.java:159][http-nio-8088-exec-1] - ==> Parameters: zhudingju(String)
2019-12-02 21:28:14.966 DEBUG --- [BaseJdbcLogger.java:159][http-nio-8088-exec-1] - <==      Total: 1
2019-12-02 21:28:14.969 DEBUG --- [BaseJdbcLogger.java:159][http-nio-8088-exec-1] - ==>  Preparing: select u.acc_id id, u.acc_name scholat_username, u.chinese_name chinese_name, u.degree degree, u.work_unit work_unit, u.address address, u.scholar_title scholat_title, u.scholar_field scholat_field, u.picture_url picture_url, u.work_email email from user_profile u join (select user2 friends from friends_relation where user1 = ? union select user1 from friends_relation where user2 = ?) as a on a.friends = u.acc_id 
2019-12-02 21:28:14.970 DEBUG --- [BaseJdbcLogger.java:159][http-nio-8088-exec-1] - ==> Parameters: 2015(Long), 2015(Long)
2019-12-02 21:28:15.376 DEBUG --- [BaseJdbcLogger.java:159][http-nio-8088-exec-1] - <==      Total: 224
2019-12-02 21:28:15.378 DEBUG --- [BaseJdbcLogger.java:159][http-nio-8088-exec-1] - ==>  Preparing: select u.acc_id id, u.acc_name scholat_username, u.chinese_name chinese_name, u.degree degree, u.work_unit work_unit, u.address address, u.scholar_title scholat_title, u.scholar_field scholat_field, u.picture_url picture_url, u.work_email email from user_profile u join (select user2 fans from friends_relation where user1 = ? union select user1 from friends_relation where user2 = ? union SELECT sender fans from pending_request where receiver=? ) as a on a.fans = u.acc_id 
2019-12-02 21:28:15.378 DEBUG --- [BaseJdbcLogger.java:159][http-nio-8088-exec-1] - ==> Parameters: 2015(Long), 2015(Long), 2015(Long)
2019-12-02 21:28:15.413 DEBUG --- [BaseJdbcLogger.java:159][http-nio-8088-exec-1] - <==      Total: 278
2019-12-02 21:28:15.414 DEBUG --- [BaseJdbcLogger.java:159][http-nio-8088-exec-1] - ==>  Preparing: select u.acc_id id, u.acc_name scholat_username, u.chinese_name chinese_name, u.degree degree, u.work_unit work_unit, u.address address, u.scholar_title scholat_title, u.scholar_field scholat_field, u.picture_url picture_url, u.work_email email from user_profile u join (select user2 fans from friends_relation where user1 = ? union select user1 from friends_relation where user2 = ? union SELECT receiver fans from pending_request where sender=? ) as a on a.fans = u.acc_id 
2019-12-02 21:28:15.415 DEBUG --- [BaseJdbcLogger.java:159][http-nio-8088-exec-1] - ==> Parameters: 2015(Long), 2015(Long), 2015(Long)
2019-12-02 21:28:15.433 DEBUG --- [BaseJdbcLogger.java:159][http-nio-8088-exec-1] - <==      Total: 299
2019-12-02 21:45:16.758 DEBUG --- [BaseJdbcLogger.java:159][http-nio-8088-exec-2] - ==>  Preparing: select acc_id from user_profile where acc_name = ? 
2019-12-02 21:45:16.785 DEBUG --- [BaseJdbcLogger.java:159][http-nio-8088-exec-2] - ==> Parameters: zhudingju(String)
2019-12-02 21:45:17.414 DEBUG --- [BaseJdbcLogger.java:159][http-nio-8088-exec-2] - <==      Total: 1
2019-12-02 21:45:17.416 DEBUG --- [BaseJdbcLogger.java:159][http-nio-8088-exec-2] - ==>  Preparing: select u.acc_id id, u.acc_name scholat_username, u.chinese_name chinese_name, u.degree degree, u.work_unit work_unit, u.address address, u.scholar_title scholat_title, u.scholar_field scholat_field, u.picture_url picture_url, u.work_email email from user_profile u join (select user2 friends from friends_relation where user1 = ? union select user1 from friends_relation where user2 = ?) as a on a.friends = u.acc_id 
2019-12-02 21:45:17.417 DEBUG --- [BaseJdbcLogger.java:159][http-nio-8088-exec-2] - ==> Parameters: 2015(Long), 2015(Long)
2019-12-02 21:45:18.143 DEBUG --- [BaseJdbcLogger.java:159][http-nio-8088-exec-2] - <==      Total: 224
2019-12-02 21:45:18.145 DEBUG --- [BaseJdbcLogger.java:159][http-nio-8088-exec-2] - ==>  Preparing: select u.acc_id id, u.acc_name scholat_username, u.chinese_name chinese_name, u.degree degree, u.work_unit work_unit, u.address address, u.scholar_title scholat_title, u.scholar_field scholat_field, u.picture_url picture_url, u.work_email email from user_profile u join (select user2 fans from friends_relation where user1 = ? union select user1 from friends_relation where user2 = ? union SELECT sender fans from pending_request where receiver=? ) as a on a.fans = u.acc_id 
2019-12-02 21:45:18.147 DEBUG --- [BaseJdbcLogger.java:159][http-nio-8088-exec-2] - ==> Parameters: 2015(Long), 2015(Long), 2015(Long)
2019-12-02 21:45:18.245 DEBUG --- [BaseJdbcLogger.java:159][http-nio-8088-exec-2] - <==      Total: 278
2019-12-02 21:45:18.246 DEBUG --- [BaseJdbcLogger.java:159][http-nio-8088-exec-2] - ==>  Preparing: select u.acc_id id, u.acc_name scholat_username, u.chinese_name chinese_name, u.degree degree, u.work_unit work_unit, u.address address, u.scholar_title scholat_title, u.scholar_field scholat_field, u.picture_url picture_url, u.work_email email from user_profile u join (select user2 fans from friends_relation where user1 = ? union select user1 from friends_relation where user2 = ? union SELECT receiver fans from pending_request where sender=? ) as a on a.fans = u.acc_id 
2019-12-02 21:45:18.247 DEBUG --- [BaseJdbcLogger.java:159][http-nio-8088-exec-2] - ==> Parameters: 2015(Long), 2015(Long), 2015(Long)
2019-12-02 21:45:18.262 DEBUG --- [BaseJdbcLogger.java:159][http-nio-8088-exec-2] - <==      Total: 299
2019-12-02 23:00:16.334 WARN  --- [HikariPool.java:766][HikariPool-2 housekeeper] - HikariPool-2 - Thread starvation or clock leap detected (housekeeper delta=48m30s734ms).
2019-12-02 23:21:16.615 WARN  --- [HikariPool.java:766][HikariPool-2 housekeeper] - HikariPool-2 - Thread starvation or clock leap detected (housekeeper delta=20m30s8ms).
2019-12-02 23:30:09.150 WARN  --- [HikariPool.java:766][HikariPool-2 housekeeper] - HikariPool-2 - Thread starvation or clock leap detected (housekeeper delta=8m52s537ms).
2019-12-02 23:51:10.388 WARN  --- [HikariPool.java:766][HikariPool-2 housekeeper] - HikariPool-2 - Thread starvation or clock leap detected (housekeeper delta=20m30s768ms).
