2019-08-31 02:29:19.714 WARN  --- [HikariPool.java:766][HikariPool-1 housekeeper] - HikariPool-1 - Thread starvation or clock leap detected (housekeeper delta=20m30s535ms).
2019-08-31 03:00:17.429 WARN  --- [HikariPool.java:766][HikariPool-1 housekeeper] - HikariPool-1 - Thread starvation or clock leap detected (housekeeper delta=30m27s705ms).
2019-08-31 03:45:36.471 WARN  --- [HikariPool.java:766][HikariPool-1 housekeeper] - HikariPool-1 - Thread starvation or clock leap detected (housekeeper delta=33m48s899ms).
2019-08-31 04:53:17.156 WARN  --- [HikariPool.java:766][HikariPool-1 housekeeper] - HikariPool-1 - Thread starvation or clock leap detected (housekeeper delta=38m10s270ms).
2019-08-31 06:01:49.497 WARN  --- [HikariPool.java:766][HikariPool-1 housekeeper] - HikariPool-1 - Thread starvation or clock leap detected (housekeeper delta=38m31s957ms).
2019-08-31 07:06:27.100 WARN  --- [HikariPool.java:766][HikariPool-1 housekeeper] - HikariPool-1 - Thread starvation or clock leap detected (housekeeper delta=34m7s190ms).
2019-08-31 08:12:14.840 WARN  --- [HikariPool.java:766][HikariPool-1 housekeeper] - HikariPool-1 - Thread starvation or clock leap detected (housekeeper delta=35m47s361ms).
2019-08-31 09:24:18.169 WARN  --- [HikariPool.java:766][HikariPool-1 housekeeper] - HikariPool-1 - Thread starvation or clock leap detected (housekeeper delta=28m2s724ms).
2019-08-31 09:24:47.906 WARN  --- [HikariPool.java:758][HikariPool-1 housekeeper] - HikariPool-1 - Retrograde clock change detected (housekeeper delta=29s737ms), soft-evicting connections from pool.
2019-08-31 09:34:57.805 WARN  --- [HikariPool.java:766][HikariPool-1 housekeeper] - HikariPool-1 - Thread starvation or clock leap detected (housekeeper delta=10m9s899ms).
2019-08-31 15:30:20.310 DEBUG --- [BaseJdbcLogger.java:159][http-nio-8080-exec-1] - ==>  Preparing: SELECT u.school_name schoolName, u.unit_name unitName, u.school_eng schoolEng, u.unit_eng unitEng, u.college_url collegeUrl, u.logo_url logoUrl FROM school_unit u WHERE u.id = ? 
2019-08-31 15:30:20.322 DEBUG --- [BaseJdbcLogger.java:159][http-nio-8080-exec-1] - ==> Parameters: null
2019-08-31 15:30:20.364 DEBUG --- [BaseJdbcLogger.java:159][http-nio-8080-exec-1] - <==      Total: 0
2019-08-31 15:30:20.834 DEBUG --- [BaseJdbcLogger.java:159][http-nio-8080-exec-8] - ==>  Preparing: SELECT u.school_name schoolName, u.unit_name unitName, u.school_eng schoolEng, u.unit_eng unitEng, u.college_url collegeUrl, u.logo_url logoUrl FROM school_unit u WHERE u.id = ? 
2019-08-31 15:30:20.835 DEBUG --- [BaseJdbcLogger.java:159][http-nio-8080-exec-8] - ==> Parameters: null
2019-08-31 15:30:20.877 DEBUG --- [BaseJdbcLogger.java:159][http-nio-8080-exec-8] - <==      Total: 0
2019-08-31 15:30:21.642 DEBUG --- [BaseJdbcLogger.java:159][http-nio-8080-exec-9] - ==>  Preparing: SELECT u.user_id userId, u.username username, u.password password, u.role role FROM login u WHERE u.username = ? AND u.password = ? AND u.state = '1' AND u.role = ? 
2019-08-31 15:30:21.644 DEBUG --- [BaseJdbcLogger.java:159][http-nio-8080-exec-9] - ==> Parameters: scnu(String), 1cd61bb103149a08c529c96a31effae2(String), unit(String)
2019-08-31 15:30:21.693 DEBUG --- [BaseJdbcLogger.java:159][http-nio-8080-exec-9] - <==      Total: 1
2019-08-31 15:30:21.719 DEBUG --- [BaseJdbcLogger.java:159][http-nio-8080-exec-10] - ==>  Preparing: SELECT k.id userId, k.nickname nickname, k.username username, k.role_id roleId, k.unit_id unitId, k.role_name roleName, p.menu_code menuCode, p.permission_code permissionCode FROM(select a.*,substring_index(substring_index(a.permission_ids,',',b.help_topic_id+1),',',-1) pId from (SELECT t.*,sys_role.role_name,sys_role.permission_ids FROM(SELECT u.id, u.nickname, u.username, u.role_id, u.unit_id FROM unit_profile u WHERE u.username = ? AND u.state = '1')t LEFT JOIN sys_role ON t.role_id = sys_role.id) a join mysql.help_topic b on b.help_topic_id < (length(a.permission_ids) - length(replace(a.permission_ids,',',''))+1)) k LEFT JOIN sys_permission p ON k.pId = p.id 
2019-08-31 15:30:21.720 DEBUG --- [BaseJdbcLogger.java:159][http-nio-8080-exec-10] - ==> Parameters: scnu(String)
2019-08-31 15:30:21.757 DEBUG --- [BaseJdbcLogger.java:159][http-nio-8080-exec-10] - <==      Total: 11
2019-08-31 15:30:21.982 INFO  --- [UserRealm.java:50][http-nio-8080-exec-2] - permission的值为:{"menuList":["teacher","role","user"],"roleId":1,"nickname":"nick1","roleName":"高级管理员","unitId":1,"permissionList":["user:list","user:add","role:update","teacher:list","teacher:update","role:list","teacher:add","user:update","role:delete","role:add","teacher:delete"],"userId":1,"username":"scnu"}
2019-08-31 15:30:21.984 INFO  --- [UserRealm.java:51][http-nio-8080-exec-2] - 本用户权限为:[user:list, user:add, role:update, teacher:list, teacher:update, role:list, teacher:add, user:update, role:delete, role:add, teacher:delete]
2019-08-31 15:30:21.992 DEBUG --- [BaseJdbcLogger.java:159][http-nio-8080-exec-2] - ==>  Preparing: SELECT count(0) FROM teacher_profile t WHERE t.state = '1' AND t.unit_id = ? 
2019-08-31 15:30:22.004 DEBUG --- [BaseJdbcLogger.java:159][http-nio-8080-exec-2] - ==> Parameters: 1(Long)
2019-08-31 15:30:22.047 DEBUG --- [BaseJdbcLogger.java:159][http-nio-8080-exec-2] - <==      Total: 1
2019-08-31 15:30:22.049 DEBUG --- [BaseJdbcLogger.java:159][http-nio-8080-exec-2] - ==>  Preparing: select t.id id, t.username name, t.email email, t.avatar avatar, t.state state, t.views views, t.post post, t.scholat_username scholat_username, date_format(t.update_time, '%Y.%m.%d %T') update_time, date_format(t.create_time, '%Y.%m.%d %T') create_time FROM teacher_profile t WHERE t.unit_id = ? ORDER BY update_time desc LIMIT ?,? 
2019-08-31 15:30:22.051 DEBUG --- [BaseJdbcLogger.java:159][http-nio-8080-exec-2] - ==> Parameters: 1(Long), 0(Integer), 10(Integer)
2019-08-31 15:30:22.076 DEBUG --- [BaseJdbcLogger.java:159][http-nio-8080-exec-2] - <==      Total: 10
2019-08-31 15:30:29.687 INFO  --- [UserRealm.java:50][http-nio-8080-exec-4] - permission的值为:{"menuList":["teacher","role","user"],"roleId":1,"nickname":"nick1","roleName":"高级管理员","unitId":1,"permissionList":["user:list","user:add","role:update","teacher:list","teacher:update","role:list","teacher:add","user:update","role:delete","role:add","teacher:delete"],"userId":1,"username":"scnu"}
2019-08-31 15:30:29.688 INFO  --- [UserRealm.java:51][http-nio-8080-exec-4] - 本用户权限为:[user:list, user:add, role:update, teacher:list, teacher:update, role:list, teacher:add, user:update, role:delete, role:add, teacher:delete]
2019-08-31 15:30:29.696 DEBUG --- [BaseJdbcLogger.java:159][http-nio-8080-exec-4] - ==>  Preparing: delete from teacher_profile where id = ? 
2019-08-31 15:30:29.697 DEBUG --- [BaseJdbcLogger.java:159][http-nio-8080-exec-4] - ==> Parameters: 77(Integer)
2019-08-31 15:30:29.778 DEBUG --- [BaseJdbcLogger.java:159][http-nio-8080-exec-4] - <==    Updates: 1
2019-08-31 15:30:29.803 INFO  --- [UserRealm.java:50][http-nio-8080-exec-3] - permission的值为:{"menuList":["teacher","role","user"],"roleId":1,"nickname":"nick1","roleName":"高级管理员","unitId":1,"permissionList":["user:list","user:add","role:update","teacher:list","teacher:update","role:list","teacher:add","user:update","role:delete","role:add","teacher:delete"],"userId":1,"username":"scnu"}
2019-08-31 15:30:29.803 INFO  --- [UserRealm.java:51][http-nio-8080-exec-3] - 本用户权限为:[user:list, user:add, role:update, teacher:list, teacher:update, role:list, teacher:add, user:update, role:delete, role:add, teacher:delete]
2019-08-31 15:30:29.804 DEBUG --- [BaseJdbcLogger.java:159][http-nio-8080-exec-3] - ==>  Preparing: SELECT count(0) FROM teacher_profile t WHERE t.state = '1' AND t.unit_id = ? 
2019-08-31 15:30:29.804 DEBUG --- [BaseJdbcLogger.java:159][http-nio-8080-exec-3] - ==> Parameters: 1(Long)
2019-08-31 15:30:29.860 DEBUG --- [BaseJdbcLogger.java:159][http-nio-8080-exec-3] - <==      Total: 1
2019-08-31 15:30:29.862 DEBUG --- [BaseJdbcLogger.java:159][http-nio-8080-exec-3] - ==>  Preparing: select t.id id, t.username name, t.email email, t.avatar avatar, t.state state, t.views views, t.post post, t.scholat_username scholat_username, date_format(t.update_time, '%Y.%m.%d %T') update_time, date_format(t.create_time, '%Y.%m.%d %T') create_time FROM teacher_profile t WHERE t.unit_id = ? ORDER BY update_time desc LIMIT ?,? 
2019-08-31 15:30:29.862 DEBUG --- [BaseJdbcLogger.java:159][http-nio-8080-exec-3] - ==> Parameters: 1(Long), 0(Integer), 10(Integer)
2019-08-31 15:30:29.864 DEBUG --- [BaseJdbcLogger.java:159][http-nio-8080-exec-3] - <==      Total: 10
2019-08-31 15:30:32.696 INFO  --- [UserRealm.java:50][http-nio-8080-exec-6] - permission的值为:{"menuList":["teacher","role","user"],"roleId":1,"nickname":"nick1","roleName":"高级管理员","unitId":1,"permissionList":["user:list","user:add","role:update","teacher:list","teacher:update","role:list","teacher:add","user:update","role:delete","role:add","teacher:delete"],"userId":1,"username":"scnu"}
2019-08-31 15:30:32.696 INFO  --- [UserRealm.java:51][http-nio-8080-exec-6] - 本用户权限为:[user:list, user:add, role:update, teacher:list, teacher:update, role:list, teacher:add, user:update, role:delete, role:add, teacher:delete]
2019-08-31 15:30:32.697 DEBUG --- [BaseJdbcLogger.java:159][http-nio-8080-exec-6] - ==>  Preparing: delete from teacher_profile where id = ? 
2019-08-31 15:30:32.698 DEBUG --- [BaseJdbcLogger.java:159][http-nio-8080-exec-6] - ==> Parameters: 78(Integer)
2019-08-31 15:30:32.767 DEBUG --- [BaseJdbcLogger.java:159][http-nio-8080-exec-6] - <==    Updates: 1
2019-08-31 15:30:32.788 INFO  --- [UserRealm.java:50][http-nio-8080-exec-5] - permission的值为:{"menuList":["teacher","role","user"],"roleId":1,"nickname":"nick1","roleName":"高级管理员","unitId":1,"permissionList":["user:list","user:add","role:update","teacher:list","teacher:update","role:list","teacher:add","user:update","role:delete","role:add","teacher:delete"],"userId":1,"username":"scnu"}
2019-08-31 15:30:32.789 INFO  --- [UserRealm.java:51][http-nio-8080-exec-5] - 本用户权限为:[user:list, user:add, role:update, teacher:list, teacher:update, role:list, teacher:add, user:update, role:delete, role:add, teacher:delete]
2019-08-31 15:30:32.789 DEBUG --- [BaseJdbcLogger.java:159][http-nio-8080-exec-5] - ==>  Preparing: SELECT count(0) FROM teacher_profile t WHERE t.state = '1' AND t.unit_id = ? 
2019-08-31 15:30:32.790 DEBUG --- [BaseJdbcLogger.java:159][http-nio-8080-exec-5] - ==> Parameters: 1(Long)
2019-08-31 15:30:32.791 DEBUG --- [BaseJdbcLogger.java:159][http-nio-8080-exec-5] - <==      Total: 1
2019-08-31 15:30:32.791 DEBUG --- [BaseJdbcLogger.java:159][http-nio-8080-exec-5] - ==>  Preparing: select t.id id, t.username name, t.email email, t.avatar avatar, t.state state, t.views views, t.post post, t.scholat_username scholat_username, date_format(t.update_time, '%Y.%m.%d %T') update_time, date_format(t.create_time, '%Y.%m.%d %T') create_time FROM teacher_profile t WHERE t.unit_id = ? ORDER BY update_time desc LIMIT ?,? 
2019-08-31 15:30:32.792 DEBUG --- [BaseJdbcLogger.java:159][http-nio-8080-exec-5] - ==> Parameters: 1(Long), 0(Integer), 10(Integer)
2019-08-31 15:30:32.833 DEBUG --- [BaseJdbcLogger.java:159][http-nio-8080-exec-5] - <==      Total: 10
2019-08-31 15:30:39.733 INFO  --- [UserRealm.java:50][http-nio-8080-exec-7] - permission的值为:{"menuList":["teacher","role","user"],"roleId":1,"nickname":"nick1","roleName":"高级管理员","unitId":1,"permissionList":["user:list","user:add","role:update","teacher:list","teacher:update","role:list","teacher:add","user:update","role:delete","role:add","teacher:delete"],"userId":1,"username":"scnu"}
2019-08-31 15:30:39.734 INFO  --- [UserRealm.java:51][http-nio-8080-exec-7] - 本用户权限为:[user:list, user:add, role:update, teacher:list, teacher:update, role:list, teacher:add, user:update, role:delete, role:add, teacher:delete]
2019-08-31 15:30:39.736 DEBUG --- [BaseJdbcLogger.java:159][http-nio-8080-exec-7] - ==>  Preparing: delete from teacher_profile where id = ? 
2019-08-31 15:30:39.736 DEBUG --- [BaseJdbcLogger.java:159][http-nio-8080-exec-7] - ==> Parameters: 75(Integer)
2019-08-31 15:30:39.970 DEBUG --- [BaseJdbcLogger.java:159][http-nio-8080-exec-7] - <==    Updates: 1
2019-08-31 15:30:39.991 INFO  --- [UserRealm.java:50][http-nio-8080-exec-1] - permission的值为:{"menuList":["teacher","role","user"],"roleId":1,"nickname":"nick1","roleName":"高级管理员","unitId":1,"permissionList":["user:list","user:add","role:update","teacher:list","teacher:update","role:list","teacher:add","user:update","role:delete","role:add","teacher:delete"],"userId":1,"username":"scnu"}
2019-08-31 15:30:39.991 INFO  --- [UserRealm.java:51][http-nio-8080-exec-1] - 本用户权限为:[user:list, user:add, role:update, teacher:list, teacher:update, role:list, teacher:add, user:update, role:delete, role:add, teacher:delete]
2019-08-31 15:30:39.992 DEBUG --- [BaseJdbcLogger.java:159][http-nio-8080-exec-1] - ==>  Preparing: SELECT count(0) FROM teacher_profile t WHERE t.state = '1' AND t.unit_id = ? 
2019-08-31 15:30:39.993 DEBUG --- [BaseJdbcLogger.java:159][http-nio-8080-exec-1] - ==> Parameters: 1(Long)
2019-08-31 15:30:39.994 DEBUG --- [BaseJdbcLogger.java:159][http-nio-8080-exec-1] - <==      Total: 1
2019-08-31 15:30:39.995 DEBUG --- [BaseJdbcLogger.java:159][http-nio-8080-exec-1] - ==>  Preparing: select t.id id, t.username name, t.email email, t.avatar avatar, t.state state, t.views views, t.post post, t.scholat_username scholat_username, date_format(t.update_time, '%Y.%m.%d %T') update_time, date_format(t.create_time, '%Y.%m.%d %T') create_time FROM teacher_profile t WHERE t.unit_id = ? ORDER BY update_time desc LIMIT ?,? 
2019-08-31 15:30:39.995 DEBUG --- [BaseJdbcLogger.java:159][http-nio-8080-exec-1] - ==> Parameters: 1(Long), 0(Integer), 10(Integer)
2019-08-31 15:30:39.996 DEBUG --- [BaseJdbcLogger.java:159][http-nio-8080-exec-1] - <==      Total: 10
2019-08-31 15:30:46.998 INFO  --- [UserRealm.java:50][http-nio-8080-exec-8] - permission的值为:{"menuList":["teacher","role","user"],"roleId":1,"nickname":"nick1","roleName":"高级管理员","unitId":1,"permissionList":["user:list","user:add","role:update","teacher:list","teacher:update","role:list","teacher:add","user:update","role:delete","role:add","teacher:delete"],"userId":1,"username":"scnu"}
2019-08-31 15:30:46.998 INFO  --- [UserRealm.java:51][http-nio-8080-exec-8] - 本用户权限为:[user:list, user:add, role:update, teacher:list, teacher:update, role:list, teacher:add, user:update, role:delete, role:add, teacher:delete]
2019-08-31 15:30:46.999 DEBUG --- [BaseJdbcLogger.java:159][http-nio-8080-exec-8] - ==>  Preparing: delete from teacher_profile where id = ? 
2019-08-31 15:30:47.000 DEBUG --- [BaseJdbcLogger.java:159][http-nio-8080-exec-8] - ==> Parameters: 64(Integer)
2019-08-31 15:30:47.068 DEBUG --- [BaseJdbcLogger.java:159][http-nio-8080-exec-8] - <==    Updates: 1
2019-08-31 15:30:47.090 INFO  --- [UserRealm.java:50][http-nio-8080-exec-9] - permission的值为:{"menuList":["teacher","role","user"],"roleId":1,"nickname":"nick1","roleName":"高级管理员","unitId":1,"permissionList":["user:list","user:add","role:update","teacher:list","teacher:update","role:list","teacher:add","user:update","role:delete","role:add","teacher:delete"],"userId":1,"username":"scnu"}
2019-08-31 15:30:47.091 INFO  --- [UserRealm.java:51][http-nio-8080-exec-9] - 本用户权限为:[user:list, user:add, role:update, teacher:list, teacher:update, role:list, teacher:add, user:update, role:delete, role:add, teacher:delete]
2019-08-31 15:30:47.092 DEBUG --- [BaseJdbcLogger.java:159][http-nio-8080-exec-9] - ==>  Preparing: SELECT count(0) FROM teacher_profile t WHERE t.state = '1' AND t.unit_id = ? 
2019-08-31 15:30:47.092 DEBUG --- [BaseJdbcLogger.java:159][http-nio-8080-exec-9] - ==> Parameters: 1(Long)
2019-08-31 15:30:47.093 DEBUG --- [BaseJdbcLogger.java:159][http-nio-8080-exec-9] - <==      Total: 1
2019-08-31 15:30:47.094 DEBUG --- [BaseJdbcLogger.java:159][http-nio-8080-exec-9] - ==>  Preparing: select t.id id, t.username name, t.email email, t.avatar avatar, t.state state, t.views views, t.post post, t.scholat_username scholat_username, date_format(t.update_time, '%Y.%m.%d %T') update_time, date_format(t.create_time, '%Y.%m.%d %T') create_time FROM teacher_profile t WHERE t.unit_id = ? ORDER BY update_time desc LIMIT ?,? 
2019-08-31 15:30:47.095 DEBUG --- [BaseJdbcLogger.java:159][http-nio-8080-exec-9] - ==> Parameters: 1(Long), 0(Integer), 10(Integer)
2019-08-31 15:30:47.096 DEBUG --- [BaseJdbcLogger.java:159][http-nio-8080-exec-9] - <==      Total: 10
2019-08-31 15:30:50.837 INFO  --- [UserRealm.java:50][http-nio-8080-exec-10] - permission的值为:{"menuList":["teacher","role","user"],"roleId":1,"nickname":"nick1","roleName":"高级管理员","unitId":1,"permissionList":["user:list","user:add","role:update","teacher:list","teacher:update","role:list","teacher:add","user:update","role:delete","role:add","teacher:delete"],"userId":1,"username":"scnu"}
2019-08-31 15:30:50.838 INFO  --- [UserRealm.java:51][http-nio-8080-exec-10] - 本用户权限为:[user:list, user:add, role:update, teacher:list, teacher:update, role:list, teacher:add, user:update, role:delete, role:add, teacher:delete]
2019-08-31 15:30:50.845 DEBUG --- [BaseJdbcLogger.java:159][http-nio-8080-exec-10] - ==>  Preparing: delete from teacher_profile where id = ? 
2019-08-31 15:30:50.846 DEBUG --- [BaseJdbcLogger.java:159][http-nio-8080-exec-10] - ==> Parameters: 67(Integer)
2019-08-31 15:30:50.896 DEBUG --- [BaseJdbcLogger.java:159][http-nio-8080-exec-10] - <==    Updates: 1
2019-08-31 15:30:50.918 INFO  --- [UserRealm.java:50][http-nio-8080-exec-2] - permission的值为:{"menuList":["teacher","role","user"],"roleId":1,"nickname":"nick1","roleName":"高级管理员","unitId":1,"permissionList":["user:list","user:add","role:update","teacher:list","teacher:update","role:list","teacher:add","user:update","role:delete","role:add","teacher:delete"],"userId":1,"username":"scnu"}
2019-08-31 15:30:50.918 INFO  --- [UserRealm.java:51][http-nio-8080-exec-2] - 本用户权限为:[user:list, user:add, role:update, teacher:list, teacher:update, role:list, teacher:add, user:update, role:delete, role:add, teacher:delete]
2019-08-31 15:30:50.919 DEBUG --- [BaseJdbcLogger.java:159][http-nio-8080-exec-2] - ==>  Preparing: SELECT count(0) FROM teacher_profile t WHERE t.state = '1' AND t.unit_id = ? 
2019-08-31 15:30:50.919 DEBUG --- [BaseJdbcLogger.java:159][http-nio-8080-exec-2] - ==> Parameters: 1(Long)
2019-08-31 15:30:50.920 DEBUG --- [BaseJdbcLogger.java:159][http-nio-8080-exec-2] - <==      Total: 1
2019-08-31 15:30:50.921 DEBUG --- [BaseJdbcLogger.java:159][http-nio-8080-exec-2] - ==>  Preparing: select t.id id, t.username name, t.email email, t.avatar avatar, t.state state, t.views views, t.post post, t.scholat_username scholat_username, date_format(t.update_time, '%Y.%m.%d %T') update_time, date_format(t.create_time, '%Y.%m.%d %T') create_time FROM teacher_profile t WHERE t.unit_id = ? ORDER BY update_time desc LIMIT ?,? 
2019-08-31 15:30:50.921 DEBUG --- [BaseJdbcLogger.java:159][http-nio-8080-exec-2] - ==> Parameters: 1(Long), 0(Integer), 10(Integer)
2019-08-31 15:30:50.923 DEBUG --- [BaseJdbcLogger.java:159][http-nio-8080-exec-2] - <==      Total: 10
2019-08-31 15:30:53.528 INFO  --- [UserRealm.java:50][http-nio-8080-exec-4] - permission的值为:{"menuList":["teacher","role","user"],"roleId":1,"nickname":"nick1","roleName":"高级管理员","unitId":1,"permissionList":["user:list","user:add","role:update","teacher:list","teacher:update","role:list","teacher:add","user:update","role:delete","role:add","teacher:delete"],"userId":1,"username":"scnu"}
2019-08-31 15:30:53.528 INFO  --- [UserRealm.java:51][http-nio-8080-exec-4] - 本用户权限为:[user:list, user:add, role:update, teacher:list, teacher:update, role:list, teacher:add, user:update, role:delete, role:add, teacher:delete]
2019-08-31 15:30:53.529 DEBUG --- [BaseJdbcLogger.java:159][http-nio-8080-exec-4] - ==>  Preparing: delete from teacher_profile where id = ? 
2019-08-31 15:30:53.530 DEBUG --- [BaseJdbcLogger.java:159][http-nio-8080-exec-4] - ==> Parameters: 68(Integer)
2019-08-31 15:30:53.602 DEBUG --- [BaseJdbcLogger.java:159][http-nio-8080-exec-4] - <==    Updates: 1
2019-08-31 15:30:53.622 INFO  --- [UserRealm.java:50][http-nio-8080-exec-3] - permission的值为:{"menuList":["teacher","role","user"],"roleId":1,"nickname":"nick1","roleName":"高级管理员","unitId":1,"permissionList":["user:list","user:add","role:update","teacher:list","teacher:update","role:list","teacher:add","user:update","role:delete","role:add","teacher:delete"],"userId":1,"username":"scnu"}
2019-08-31 15:30:53.622 INFO  --- [UserRealm.java:51][http-nio-8080-exec-3] - 本用户权限为:[user:list, user:add, role:update, teacher:list, teacher:update, role:list, teacher:add, user:update, role:delete, role:add, teacher:delete]
2019-08-31 15:30:53.622 DEBUG --- [BaseJdbcLogger.java:159][http-nio-8080-exec-3] - ==>  Preparing: SELECT count(0) FROM teacher_profile t WHERE t.state = '1' AND t.unit_id = ? 
2019-08-31 15:30:53.623 DEBUG --- [BaseJdbcLogger.java:159][http-nio-8080-exec-3] - ==> Parameters: 1(Long)
2019-08-31 15:30:53.624 DEBUG --- [BaseJdbcLogger.java:159][http-nio-8080-exec-3] - <==      Total: 1
2019-08-31 15:30:53.624 DEBUG --- [BaseJdbcLogger.java:159][http-nio-8080-exec-3] - ==>  Preparing: select t.id id, t.username name, t.email email, t.avatar avatar, t.state state, t.views views, t.post post, t.scholat_username scholat_username, date_format(t.update_time, '%Y.%m.%d %T') update_time, date_format(t.create_time, '%Y.%m.%d %T') create_time FROM teacher_profile t WHERE t.unit_id = ? ORDER BY update_time desc LIMIT ?,? 
2019-08-31 15:30:53.625 DEBUG --- [BaseJdbcLogger.java:159][http-nio-8080-exec-3] - ==> Parameters: 1(Long), 0(Integer), 10(Integer)
2019-08-31 15:30:53.626 DEBUG --- [BaseJdbcLogger.java:159][http-nio-8080-exec-3] - <==      Total: 10
2019-08-31 15:30:56.215 INFO  --- [UserRealm.java:50][http-nio-8080-exec-6] - permission的值为:{"menuList":["teacher","role","user"],"roleId":1,"nickname":"nick1","roleName":"高级管理员","unitId":1,"permissionList":["user:list","user:add","role:update","teacher:list","teacher:update","role:list","teacher:add","user:update","role:delete","role:add","teacher:delete"],"userId":1,"username":"scnu"}
2019-08-31 15:30:56.215 INFO  --- [UserRealm.java:51][http-nio-8080-exec-6] - 本用户权限为:[user:list, user:add, role:update, teacher:list, teacher:update, role:list, teacher:add, user:update, role:delete, role:add, teacher:delete]
2019-08-31 15:30:56.217 DEBUG --- [BaseJdbcLogger.java:159][http-nio-8080-exec-6] - ==>  Preparing: delete from teacher_profile where id = ? 
2019-08-31 15:30:56.217 DEBUG --- [BaseJdbcLogger.java:159][http-nio-8080-exec-6] - ==> Parameters: 69(Integer)
2019-08-31 15:30:56.398 DEBUG --- [BaseJdbcLogger.java:159][http-nio-8080-exec-6] - <==    Updates: 1
2019-08-31 15:30:56.426 INFO  --- [UserRealm.java:50][http-nio-8080-exec-5] - permission的值为:{"menuList":["teacher","role","user"],"roleId":1,"nickname":"nick1","roleName":"高级管理员","unitId":1,"permissionList":["user:list","user:add","role:update","teacher:list","teacher:update","role:list","teacher:add","user:update","role:delete","role:add","teacher:delete"],"userId":1,"username":"scnu"}
2019-08-31 15:30:56.426 INFO  --- [UserRealm.java:51][http-nio-8080-exec-5] - 本用户权限为:[user:list, user:add, role:update, teacher:list, teacher:update, role:list, teacher:add, user:update, role:delete, role:add, teacher:delete]
2019-08-31 15:30:56.427 DEBUG --- [BaseJdbcLogger.java:159][http-nio-8080-exec-5] - ==>  Preparing: SELECT count(0) FROM teacher_profile t WHERE t.state = '1' AND t.unit_id = ? 
2019-08-31 15:30:56.428 DEBUG --- [BaseJdbcLogger.java:159][http-nio-8080-exec-5] - ==> Parameters: 1(Long)
2019-08-31 15:30:56.428 DEBUG --- [BaseJdbcLogger.java:159][http-nio-8080-exec-5] - <==      Total: 1
2019-08-31 15:30:56.429 DEBUG --- [BaseJdbcLogger.java:159][http-nio-8080-exec-5] - ==>  Preparing: select t.id id, t.username name, t.email email, t.avatar avatar, t.state state, t.views views, t.post post, t.scholat_username scholat_username, date_format(t.update_time, '%Y.%m.%d %T') update_time, date_format(t.create_time, '%Y.%m.%d %T') create_time FROM teacher_profile t WHERE t.unit_id = ? ORDER BY update_time desc LIMIT ?,? 
2019-08-31 15:30:56.429 DEBUG --- [BaseJdbcLogger.java:159][http-nio-8080-exec-5] - ==> Parameters: 1(Long), 0(Integer), 10(Integer)
2019-08-31 15:30:56.432 DEBUG --- [BaseJdbcLogger.java:159][http-nio-8080-exec-5] - <==      Total: 10
2019-08-31 15:30:58.630 INFO  --- [UserRealm.java:50][http-nio-8080-exec-7] - permission的值为:{"menuList":["teacher","role","user"],"roleId":1,"nickname":"nick1","roleName":"高级管理员","unitId":1,"permissionList":["user:list","user:add","role:update","teacher:list","teacher:update","role:list","teacher:add","user:update","role:delete","role:add","teacher:delete"],"userId":1,"username":"scnu"}
2019-08-31 15:30:58.630 INFO  --- [UserRealm.java:51][http-nio-8080-exec-7] - 本用户权限为:[user:list, user:add, role:update, teacher:list, teacher:update, role:list, teacher:add, user:update, role:delete, role:add, teacher:delete]
2019-08-31 15:30:58.631 DEBUG --- [BaseJdbcLogger.java:159][http-nio-8080-exec-7] - ==>  Preparing: delete from teacher_profile where id = ? 
2019-08-31 15:30:58.632 DEBUG --- [BaseJdbcLogger.java:159][http-nio-8080-exec-7] - ==> Parameters: 70(Integer)
2019-08-31 15:30:58.798 DEBUG --- [BaseJdbcLogger.java:159][http-nio-8080-exec-7] - <==    Updates: 1
2019-08-31 15:30:58.822 INFO  --- [UserRealm.java:50][http-nio-8080-exec-1] - permission的值为:{"menuList":["teacher","role","user"],"roleId":1,"nickname":"nick1","roleName":"高级管理员","unitId":1,"permissionList":["user:list","user:add","role:update","teacher:list","teacher:update","role:list","teacher:add","user:update","role:delete","role:add","teacher:delete"],"userId":1,"username":"scnu"}
2019-08-31 15:30:58.822 INFO  --- [UserRealm.java:51][http-nio-8080-exec-1] - 本用户权限为:[user:list, user:add, role:update, teacher:list, teacher:update, role:list, teacher:add, user:update, role:delete, role:add, teacher:delete]
2019-08-31 15:30:58.823 DEBUG --- [BaseJdbcLogger.java:159][http-nio-8080-exec-1] - ==>  Preparing: SELECT count(0) FROM teacher_profile t WHERE t.state = '1' AND t.unit_id = ? 
2019-08-31 15:30:58.824 DEBUG --- [BaseJdbcLogger.java:159][http-nio-8080-exec-1] - ==> Parameters: 1(Long)
2019-08-31 15:30:58.825 DEBUG --- [BaseJdbcLogger.java:159][http-nio-8080-exec-1] - <==      Total: 1
2019-08-31 15:30:58.826 DEBUG --- [BaseJdbcLogger.java:159][http-nio-8080-exec-1] - ==>  Preparing: select t.id id, t.username name, t.email email, t.avatar avatar, t.state state, t.views views, t.post post, t.scholat_username scholat_username, date_format(t.update_time, '%Y.%m.%d %T') update_time, date_format(t.create_time, '%Y.%m.%d %T') create_time FROM teacher_profile t WHERE t.unit_id = ? ORDER BY update_time desc LIMIT ?,? 
2019-08-31 15:30:58.827 DEBUG --- [BaseJdbcLogger.java:159][http-nio-8080-exec-1] - ==> Parameters: 1(Long), 0(Integer), 10(Integer)
2019-08-31 15:30:58.828 DEBUG --- [BaseJdbcLogger.java:159][http-nio-8080-exec-1] - <==      Total: 10
2019-08-31 15:31:01.301 INFO  --- [UserRealm.java:50][http-nio-8080-exec-8] - permission的值为:{"menuList":["teacher","role","user"],"roleId":1,"nickname":"nick1","roleName":"高级管理员","unitId":1,"permissionList":["user:list","user:add","role:update","teacher:list","teacher:update","role:list","teacher:add","user:update","role:delete","role:add","teacher:delete"],"userId":1,"username":"scnu"}
2019-08-31 15:31:01.302 INFO  --- [UserRealm.java:51][http-nio-8080-exec-8] - 本用户权限为:[user:list, user:add, role:update, teacher:list, teacher:update, role:list, teacher:add, user:update, role:delete, role:add, teacher:delete]
2019-08-31 15:31:01.303 DEBUG --- [BaseJdbcLogger.java:159][http-nio-8080-exec-8] - ==>  Preparing: delete from teacher_profile where id = ? 
2019-08-31 15:31:01.303 DEBUG --- [BaseJdbcLogger.java:159][http-nio-8080-exec-8] - ==> Parameters: 71(Integer)
2019-08-31 15:31:01.360 DEBUG --- [BaseJdbcLogger.java:159][http-nio-8080-exec-8] - <==    Updates: 1
2019-08-31 15:31:01.379 INFO  --- [UserRealm.java:50][http-nio-8080-exec-9] - permission的值为:{"menuList":["teacher","role","user"],"roleId":1,"nickname":"nick1","roleName":"高级管理员","unitId":1,"permissionList":["user:list","user:add","role:update","teacher:list","teacher:update","role:list","teacher:add","user:update","role:delete","role:add","teacher:delete"],"userId":1,"username":"scnu"}
2019-08-31 15:31:01.379 INFO  --- [UserRealm.java:51][http-nio-8080-exec-9] - 本用户权限为:[user:list, user:add, role:update, teacher:list, teacher:update, role:list, teacher:add, user:update, role:delete, role:add, teacher:delete]
2019-08-31 15:31:01.380 DEBUG --- [BaseJdbcLogger.java:159][http-nio-8080-exec-9] - ==>  Preparing: SELECT count(0) FROM teacher_profile t WHERE t.state = '1' AND t.unit_id = ? 
2019-08-31 15:31:01.380 DEBUG --- [BaseJdbcLogger.java:159][http-nio-8080-exec-9] - ==> Parameters: 1(Long)
2019-08-31 15:31:01.381 DEBUG --- [BaseJdbcLogger.java:159][http-nio-8080-exec-9] - <==      Total: 1
2019-08-31 15:31:01.382 DEBUG --- [BaseJdbcLogger.java:159][http-nio-8080-exec-9] - ==>  Preparing: select t.id id, t.username name, t.email email, t.avatar avatar, t.state state, t.views views, t.post post, t.scholat_username scholat_username, date_format(t.update_time, '%Y.%m.%d %T') update_time, date_format(t.create_time, '%Y.%m.%d %T') create_time FROM teacher_profile t WHERE t.unit_id = ? ORDER BY update_time desc LIMIT ?,? 
2019-08-31 15:31:01.382 DEBUG --- [BaseJdbcLogger.java:159][http-nio-8080-exec-9] - ==> Parameters: 1(Long), 0(Integer), 10(Integer)
2019-08-31 15:31:01.383 DEBUG --- [BaseJdbcLogger.java:159][http-nio-8080-exec-9] - <==      Total: 9
2019-08-31 15:31:03.885 INFO  --- [UserRealm.java:50][http-nio-8080-exec-10] - permission的值为:{"menuList":["teacher","role","user"],"roleId":1,"nickname":"nick1","roleName":"高级管理员","unitId":1,"permissionList":["user:list","user:add","role:update","teacher:list","teacher:update","role:list","teacher:add","user:update","role:delete","role:add","teacher:delete"],"userId":1,"username":"scnu"}
2019-08-31 15:31:03.886 INFO  --- [UserRealm.java:51][http-nio-8080-exec-10] - 本用户权限为:[user:list, user:add, role:update, teacher:list, teacher:update, role:list, teacher:add, user:update, role:delete, role:add, teacher:delete]
2019-08-31 15:31:03.890 DEBUG --- [BaseJdbcLogger.java:159][http-nio-8080-exec-10] - ==>  Preparing: delete from teacher_profile where id = ? 
2019-08-31 15:31:03.891 DEBUG --- [BaseJdbcLogger.java:159][http-nio-8080-exec-10] - ==> Parameters: 72(Integer)
2019-08-31 15:31:03.940 DEBUG --- [BaseJdbcLogger.java:159][http-nio-8080-exec-10] - <==    Updates: 1
2019-08-31 15:31:03.957 INFO  --- [UserRealm.java:50][http-nio-8080-exec-2] - permission的值为:{"menuList":["teacher","role","user"],"roleId":1,"nickname":"nick1","roleName":"高级管理员","unitId":1,"permissionList":["user:list","user:add","role:update","teacher:list","teacher:update","role:list","teacher:add","user:update","role:delete","role:add","teacher:delete"],"userId":1,"username":"scnu"}
2019-08-31 15:31:03.957 INFO  --- [UserRealm.java:51][http-nio-8080-exec-2] - 本用户权限为:[user:list, user:add, role:update, teacher:list, teacher:update, role:list, teacher:add, user:update, role:delete, role:add, teacher:delete]
2019-08-31 15:31:03.958 DEBUG --- [BaseJdbcLogger.java:159][http-nio-8080-exec-2] - ==>  Preparing: SELECT count(0) FROM teacher_profile t WHERE t.state = '1' AND t.unit_id = ? 
2019-08-31 15:31:03.958 DEBUG --- [BaseJdbcLogger.java:159][http-nio-8080-exec-2] - ==> Parameters: 1(Long)
2019-08-31 15:31:03.959 DEBUG --- [BaseJdbcLogger.java:159][http-nio-8080-exec-2] - <==      Total: 1
2019-08-31 15:31:03.960 DEBUG --- [BaseJdbcLogger.java:159][http-nio-8080-exec-2] - ==>  Preparing: select t.id id, t.username name, t.email email, t.avatar avatar, t.state state, t.views views, t.post post, t.scholat_username scholat_username, date_format(t.update_time, '%Y.%m.%d %T') update_time, date_format(t.create_time, '%Y.%m.%d %T') create_time FROM teacher_profile t WHERE t.unit_id = ? ORDER BY update_time desc LIMIT ?,? 
2019-08-31 15:31:03.960 DEBUG --- [BaseJdbcLogger.java:159][http-nio-8080-exec-2] - ==> Parameters: 1(Long), 0(Integer), 10(Integer)
2019-08-31 15:31:03.962 DEBUG --- [BaseJdbcLogger.java:159][http-nio-8080-exec-2] - <==      Total: 8
2019-08-31 15:31:06.026 DEBUG --- [BaseJdbcLogger.java:159][http-nio-8080-exec-4] - ==>  Preparing: SELECT u.school_name schoolName, u.unit_name unitName, u.school_eng schoolEng, u.unit_eng unitEng, u.college_url collegeUrl, u.logo_url logoUrl FROM school_unit u WHERE u.id = ? 
2019-08-31 15:31:06.027 DEBUG --- [BaseJdbcLogger.java:159][http-nio-8080-exec-4] - ==> Parameters: null
2019-08-31 15:31:06.029 DEBUG --- [BaseJdbcLogger.java:159][http-nio-8080-exec-3] - ==>  Preparing: select * from teacher_profile u where u.id=? 
2019-08-31 15:31:06.031 DEBUG --- [BaseJdbcLogger.java:159][http-nio-8080-exec-5] - ==>  Preparing: SELECT count(0) FROM teacher_profile t WHERE t.state = '1' AND t.unit_id = ? 
2019-08-31 15:31:06.032 DEBUG --- [BaseJdbcLogger.java:159][http-nio-8080-exec-3] - ==> Parameters: 73(Long)
2019-08-31 15:31:06.031 DEBUG --- [BaseJdbcLogger.java:159][http-nio-8080-exec-6] - ==>  Preparing: SELECT a.id id, a.catalogue_name name, a.seq seq, a.state state, t.id subId, t.catalogue_name subName, t.seq subSeq FROM (SELECT c.* FROM catalogue c WHERE c.unit_id = ? AND (c.is_deleted is null OR c.is_deleted !=1 )AND c.parent_id is null) a LEFT JOIN catalogue t ON (a.id = t.parent_id AND (t.is_deleted is null OR t.is_deleted !=1 ))ORDER BY seq , a.update_time DESC 
2019-08-31 15:31:06.032 DEBUG --- [BaseJdbcLogger.java:159][http-nio-8080-exec-5] - ==> Parameters: 1(Long)
2019-08-31 15:31:06.032 DEBUG --- [BaseJdbcLogger.java:159][http-nio-8080-exec-6] - ==> Parameters: 1(String)
2019-08-31 15:31:06.033 DEBUG --- [BaseJdbcLogger.java:159][http-nio-8080-exec-5] - <==      Total: 1
2019-08-31 15:31:06.034 DEBUG --- [BaseJdbcLogger.java:159][http-nio-8080-exec-5] - ==>  Preparing: SELECT t.id tId, t.username tName, t.post tPost, t.avatar tAvatar FROM teacher_profile t WHERE t.state = '1' AND t.unit_id = ? ORDER BY t.seq, update_time DESC LIMIT ?,? 
2019-08-31 15:31:06.035 DEBUG --- [BaseJdbcLogger.java:159][http-nio-8080-exec-3] - <==      Total: 1
2019-08-31 15:31:06.035 DEBUG --- [BaseJdbcLogger.java:159][http-nio-8080-exec-5] - ==> Parameters: 1(Long), 0(Integer), 15(Integer)
2019-08-31 15:31:06.035 DEBUG --- [BaseJdbcLogger.java:159][http-nio-8080-exec-6] - <==      Total: 9
2019-08-31 15:31:06.037 DEBUG --- [BaseJdbcLogger.java:159][http-nio-8080-exec-5] - <==      Total: 8
2019-08-31 15:31:06.070 DEBUG --- [BaseJdbcLogger.java:159][http-nio-8080-exec-4] - <==      Total: 0
2019-08-31 15:31:08.852 INFO  --- [UserRealm.java:50][http-nio-8080-exec-7] - permission的值为:{"menuList":["teacher","role","user"],"roleId":1,"nickname":"nick1","roleName":"高级管理员","unitId":1,"permissionList":["user:list","user:add","role:update","teacher:list","teacher:update","role:list","teacher:add","user:update","role:delete","role:add","teacher:delete"],"userId":1,"username":"scnu"}
2019-08-31 15:31:08.853 INFO  --- [UserRealm.java:51][http-nio-8080-exec-7] - 本用户权限为:[user:list, user:add, role:update, teacher:list, teacher:update, role:list, teacher:add, user:update, role:delete, role:add, teacher:delete]
2019-08-31 15:31:08.853 DEBUG --- [BaseJdbcLogger.java:159][http-nio-8080-exec-7] - ==>  Preparing: SELECT count(0) FROM teacher_profile t WHERE t.state = '1' AND t.unit_id = ? 
2019-08-31 15:31:08.854 DEBUG --- [BaseJdbcLogger.java:159][http-nio-8080-exec-7] - ==> Parameters: 1(Long)
2019-08-31 15:31:08.855 DEBUG --- [BaseJdbcLogger.java:159][http-nio-8080-exec-7] - <==      Total: 1
2019-08-31 15:31:08.855 DEBUG --- [BaseJdbcLogger.java:159][http-nio-8080-exec-7] - ==>  Preparing: select t.id id, t.username name, t.email email, t.avatar avatar, t.state state, t.views views, t.post post, t.scholat_username scholat_username, date_format(t.update_time, '%Y.%m.%d %T') update_time, date_format(t.create_time, '%Y.%m.%d %T') create_time FROM teacher_profile t WHERE t.unit_id = ? ORDER BY update_time desc LIMIT ?,? 
2019-08-31 15:31:08.855 DEBUG --- [BaseJdbcLogger.java:159][http-nio-8080-exec-7] - ==> Parameters: 1(Long), 0(Integer), 10(Integer)
2019-08-31 15:31:08.898 DEBUG --- [BaseJdbcLogger.java:159][http-nio-8080-exec-7] - <==      Total: 8
2019-08-31 15:31:14.350 INFO  --- [UserRealm.java:50][http-nio-8080-exec-1] - permission的值为:{"menuList":["teacher","role","user"],"roleId":1,"nickname":"nick1","roleName":"高级管理员","unitId":1,"permissionList":["user:list","user:add","role:update","teacher:list","teacher:update","role:list","teacher:add","user:update","role:delete","role:add","teacher:delete"],"userId":1,"username":"scnu"}
2019-08-31 15:31:14.351 INFO  --- [UserRealm.java:51][http-nio-8080-exec-1] - 本用户权限为:[user:list, user:add, role:update, teacher:list, teacher:update, role:list, teacher:add, user:update, role:delete, role:add, teacher:delete]
2019-08-31 15:31:14.352 DEBUG --- [BaseJdbcLogger.java:159][http-nio-8080-exec-1] - ==>  Preparing: delete from teacher_profile where id = ? 
2019-08-31 15:31:14.352 DEBUG --- [BaseJdbcLogger.java:159][http-nio-8080-exec-1] - ==> Parameters: 74(Integer)
2019-08-31 15:31:14.469 DEBUG --- [BaseJdbcLogger.java:159][http-nio-8080-exec-1] - <==    Updates: 1
2019-08-31 15:31:14.491 INFO  --- [UserRealm.java:50][http-nio-8080-exec-8] - permission的值为:{"menuList":["teacher","role","user"],"roleId":1,"nickname":"nick1","roleName":"高级管理员","unitId":1,"permissionList":["user:list","user:add","role:update","teacher:list","teacher:update","role:list","teacher:add","user:update","role:delete","role:add","teacher:delete"],"userId":1,"username":"scnu"}
2019-08-31 15:31:14.491 INFO  --- [UserRealm.java:51][http-nio-8080-exec-8] - 本用户权限为:[user:list, user:add, role:update, teacher:list, teacher:update, role:list, teacher:add, user:update, role:delete, role:add, teacher:delete]
2019-08-31 15:31:14.492 DEBUG --- [BaseJdbcLogger.java:159][http-nio-8080-exec-8] - ==>  Preparing: SELECT count(0) FROM teacher_profile t WHERE t.state = '1' AND t.unit_id = ? 
2019-08-31 15:31:14.492 DEBUG --- [BaseJdbcLogger.java:159][http-nio-8080-exec-8] - ==> Parameters: 1(Long)
2019-08-31 15:31:14.493 DEBUG --- [BaseJdbcLogger.java:159][http-nio-8080-exec-8] - <==      Total: 1
2019-08-31 15:31:14.494 DEBUG --- [BaseJdbcLogger.java:159][http-nio-8080-exec-8] - ==>  Preparing: select t.id id, t.username name, t.email email, t.avatar avatar, t.state state, t.views views, t.post post, t.scholat_username scholat_username, date_format(t.update_time, '%Y.%m.%d %T') update_time, date_format(t.create_time, '%Y.%m.%d %T') create_time FROM teacher_profile t WHERE t.unit_id = ? ORDER BY update_time desc LIMIT ?,? 
2019-08-31 15:31:14.494 DEBUG --- [BaseJdbcLogger.java:159][http-nio-8080-exec-8] - ==> Parameters: 1(Long), 0(Integer), 10(Integer)
2019-08-31 15:31:14.537 DEBUG --- [BaseJdbcLogger.java:159][http-nio-8080-exec-8] - <==      Total: 7
2019-08-31 15:31:16.195 DEBUG --- [BaseJdbcLogger.java:159][http-nio-8080-exec-9] - ==>  Preparing: select * from teacher_profile u where u.id=? 
2019-08-31 15:31:16.196 DEBUG --- [BaseJdbcLogger.java:159][http-nio-8080-exec-9] - ==> Parameters: 73(Long)
2019-08-31 15:31:16.198 DEBUG --- [BaseJdbcLogger.java:159][http-nio-8080-exec-9] - <==      Total: 1
2019-08-31 15:31:16.353 DEBUG --- [BaseJdbcLogger.java:159][http-nio-8080-exec-10] - ==>  Preparing: SELECT count(0) FROM teacher_profile t WHERE t.email = ? 
2019-08-31 15:31:16.354 DEBUG --- [BaseJdbcLogger.java:159][http-nio-8080-exec-10] - ==> Parameters: (String)
2019-08-31 15:31:16.355 DEBUG --- [BaseJdbcLogger.java:159][http-nio-8080-exec-10] - <==      Total: 1
2019-08-31 15:31:19.334 DEBUG --- [BaseJdbcLogger.java:159][http-nio-8080-exec-2] - ==>  Preparing: SELECT count(0) FROM teacher_profile t WHERE t.email = ? 
2019-08-31 15:31:19.334 DEBUG --- [BaseJdbcLogger.java:159][http-nio-8080-exec-2] - ==> Parameters: (String)
2019-08-31 15:31:19.335 DEBUG --- [BaseJdbcLogger.java:159][http-nio-8080-exec-2] - <==      Total: 1
2019-08-31 15:31:21.894 DEBUG --- [BaseJdbcLogger.java:159][http-nio-8080-exec-6] - ==>  Preparing: SELECT count(0) FROM teacher_profile t WHERE t.email = ? 
2019-08-31 15:31:21.895 DEBUG --- [BaseJdbcLogger.java:159][http-nio-8080-exec-6] - ==> Parameters: (String)
2019-08-31 15:31:21.897 DEBUG --- [BaseJdbcLogger.java:159][http-nio-8080-exec-6] - <==      Total: 1
2019-08-31 15:31:21.897 DEBUG --- [BaseJdbcLogger.java:159][http-nio-8080-exec-5] - ==>  Preparing: SELECT count(0) FROM teacher_profile t WHERE t.email = ? 
2019-08-31 15:31:21.897 DEBUG --- [BaseJdbcLogger.java:159][http-nio-8080-exec-5] - ==> Parameters: jzhu@m.scnu.edu.cn(String)
2019-08-31 15:31:21.901 DEBUG --- [BaseJdbcLogger.java:159][http-nio-8080-exec-5] - <==      Total: 1
2019-08-31 15:31:21.904 INFO  --- [UserRealm.java:50][http-nio-8080-exec-3] - permission的值为:{"menuList":["teacher","role","user"],"roleId":1,"nickname":"nick1","roleName":"高级管理员","unitId":1,"permissionList":["user:list","user:add","role:update","teacher:list","teacher:update","role:list","teacher:add","user:update","role:delete","role:add","teacher:delete"],"userId":1,"username":"scnu"}
2019-08-31 15:31:21.904 INFO  --- [UserRealm.java:51][http-nio-8080-exec-3] - 本用户权限为:[user:list, user:add, role:update, teacher:list, teacher:update, role:list, teacher:add, user:update, role:delete, role:add, teacher:delete]
2019-08-31 15:31:21.944 DEBUG --- [BaseJdbcLogger.java:159][http-nio-8080-exec-3] - ==>  Preparing: UPDATE teacher_profile SET username=?, sex=?, avatar=?, state=?, email=?, degree=?, phone=NULL, title=?, label=?, subject=?, department_name=?, scholat_username=?, post=?, intro=?, research_direction=?, create_time=?, unit_id=?, views=? WHERE id = ? 
2019-08-31 15:31:21.945 DEBUG --- [BaseJdbcLogger.java:159][http-nio-8080-exec-3] - ==> Parameters: 朱佳(String), 0(String), resources/s_icon/javaelf_1464094134756.jpg(String), 1(String), jzhu@m.scnu.edu.cn(String), 博士研究生(String), (String), (String), (String), (String), (String), 研究员/博导(String), <h1>個人哈哈哈 Bio</h1><p><span>朱佳博士,&nbsp;</span><span>华南师范大学研究员</span><span>，博</span><span>导,&nbsp;&nbsp;</span><span>华南师范大学计算机学院大数据应用研究中心主要负责人，</span><span>华南师范大学人工智能专业负责人，数据智能实验室及</span><span>模式识别与行为分析实验室负责人, 香港中文大学</span><span>高可信软件技术重点</span><span>实验室荣誉研究员，</span><span>ACM/IEEE/CCF高级会员，中国人工智能学会青年工作组专委理事，中国通信学会云计算与大数据专委会专委，中国计算机学会区块链专委会专委，澳大利亚区块链协会会员，广东省计算机学会数据库分会理事，</span><span>广东省计算机学会大数据专委副秘书长，</span><span>广东省电子学会区块链专委会专委，广州市区块链产业协会专家，2015 澳中杰出青年校友FINALISTS，澳中校友会青年导师等。</span><span>主要从事数据库和数据挖掘理论算法、 机器学习与大数据应用</span><span>、区块链+AI方面</span><span>的研究，</span><span>于</span><span>&nbsp;2004</span><span>年和 2005 年在澳大利亚邦德大学分别获得信息技术专业学士和硕士</span><span>学位。2006 年 11 月开始在澳大利亚昆士兰大学攻读计算机科学专</span><span>业博士学位</span><span>，师从周晓方教授, 并于 2013 年 2 月顺利毕业。攻读博士学位期间，</span><span>同时在澳大利亚五大银行之一的 Suncorp-Metway 从事金融系统项</span><span>目开发和管理的工作。</span><span>2012 年底提交博士论文后，前往联合国大学国际软件技术研究所</span><span>从事博士后</span><span>的工作，主要研究大学研究质量分析模型和联合国大学信息系统的开发。</span><span>之后于2014年被华南师范大学计算机学院聘为副教授，2017年晋升为正高级研究员。</span><span>现已在相关领域诸如 DMKD, Information Sciences, Neural Networks, Scientometrics, SEE, NeurIPS, AAAI, IJCAI, SIGIR, ICDE, WWW, DASFAA, CIKM,&nbsp;</span><span>DEXA, SDM, APWEB, WAIM &nbsp;等知名国际期刊和国际学术会议上发表论</span><span>文超过90 篇，近三年Google Scholar引用次数超过300次，累积影响因子超过50，负责出版编辑英文著作超过100本。已主持参与多项国家及省级科研项目和行业项目，涉及经费超过2000万。朱佳博士目前是</span><span>自然(Nature)旗下期刊</span><span>Scientific Reports的e</span><span>ditorial board member</span><span>, </span><span>担任</span><span>多个知名国际期刊和会议的联合主席，程序委员会委员和审稿人，国家自然科学基金评委，广东省公安厅大数据项目评审专家等。</span></p><p><span><br></span></p><p><span>欢迎对机器学习，区块链，数据分析，人工智能等感兴趣，有志于科研，学习刻苦，对事物永远抱有好奇心，对生活充满热忱</span><font color="#111111" face="Helvetica, Arial, Lucida Grande, Tahoma, Verdana, sans-serif"><span>，乐观开朗，拥有正确的三观，具备团队精神，痴迷美食，热爱篮球的同学报考我的研究生。(注:本人已指导多名研究生获得国奖，但本人要求极高，硕士毕业答辩要求需发表论文两篇CCF B类会议以上或SCI期刊，顶级论文CCF A一篇可抵两篇，博士论文要求数量翻倍。除此以外，2018年起本人带领的团队将实行Confirmation制度，即每位研究生在一年级下学期3个月内需要做一个Confirmation报告，如Confirmation不通过，则我会向学院提出要求该学生更换导师，因此报考者请慎重。）</span></font></p><h1>教育背景 Education</h1>PhD from University of Queensland, Computer Science, Australia, 2012<br>Master of Information Technology (Hons) from Bond University, Australia, 2006<br>Bachelor of Information Technology from Bond University, Australia, 2004<p><br></p><h1>工作经历 Career</h1><p>Professor, School of Computer Science, South China Normal University, 2017-NOW</p><p><span>Associate Professor, School of Computer Science, South China Normal University, 2014-2016</span></p><p><span>Project Manager/Postdoctoral Fellow, United Nations University, 2012-2013</span></p><p><span>System Analyst, Suncorp Metway, 2007-2012</span></p><p><span>Development Consultant, Intec-billing, 2006-2007</span></p><p><span>System Engineer, Unisys, China 2000-2002</span></p><h1>主要荣誉 Awards</h1><p><span>＊ </span><span>CCSCW 2018 BEST PAPER AWARD</span></p><p><span>＊ </span><span>2017年APMCM大学生数学建模比赛特等奖优秀指导老师</span></p><p><span>＊ </span><span>广东省外国专家局认定高层次人才</span></p><p><span>＊ I</span><span>nternational Young Scientists Award</span><span>, NSFC, 2017</span></p><p>＊ KDD CUP 2017 Top 5﹪ &nbsp;AWARD</p><p><span>&nbsp;</span>＊ <span>华南师范大学2016年优秀先进个人&nbsp;</span></p><p>＊ APWEB 2016 BEST PAPER AWARD&nbsp;</p><p>＊ <span>2016</span><span>年<span>CCF-</span>腾讯犀牛鸟基金获得者</span></p><p><br></p><p><br></p><p>＊ 广州市人才绿卡获得者&nbsp;</p><p><span><br></span></p><p><span>＊ 入选广东省高等学校“千百十人才培养工程”人才培养计划</span></p><p>＊ &nbsp;2015 澳中杰出青年校友FINALISTS</p><p>＊ KDD CUP 2013 Top 25﹪ &nbsp;AWARD<br>&nbsp;<br><br></p><h1>学术兼职与社会服务 Academic Activities</h1><p><span>广州链基智能科技有限公司首席科学家顾问</span></p><p><span>Program Committee Member in AAAI 2019</span></p><p>Reviewer of IEEE Access (SCI)</p><p>ICDM 2018&nbsp;<span>Program Committee Members</span></p><p>Demo Program Committee Member in APWeb-WAIM 2018</p><p><span>广东省公安厅大数据项目评审专家</span></p><p><span><font face="lucida Grande, Verdana">Organizers of IJCNLP 2017 Workshop Shared Task&nbsp;</font></span></p><p><span><font face="lucida Grande, Verdana">Editorial Board Member of&nbsp;</font></span><span>Scientific Reports (SCI, 自然旗下期刊）</span></p><p>Reviewer of Neural Processing Letters (SCI)</p><p>广州慧扬健康科技有限公司科技特派员</p><p>Reviewer of Cluster Computing (SCI)</p><p>DASFAA 2017 Track Chair</p><p>Reviewer of Information Fusion (SCI)</p><p>Reviewer of IETE Journal of Research (SCI)</p><p>河南省产业发展研究会智慧城市规划与建设专业委员会专家委员</p><p><span>Reviewer of Data &amp; Knowledge Engineering (SCI)</span></p><p>Reviewer of Artificial Intelligence Review(SCI)&nbsp;</p><p>Program Committee in DMS 2017&nbsp;</p><p>Program Committee in DKMP 2017&nbsp;</p><p>Reviewer of Multimedia Tools and Applications(SCI)&nbsp;</p><p>Session Chair of APWEB 2016</p><p>IJCAI 2016 Presenter</p><p>Reviewer of Neurocomputing(SCI)&nbsp;</p><p>Reviewer of FSDM 2016</p><p>SOCA 2016/2017 Track Chair/PC Member</p><p>SDMA 2016 Co-chair</p><p><span>香港原概念印书馆计算机科学类书籍主编</span></p><p>&nbsp;Reviewer of SEE(SCI)&nbsp;</p><p><span>Reviewer of Scientometrics&nbsp;</span><span>(SCI)&nbsp;</span></p><p><span>CCF大数据会议程序委员会委员<br>Program Committee in APWEB 2015<br>Participant in KDD Cup 2013<br>Guest Lecturer in CUHK (Mar 2012)<br>Editor of Journal “Computational Intelligence for Financial Engineers” (ISSN: 2219-5181)<br>Participant，Reviewer and Presenter in WISE 2011<br>Participant in IEEE ICDM Contest 2011<br>Participant and Presenter in SBS Model Road Show 2011<br>Reviewer in KSII Transactions on Internet and Information Systems<br>Reviewer of the Journal of World Wide Web(SCI)</span></p><h1>教学信息 Teaching</h1>[1]<a href="http://www.scholat.com/course/" target="_blank"> <font color="#339999">科技文献阅读与写作</font></a><br><br>[2] <a href="http://www.scholat.com/course/course.html?courseId=1382&amp;courseURL=dslab" target="_blank">数据结构实验</a><br><br>[3] 计算机科学导论<p><br></p><p>[4]&nbsp;<a href="http://www.scholat.com/course/mathmodel" target="_blank">数学建模方法</a><br></p><p>[5] <a href="http://www.scholat.com/course/bdkda" target="_blank">大数据知识发现与应用</a></p><p>[6] <a href="http://www.scholat.com/course/acm1" target="_blank">ACM程序设计(一)</a></p><p><br></p><h1>研究兴趣 Research Interests</h1>数据挖掘 , 机器学习 , 信息智能系统 , 模式识别 , 金融统计分析 ,知识图谱 , 复杂疾病数据分析 , 社交网络挖掘, 区块链技术<h1>Biography</h1><p>Dr. Jia Zhu joined School of Computing Science, South China Normal University as Associate Professor in early 2014, and then being promoted to Professor in 2017. Before he was a Postdoctoral Fellow/Project Manager in <span>UNU-IIST since&nbsp;</span>December 2012. Dr. Zhu received a Bachelor of Information Technology from Bond University, Australia in 2004 and Master of Information Technology (Hons) from Bond University, Australia in 2006. In 2012, he received a Ph.D. degree in Computer Science from University of Queensland, Australia, supervised by Prof. Xiaofang Zhou. His research interests include Data Mining, Machine Learning and Artificial Intelligence, Information System, Benchmarking System, Financial Engineering and Forecasting, Social Network Analysis. He has published more than 50 papers in well known journals and conferences, such as DMKD, Information Sciences, Scientometrics,SEE, IJCAI, SIGIR, WWW, DASFAA, CIKM, DEXA, APWEB, WAIM .</p><p>Jia Zhu was a professional old gun in IT industry who has been involved into many million dollars projects since 2001, while he is also a researcher who specializes on Data Analysis and Mining, Social network analysis, Software Engineering, Automation trading system, Financial Forecasting, etc. He is an active researcher in data mining area and being invited as editor/reviewer in a few academic events. He has been invited to give seminar talks in many places, e.g. CUHK, SBS road show 2010, WISE 2011, Getfest 2012, etc. Jia is also partnering with other experts in publishing industry, he has edited/published more than 100 books in computer science, bioinformatics, medical, etc since 2010.</p><p><br></p><p></p><p></p>(String), (String), 2019-06-17 22:50:43(String), 1(String), 0(String), 73(Integer)
2019-08-31 15:31:22.030 DEBUG --- [BaseJdbcLogger.java:159][http-nio-8080-exec-3] - <==    Updates: 1
2019-08-31 15:31:22.517 INFO  --- [UserRealm.java:50][http-nio-8080-exec-4] - permission的值为:{"menuList":["teacher","role","user"],"roleId":1,"nickname":"nick1","roleName":"高级管理员","unitId":1,"permissionList":["user:list","user:add","role:update","teacher:list","teacher:update","role:list","teacher:add","user:update","role:delete","role:add","teacher:delete"],"userId":1,"username":"scnu"}
2019-08-31 15:31:22.517 INFO  --- [UserRealm.java:51][http-nio-8080-exec-4] - 本用户权限为:[user:list, user:add, role:update, teacher:list, teacher:update, role:list, teacher:add, user:update, role:delete, role:add, teacher:delete]
2019-08-31 15:31:22.518 DEBUG --- [BaseJdbcLogger.java:159][http-nio-8080-exec-4] - ==>  Preparing: SELECT count(0) FROM teacher_profile t WHERE t.state = '1' AND t.unit_id = ? 
2019-08-31 15:31:22.519 DEBUG --- [BaseJdbcLogger.java:159][http-nio-8080-exec-4] - ==> Parameters: 1(Long)
2019-08-31 15:31:22.520 DEBUG --- [BaseJdbcLogger.java:159][http-nio-8080-exec-4] - <==      Total: 1
2019-08-31 15:31:22.521 DEBUG --- [BaseJdbcLogger.java:159][http-nio-8080-exec-4] - ==>  Preparing: select t.id id, t.username name, t.email email, t.avatar avatar, t.state state, t.views views, t.post post, t.scholat_username scholat_username, date_format(t.update_time, '%Y.%m.%d %T') update_time, date_format(t.create_time, '%Y.%m.%d %T') create_time FROM teacher_profile t WHERE t.unit_id = ? ORDER BY update_time desc LIMIT ?,? 
2019-08-31 15:31:22.521 DEBUG --- [BaseJdbcLogger.java:159][http-nio-8080-exec-4] - ==> Parameters: 1(Long), 0(Integer), 10(Integer)
2019-08-31 15:31:22.523 DEBUG --- [BaseJdbcLogger.java:159][http-nio-8080-exec-4] - <==      Total: 7
2019-08-31 15:31:53.824 DEBUG --- [BaseJdbcLogger.java:159][http-nio-8080-exec-7] - ==>  Preparing: SELECT u.school_name schoolName, u.unit_name unitName, u.school_eng schoolEng, u.unit_eng unitEng, u.college_url collegeUrl, u.logo_url logoUrl FROM school_unit u WHERE u.id = ? 
2019-08-31 15:31:53.824 DEBUG --- [BaseJdbcLogger.java:159][http-nio-8080-exec-8] - ==>  Preparing: SELECT a.id id, a.catalogue_name name, a.seq seq, a.state state, t.id subId, t.catalogue_name subName, t.seq subSeq FROM (SELECT c.* FROM catalogue c WHERE c.unit_id = ? AND (c.is_deleted is null OR c.is_deleted !=1 )AND c.parent_id is null) a LEFT JOIN catalogue t ON (a.id = t.parent_id AND (t.is_deleted is null OR t.is_deleted !=1 ))ORDER BY seq , a.update_time DESC 
2019-08-31 15:31:53.824 DEBUG --- [BaseJdbcLogger.java:159][http-nio-8080-exec-8] - ==> Parameters: 1(String)
2019-08-31 15:31:53.824 DEBUG --- [BaseJdbcLogger.java:159][http-nio-8080-exec-7] - ==> Parameters: null
2019-08-31 15:31:53.830 DEBUG --- [BaseJdbcLogger.java:159][http-nio-8080-exec-1] - ==>  Preparing: select * from teacher_profile u where u.id=? 
2019-08-31 15:31:53.832 DEBUG --- [BaseJdbcLogger.java:159][http-nio-8080-exec-1] - ==> Parameters: 73(Long)
2019-08-31 15:31:53.835 DEBUG --- [BaseJdbcLogger.java:159][http-nio-8080-exec-9] - ==>  Preparing: SELECT count(0) FROM teacher_profile t WHERE t.state = '1' AND t.unit_id = ? 
2019-08-31 15:31:53.836 DEBUG --- [BaseJdbcLogger.java:159][http-nio-8080-exec-9] - ==> Parameters: 1(Long)
2019-08-31 15:31:54.030 DEBUG --- [BaseJdbcLogger.java:159][http-nio-8080-exec-7] - <==      Total: 0
2019-08-31 15:31:54.031 DEBUG --- [BaseJdbcLogger.java:159][http-nio-8080-exec-9] - <==      Total: 1
2019-08-31 15:31:54.031 DEBUG --- [BaseJdbcLogger.java:159][http-nio-8080-exec-9] - ==>  Preparing: SELECT t.id tId, t.username tName, t.post tPost, t.avatar tAvatar FROM teacher_profile t WHERE t.state = '1' AND t.unit_id = ? ORDER BY t.seq, update_time DESC LIMIT ?,? 
2019-08-31 15:31:54.032 DEBUG --- [BaseJdbcLogger.java:159][http-nio-8080-exec-9] - ==> Parameters: 1(Long), 0(Integer), 15(Integer)
2019-08-31 15:31:54.033 DEBUG --- [BaseJdbcLogger.java:159][http-nio-8080-exec-9] - <==      Total: 7
2019-08-31 15:31:54.033 DEBUG --- [BaseJdbcLogger.java:159][http-nio-8080-exec-8] - <==      Total: 9
2019-08-31 15:31:54.034 DEBUG --- [BaseJdbcLogger.java:159][http-nio-8080-exec-1] - <==      Total: 1
2019-08-31 15:32:33.664 DEBUG --- [BaseJdbcLogger.java:159][http-nio-8080-exec-10] - ==>  Preparing: SELECT k.id userId, k.nickname nickname, k.username username, k.role_id roleId, k.unit_id unitId, k.role_name roleName, p.menu_code menuCode, p.permission_code permissionCode FROM(select a.*,substring_index(substring_index(a.permission_ids,',',b.help_topic_id+1),',',-1) pId from (SELECT t.*,sys_role.role_name,sys_role.permission_ids FROM(SELECT u.id, u.nickname, u.username, u.role_id, u.unit_id FROM unit_profile u WHERE u.username = ? AND u.state = '1')t LEFT JOIN sys_role ON t.role_id = sys_role.id) a join mysql.help_topic b on b.help_topic_id < (length(a.permission_ids) - length(replace(a.permission_ids,',',''))+1)) k LEFT JOIN sys_permission p ON k.pId = p.id 
2019-08-31 15:32:33.664 DEBUG --- [BaseJdbcLogger.java:159][http-nio-8080-exec-10] - ==> Parameters: scnu(String)
2019-08-31 15:32:33.708 DEBUG --- [BaseJdbcLogger.java:159][http-nio-8080-exec-10] - <==      Total: 11
2019-08-31 15:32:33.960 DEBUG --- [BaseJdbcLogger.java:159][http-nio-8080-exec-2] - ==>  Preparing: SELECT u.school_name schoolName, u.unit_name unitName, u.school_eng schoolEng, u.unit_eng unitEng, u.college_url collegeUrl, u.logo_url logoUrl FROM school_unit u WHERE u.id = ? 
2019-08-31 15:32:33.961 DEBUG --- [BaseJdbcLogger.java:159][http-nio-8080-exec-2] - ==> Parameters: null
2019-08-31 15:32:33.978 DEBUG --- [BaseJdbcLogger.java:159][http-nio-8080-exec-6] - ==>  Preparing: select * from teacher_profile u where u.id=? 
2019-08-31 15:32:33.978 DEBUG --- [BaseJdbcLogger.java:159][http-nio-8080-exec-2] - <==      Total: 0
2019-08-31 15:32:33.978 DEBUG --- [BaseJdbcLogger.java:159][http-nio-8080-exec-6] - ==> Parameters: 73(Long)
2019-08-31 15:32:33.981 DEBUG --- [BaseJdbcLogger.java:159][http-nio-8080-exec-3] - ==>  Preparing: SELECT count(0) FROM teacher_profile t WHERE t.state = '1' AND t.unit_id = ? 
2019-08-31 15:32:33.981 DEBUG --- [BaseJdbcLogger.java:159][http-nio-8080-exec-3] - ==> Parameters: 1(Long)
2019-08-31 15:32:33.984 DEBUG --- [BaseJdbcLogger.java:159][http-nio-8080-exec-5] - ==>  Preparing: SELECT a.id id, a.catalogue_name name, a.seq seq, a.state state, t.id subId, t.catalogue_name subName, t.seq subSeq FROM (SELECT c.* FROM catalogue c WHERE c.unit_id = ? AND (c.is_deleted is null OR c.is_deleted !=1 )AND c.parent_id is null) a LEFT JOIN catalogue t ON (a.id = t.parent_id AND (t.is_deleted is null OR t.is_deleted !=1 ))ORDER BY seq , a.update_time DESC 
2019-08-31 15:32:33.985 DEBUG --- [BaseJdbcLogger.java:159][http-nio-8080-exec-3] - <==      Total: 1
2019-08-31 15:32:33.985 DEBUG --- [BaseJdbcLogger.java:159][http-nio-8080-exec-5] - ==> Parameters: 1(String)
2019-08-31 15:32:33.986 DEBUG --- [BaseJdbcLogger.java:159][http-nio-8080-exec-3] - ==>  Preparing: SELECT t.id tId, t.username tName, t.post tPost, t.avatar tAvatar FROM teacher_profile t WHERE t.state = '1' AND t.unit_id = ? ORDER BY t.seq, update_time DESC LIMIT ?,? 
2019-08-31 15:32:33.987 DEBUG --- [BaseJdbcLogger.java:159][http-nio-8080-exec-3] - ==> Parameters: 1(Long), 0(Integer), 15(Integer)
2019-08-31 15:32:33.989 DEBUG --- [BaseJdbcLogger.java:159][http-nio-8080-exec-3] - <==      Total: 7
2019-08-31 15:32:33.993 DEBUG --- [BaseJdbcLogger.java:159][http-nio-8080-exec-5] - <==      Total: 9
2019-08-31 15:32:34.026 DEBUG --- [BaseJdbcLogger.java:159][http-nio-8080-exec-6] - <==      Total: 1
2019-08-31 15:33:22.257 INFO  --- [UserRealm.java:50][http-nio-8080-exec-4] - permission的值为:{"menuList":["teacher","role","user"],"roleId":1,"nickname":"nick1","roleName":"高级管理员","unitId":1,"permissionList":["user:list","user:add","role:update","teacher:list","teacher:update","role:list","teacher:add","user:update","role:delete","role:add","teacher:delete"],"userId":1,"username":"scnu"}
2019-08-31 15:33:22.257 INFO  --- [UserRealm.java:51][http-nio-8080-exec-4] - 本用户权限为:[user:list, user:add, role:update, teacher:list, teacher:update, role:list, teacher:add, user:update, role:delete, role:add, teacher:delete]
2019-08-31 15:33:22.258 DEBUG --- [BaseJdbcLogger.java:159][http-nio-8080-exec-4] - ==>  Preparing: SELECT count(0) FROM teacher_profile t WHERE t.state = '1' AND t.unit_id = ? 
2019-08-31 15:33:22.259 DEBUG --- [BaseJdbcLogger.java:159][http-nio-8080-exec-4] - ==> Parameters: 1(Long)
2019-08-31 15:33:22.300 DEBUG --- [BaseJdbcLogger.java:159][http-nio-8080-exec-4] - <==      Total: 1
2019-08-31 15:33:22.301 DEBUG --- [BaseJdbcLogger.java:159][http-nio-8080-exec-4] - ==>  Preparing: select t.id id, t.username name, t.email email, t.avatar avatar, t.state state, t.views views, t.post post, t.scholat_username scholat_username, date_format(t.update_time, '%Y.%m.%d %T') update_time, date_format(t.create_time, '%Y.%m.%d %T') create_time FROM teacher_profile t WHERE t.unit_id = ? ORDER BY update_time desc LIMIT ?,? 
2019-08-31 15:33:22.301 DEBUG --- [BaseJdbcLogger.java:159][http-nio-8080-exec-4] - ==> Parameters: 1(Long), 0(Integer), 10(Integer)
2019-08-31 15:33:22.302 DEBUG --- [BaseJdbcLogger.java:159][http-nio-8080-exec-4] - <==      Total: 7
2019-08-31 15:33:26.219 DEBUG --- [BaseJdbcLogger.java:159][http-nio-8080-exec-7] - ==>  Preparing: SELECT u.school_name schoolName, u.unit_name unitName, u.school_eng schoolEng, u.unit_eng unitEng, u.college_url collegeUrl, u.logo_url logoUrl FROM school_unit u WHERE u.id = ? 
2019-08-31 15:33:26.219 DEBUG --- [BaseJdbcLogger.java:159][http-nio-8080-exec-9] - ==>  Preparing: SELECT a.id id, a.catalogue_name name, a.seq seq, a.state state, t.id subId, t.catalogue_name subName, t.seq subSeq FROM (SELECT c.* FROM catalogue c WHERE c.unit_id = ? AND (c.is_deleted is null OR c.is_deleted !=1 )AND c.parent_id is null) a LEFT JOIN catalogue t ON (a.id = t.parent_id AND (t.is_deleted is null OR t.is_deleted !=1 ))ORDER BY seq , a.update_time DESC 
2019-08-31 15:33:26.219 DEBUG --- [BaseJdbcLogger.java:159][http-nio-8080-exec-1] - ==>  Preparing: SELECT count(0) FROM teacher_profile t WHERE t.state = '1' AND t.unit_id = ? 
2019-08-31 15:33:26.219 DEBUG --- [BaseJdbcLogger.java:159][http-nio-8080-exec-7] - ==> Parameters: null
2019-08-31 15:33:26.219 DEBUG --- [BaseJdbcLogger.java:159][http-nio-8080-exec-8] - ==>  Preparing: select * from teacher_profile u where u.id=? 
2019-08-31 15:33:26.219 DEBUG --- [BaseJdbcLogger.java:159][http-nio-8080-exec-9] - ==> Parameters: 1(String)
2019-08-31 15:33:26.220 DEBUG --- [BaseJdbcLogger.java:159][http-nio-8080-exec-1] - ==> Parameters: 1(Long)
2019-08-31 15:33:26.220 DEBUG --- [BaseJdbcLogger.java:159][http-nio-8080-exec-8] - ==> Parameters: 57(Long)
2019-08-31 15:33:26.221 DEBUG --- [BaseJdbcLogger.java:159][http-nio-8080-exec-7] - <==      Total: 0
2019-08-31 15:33:26.221 DEBUG --- [BaseJdbcLogger.java:159][http-nio-8080-exec-1] - <==      Total: 1
2019-08-31 15:33:26.222 DEBUG --- [BaseJdbcLogger.java:159][http-nio-8080-exec-1] - ==>  Preparing: SELECT t.id tId, t.username tName, t.post tPost, t.avatar tAvatar FROM teacher_profile t WHERE t.state = '1' AND t.unit_id = ? ORDER BY t.seq, update_time DESC LIMIT ?,? 
2019-08-31 15:33:26.222 DEBUG --- [BaseJdbcLogger.java:159][http-nio-8080-exec-1] - ==> Parameters: 1(Long), 0(Integer), 15(Integer)
2019-08-31 15:33:26.224 DEBUG --- [BaseJdbcLogger.java:159][http-nio-8080-exec-8] - <==      Total: 1
2019-08-31 15:33:26.263 DEBUG --- [BaseJdbcLogger.java:159][http-nio-8080-exec-1] - <==      Total: 7
2019-08-31 15:33:26.264 DEBUG --- [BaseJdbcLogger.java:159][http-nio-8080-exec-9] - <==      Total: 9
2019-08-31 15:34:14.392 DEBUG --- [BaseJdbcLogger.java:159][http-nio-8080-exec-10] - ==>  Preparing: SELECT k.id userId, k.nickname nickname, k.username username, k.role_id roleId, k.unit_id unitId, k.role_name roleName, p.menu_code menuCode, p.permission_code permissionCode FROM(select a.*,substring_index(substring_index(a.permission_ids,',',b.help_topic_id+1),',',-1) pId from (SELECT t.*,sys_role.role_name,sys_role.permission_ids FROM(SELECT u.id, u.nickname, u.username, u.role_id, u.unit_id FROM unit_profile u WHERE u.username = ? AND u.state = '1')t LEFT JOIN sys_role ON t.role_id = sys_role.id) a join mysql.help_topic b on b.help_topic_id < (length(a.permission_ids) - length(replace(a.permission_ids,',',''))+1)) k LEFT JOIN sys_permission p ON k.pId = p.id 
2019-08-31 15:34:14.392 DEBUG --- [BaseJdbcLogger.java:159][http-nio-8080-exec-10] - ==> Parameters: scnu(String)
2019-08-31 15:34:14.395 DEBUG --- [BaseJdbcLogger.java:159][http-nio-8080-exec-10] - <==      Total: 11
2019-08-31 15:34:14.544 DEBUG --- [BaseJdbcLogger.java:159][http-nio-8080-exec-2] - ==>  Preparing: SELECT u.school_name schoolName, u.unit_name unitName, u.school_eng schoolEng, u.unit_eng unitEng, u.college_url collegeUrl, u.logo_url logoUrl FROM school_unit u WHERE u.id = ? 
2019-08-31 15:34:14.545 DEBUG --- [BaseJdbcLogger.java:159][http-nio-8080-exec-2] - ==> Parameters: null
2019-08-31 15:34:14.546 DEBUG --- [BaseJdbcLogger.java:159][http-nio-8080-exec-2] - <==      Total: 0
2019-08-31 15:34:14.557 DEBUG --- [BaseJdbcLogger.java:159][http-nio-8080-exec-3] - ==>  Preparing: select * from teacher_profile u where u.id=? 
2019-08-31 15:34:14.558 DEBUG --- [BaseJdbcLogger.java:159][http-nio-8080-exec-3] - ==> Parameters: 57(Long)
2019-08-31 15:34:14.564 DEBUG --- [BaseJdbcLogger.java:159][http-nio-8080-exec-3] - <==      Total: 1
2019-08-31 15:34:14.566 DEBUG --- [BaseJdbcLogger.java:159][http-nio-8080-exec-5] - ==>  Preparing: SELECT a.id id, a.catalogue_name name, a.seq seq, a.state state, t.id subId, t.catalogue_name subName, t.seq subSeq FROM (SELECT c.* FROM catalogue c WHERE c.unit_id = ? AND (c.is_deleted is null OR c.is_deleted !=1 )AND c.parent_id is null) a LEFT JOIN catalogue t ON (a.id = t.parent_id AND (t.is_deleted is null OR t.is_deleted !=1 ))ORDER BY seq , a.update_time DESC 
2019-08-31 15:34:14.566 DEBUG --- [BaseJdbcLogger.java:159][http-nio-8080-exec-5] - ==> Parameters: 1(String)
2019-08-31 15:34:14.567 DEBUG --- [BaseJdbcLogger.java:159][http-nio-8080-exec-6] - ==>  Preparing: SELECT count(0) FROM teacher_profile t WHERE t.state = '1' AND t.unit_id = ? 
2019-08-31 15:34:14.568 DEBUG --- [BaseJdbcLogger.java:159][http-nio-8080-exec-6] - ==> Parameters: 1(Long)
2019-08-31 15:34:14.571 DEBUG --- [BaseJdbcLogger.java:159][http-nio-8080-exec-5] - <==      Total: 9
2019-08-31 15:34:14.611 DEBUG --- [BaseJdbcLogger.java:159][http-nio-8080-exec-6] - <==      Total: 1
2019-08-31 15:34:14.611 DEBUG --- [BaseJdbcLogger.java:159][http-nio-8080-exec-6] - ==>  Preparing: SELECT t.id tId, t.username tName, t.post tPost, t.avatar tAvatar FROM teacher_profile t WHERE t.state = '1' AND t.unit_id = ? ORDER BY t.seq, update_time DESC LIMIT ?,? 
2019-08-31 15:34:14.612 DEBUG --- [BaseJdbcLogger.java:159][http-nio-8080-exec-6] - ==> Parameters: 1(Long), 0(Integer), 15(Integer)
2019-08-31 15:34:14.613 DEBUG --- [BaseJdbcLogger.java:159][http-nio-8080-exec-6] - <==      Total: 7
2019-08-31 15:35:22.868 DEBUG --- [BaseJdbcLogger.java:159][http-nio-8080-exec-4] - ==>  Preparing: SELECT k.id userId, k.nickname nickname, k.username username, k.role_id roleId, k.unit_id unitId, k.role_name roleName, p.menu_code menuCode, p.permission_code permissionCode FROM(select a.*,substring_index(substring_index(a.permission_ids,',',b.help_topic_id+1),',',-1) pId from (SELECT t.*,sys_role.role_name,sys_role.permission_ids FROM(SELECT u.id, u.nickname, u.username, u.role_id, u.unit_id FROM unit_profile u WHERE u.username = ? AND u.state = '1')t LEFT JOIN sys_role ON t.role_id = sys_role.id) a join mysql.help_topic b on b.help_topic_id < (length(a.permission_ids) - length(replace(a.permission_ids,',',''))+1)) k LEFT JOIN sys_permission p ON k.pId = p.id 
2019-08-31 15:35:22.869 DEBUG --- [BaseJdbcLogger.java:159][http-nio-8080-exec-4] - ==> Parameters: scnu(String)
2019-08-31 15:35:22.905 DEBUG --- [BaseJdbcLogger.java:159][http-nio-8080-exec-4] - <==      Total: 11
2019-08-31 15:35:23.286 INFO  --- [UserRealm.java:50][http-nio-8080-exec-7] - permission的值为:{"menuList":["teacher","role","user"],"roleId":1,"nickname":"nick1","roleName":"高级管理员","unitId":1,"permissionList":["user:list","user:add","role:update","teacher:list","teacher:update","role:list","teacher:add","user:update","role:delete","role:add","teacher:delete"],"userId":1,"username":"scnu"}
2019-08-31 15:35:23.286 INFO  --- [UserRealm.java:51][http-nio-8080-exec-7] - 本用户权限为:[user:list, user:add, role:update, teacher:list, teacher:update, role:list, teacher:add, user:update, role:delete, role:add, teacher:delete]
2019-08-31 15:35:23.288 DEBUG --- [BaseJdbcLogger.java:159][http-nio-8080-exec-7] - ==>  Preparing: SELECT count(0) FROM teacher_profile t WHERE t.state = '1' AND t.unit_id = ? 
2019-08-31 15:35:23.288 DEBUG --- [BaseJdbcLogger.java:159][http-nio-8080-exec-7] - ==> Parameters: 1(Long)
2019-08-31 15:35:23.290 DEBUG --- [BaseJdbcLogger.java:159][http-nio-8080-exec-7] - <==      Total: 1
2019-08-31 15:35:23.291 DEBUG --- [BaseJdbcLogger.java:159][http-nio-8080-exec-7] - ==>  Preparing: select t.id id, t.username name, t.email email, t.avatar avatar, t.state state, t.views views, t.post post, t.scholat_username scholat_username, date_format(t.update_time, '%Y.%m.%d %T') update_time, date_format(t.create_time, '%Y.%m.%d %T') create_time FROM teacher_profile t WHERE t.unit_id = ? ORDER BY update_time desc LIMIT ?,? 
2019-08-31 15:35:23.292 DEBUG --- [BaseJdbcLogger.java:159][http-nio-8080-exec-7] - ==> Parameters: 1(Long), 0(Integer), 10(Integer)
2019-08-31 15:35:23.295 DEBUG --- [BaseJdbcLogger.java:159][http-nio-8080-exec-7] - <==      Total: 7
2019-08-31 15:35:25.347 DEBUG --- [BaseJdbcLogger.java:159][http-nio-8080-exec-8] - ==>  Preparing: SELECT u.school_name schoolName, u.unit_name unitName, u.school_eng schoolEng, u.unit_eng unitEng, u.college_url collegeUrl, u.logo_url logoUrl FROM school_unit u WHERE u.id = ? 
2019-08-31 15:35:25.348 DEBUG --- [BaseJdbcLogger.java:159][http-nio-8080-exec-8] - ==> Parameters: 1(String)
2019-08-31 15:35:25.349 DEBUG --- [BaseJdbcLogger.java:159][http-nio-8080-exec-1] - ==>  Preparing: SELECT a.id id, a.catalogue_name name, a.seq seq, a.state state, t.id subId, t.catalogue_name subName, t.seq subSeq FROM (SELECT c.* FROM catalogue c WHERE c.unit_id = ? AND (c.is_deleted is null OR c.is_deleted !=1 )AND c.parent_id is null) a LEFT JOIN catalogue t ON (a.id = t.parent_id AND (t.is_deleted is null OR t.is_deleted !=1 ))ORDER BY seq , a.update_time DESC 
2019-08-31 15:35:25.349 DEBUG --- [BaseJdbcLogger.java:159][http-nio-8080-exec-9] - ==>  Preparing: SELECT count(0) FROM teacher_profile t WHERE t.state = '1' AND t.unit_id = ? 
2019-08-31 15:35:25.350 DEBUG --- [BaseJdbcLogger.java:159][http-nio-8080-exec-1] - ==> Parameters: 1(String)
2019-08-31 15:35:25.350 DEBUG --- [BaseJdbcLogger.java:159][http-nio-8080-exec-9] - ==> Parameters: 1(Long)
2019-08-31 15:35:25.350 DEBUG --- [BaseJdbcLogger.java:159][http-nio-8080-exec-10] - ==>  Preparing: SELECT count(0) FROM teacher_profile t WHERE t.state = '1' AND t.unit_id = ? 
2019-08-31 15:35:25.350 DEBUG --- [BaseJdbcLogger.java:159][http-nio-8080-exec-10] - ==> Parameters: 1(Long)
2019-08-31 15:35:25.351 DEBUG --- [BaseJdbcLogger.java:159][http-nio-8080-exec-9] - <==      Total: 1
2019-08-31 15:35:25.351 DEBUG --- [BaseJdbcLogger.java:159][http-nio-8080-exec-10] - <==      Total: 1
2019-08-31 15:35:25.351 DEBUG --- [BaseJdbcLogger.java:159][http-nio-8080-exec-9] - ==>  Preparing: SELECT t.id tId, t.username tName, t.post tPost, t.avatar tAvatar FROM teacher_profile t WHERE t.state = '1' AND t.unit_id = ? ORDER BY t.seq, update_time DESC LIMIT ?,? 
2019-08-31 15:35:25.352 DEBUG --- [BaseJdbcLogger.java:159][http-nio-8080-exec-10] - ==>  Preparing: SELECT t.id tId, t.username tName, t.post tPost, t.avatar tAvatar FROM teacher_profile t WHERE t.state = '1' AND t.unit_id = ? ORDER BY t.seq, update_time DESC LIMIT ?,? 
2019-08-31 15:35:25.352 DEBUG --- [BaseJdbcLogger.java:159][http-nio-8080-exec-9] - ==> Parameters: 1(Long), 0(Integer), 15(Integer)
2019-08-31 15:35:25.352 DEBUG --- [BaseJdbcLogger.java:159][http-nio-8080-exec-10] - ==> Parameters: 1(Long), 0(Integer), 15(Integer)
2019-08-31 15:35:25.352 DEBUG --- [BaseJdbcLogger.java:159][http-nio-8080-exec-1] - <==      Total: 9
2019-08-31 15:35:25.359 DEBUG --- [BaseJdbcLogger.java:159][http-nio-8080-exec-10] - <==      Total: 7
2019-08-31 15:35:25.367 DEBUG --- [BaseJdbcLogger.java:159][http-nio-8080-exec-9] - <==      Total: 7
2019-08-31 15:35:25.392 DEBUG --- [BaseJdbcLogger.java:159][http-nio-8080-exec-8] - <==      Total: 1
2019-08-31 15:36:54.415 DEBUG --- [BaseJdbcLogger.java:159][http-nio-8080-exec-3] - ==>  Preparing: SELECT a.id id, a.catalogue_name name, a.seq seq, a.state state, t.id subId, t.catalogue_name subName, t.seq subSeq FROM (SELECT c.* FROM catalogue c WHERE c.unit_id = ? AND (c.is_deleted is null OR c.is_deleted !=1 )AND c.parent_id is null) a LEFT JOIN catalogue t ON (a.id = t.parent_id AND (t.is_deleted is null OR t.is_deleted !=1 ))ORDER BY seq , a.update_time DESC 
2019-08-31 15:36:54.415 DEBUG --- [BaseJdbcLogger.java:159][http-nio-8080-exec-2] - ==>  Preparing: select * from teacher_profile u where u.id=? 
2019-08-31 15:36:54.416 DEBUG --- [BaseJdbcLogger.java:159][http-nio-8080-exec-3] - ==> Parameters: 1(String)
2019-08-31 15:36:54.416 DEBUG --- [BaseJdbcLogger.java:159][http-nio-8080-exec-2] - ==> Parameters: 31(Long)
2019-08-31 15:36:54.417 DEBUG --- [BaseJdbcLogger.java:159][http-nio-8080-exec-5] - ==>  Preparing: SELECT count(0) FROM teacher_profile t WHERE t.state = '1' AND t.unit_id = ? 
2019-08-31 15:36:54.417 DEBUG --- [BaseJdbcLogger.java:159][http-nio-8080-exec-2] - <==      Total: 1
2019-08-31 15:36:54.418 DEBUG --- [BaseJdbcLogger.java:159][http-nio-8080-exec-5] - ==> Parameters: 1(Long)
2019-08-31 15:36:54.419 DEBUG --- [BaseJdbcLogger.java:159][http-nio-8080-exec-5] - <==      Total: 1
2019-08-31 15:36:54.420 DEBUG --- [BaseJdbcLogger.java:159][http-nio-8080-exec-5] - ==>  Preparing: SELECT t.id tId, t.username tName, t.post tPost, t.avatar tAvatar FROM teacher_profile t WHERE t.state = '1' AND t.unit_id = ? ORDER BY t.seq, update_time DESC LIMIT ?,? 
2019-08-31 15:36:54.421 DEBUG --- [BaseJdbcLogger.java:159][http-nio-8080-exec-5] - ==> Parameters: 1(Long), 0(Integer), 15(Integer)
2019-08-31 15:36:54.423 DEBUG --- [BaseJdbcLogger.java:159][http-nio-8080-exec-5] - <==      Total: 7
2019-08-31 15:36:54.462 DEBUG --- [BaseJdbcLogger.java:159][http-nio-8080-exec-3] - <==      Total: 9
2019-08-31 15:36:57.633 DEBUG --- [BaseJdbcLogger.java:159][http-nio-8080-exec-6] - ==>  Preparing: SELECT count(0) FROM teacher_profile t WHERE t.state = '1' AND t.unit_id = ? 
2019-08-31 15:36:57.634 DEBUG --- [BaseJdbcLogger.java:159][http-nio-8080-exec-6] - ==> Parameters: 0(Long)
2019-08-31 15:36:57.635 DEBUG --- [BaseJdbcLogger.java:159][http-nio-8080-exec-6] - <==      Total: 1
2019-08-31 15:36:57.636 DEBUG --- [BaseJdbcLogger.java:159][http-nio-8080-exec-6] - ==>  Preparing: SELECT t.id tId, t.username tName, t.post tPost, t.avatar tAvatar FROM teacher_profile t WHERE t.state = '1' AND t.unit_id = ? ORDER BY t.seq, update_time DESC LIMIT ?,? 
2019-08-31 15:36:57.637 DEBUG --- [BaseJdbcLogger.java:159][http-nio-8080-exec-6] - ==> Parameters: 0(Long), 0(Integer), 15(Integer)
2019-08-31 15:36:57.638 DEBUG --- [BaseJdbcLogger.java:159][http-nio-8080-exec-6] - <==      Total: 0
2019-08-31 15:36:58.700 DEBUG --- [BaseJdbcLogger.java:159][http-nio-8080-exec-4] - ==>  Preparing: SELECT COUNT(1) FROM catalogue_teacher c WHERE c.catalogue_id = ? and (c.is_deleted is null OR c.is_deleted !=1) 
2019-08-31 15:36:58.701 DEBUG --- [BaseJdbcLogger.java:159][http-nio-8080-exec-4] - ==> Parameters: 42(String)
2019-08-31 15:36:58.746 DEBUG --- [BaseJdbcLogger.java:159][http-nio-8080-exec-4] - <==      Total: 1
2019-08-31 15:36:58.747 DEBUG --- [BaseJdbcLogger.java:159][http-nio-8080-exec-4] - ==>  Preparing: SELECT ct.id ctId, ct.seq tSeq, t.id tId, t.username tName, t.avatar tAvatar, t.post tPost FROM catalogue_teacher ct LEFT JOIN teacher_profile t ON t.id = ct.teacher_id WHERE ct.catalogue_id = ? AND t.state = 1 AND (ct.is_deleted is null OR ct.is_deleted !=1) ORDER BY tSeq , ct.update_time DESC LIMIT ?,? 
2019-08-31 15:36:58.748 DEBUG --- [BaseJdbcLogger.java:159][http-nio-8080-exec-4] - ==> Parameters: 42(String), 0(Integer), 15(Integer)
2019-08-31 15:36:58.790 DEBUG --- [BaseJdbcLogger.java:159][http-nio-8080-exec-4] - <==      Total: 2
2019-08-31 15:36:58.844 DEBUG --- [BaseJdbcLogger.java:159][http-nio-8080-exec-7] - ==>  Preparing: SELECT COUNT(1) FROM catalogue_teacher c WHERE c.catalogue_id = ? and (c.is_deleted is null OR c.is_deleted !=1) 
2019-08-31 15:36:58.844 DEBUG --- [BaseJdbcLogger.java:159][http-nio-8080-exec-7] - ==> Parameters: 42(String)
2019-08-31 15:36:58.845 DEBUG --- [BaseJdbcLogger.java:159][http-nio-8080-exec-7] - <==      Total: 1
2019-08-31 15:36:58.845 DEBUG --- [BaseJdbcLogger.java:159][http-nio-8080-exec-7] - ==>  Preparing: SELECT ct.id ctId, ct.seq tSeq, t.id tId, t.username tName, t.avatar tAvatar, t.post tPost FROM catalogue_teacher ct LEFT JOIN teacher_profile t ON t.id = ct.teacher_id WHERE ct.catalogue_id = ? AND t.state = 1 AND (ct.is_deleted is null OR ct.is_deleted !=1) ORDER BY tSeq , ct.update_time DESC LIMIT ?,? 
2019-08-31 15:36:58.846 DEBUG --- [BaseJdbcLogger.java:159][http-nio-8080-exec-7] - ==> Parameters: 42(String), 0(Integer), 15(Integer)
2019-08-31 15:36:58.888 DEBUG --- [BaseJdbcLogger.java:159][http-nio-8080-exec-7] - <==      Total: 2
2019-08-31 15:36:59.331 DEBUG --- [BaseJdbcLogger.java:159][http-nio-8080-exec-10] - ==>  Preparing: SELECT COUNT(1) FROM catalogue_teacher c WHERE c.catalogue_id = ? and (c.is_deleted is null OR c.is_deleted !=1) 
2019-08-31 15:36:59.332 DEBUG --- [BaseJdbcLogger.java:159][http-nio-8080-exec-9] - ==>  Preparing: SELECT COUNT(1) FROM catalogue_teacher c WHERE c.catalogue_id = ? and (c.is_deleted is null OR c.is_deleted !=1) 
2019-08-31 15:36:59.332 DEBUG --- [BaseJdbcLogger.java:159][http-nio-8080-exec-10] - ==> Parameters: 42(String)
2019-08-31 15:36:59.332 DEBUG --- [BaseJdbcLogger.java:159][http-nio-8080-exec-9] - ==> Parameters: 42(String)
2019-08-31 15:36:59.334 DEBUG --- [BaseJdbcLogger.java:159][http-nio-8080-exec-1] - ==>  Preparing: SELECT COUNT(1) FROM catalogue_teacher c WHERE c.catalogue_id = ? and (c.is_deleted is null OR c.is_deleted !=1) 
2019-08-31 15:36:59.335 DEBUG --- [BaseJdbcLogger.java:159][http-nio-8080-exec-1] - ==> Parameters: 42(String)
2019-08-31 15:36:59.335 DEBUG --- [BaseJdbcLogger.java:159][http-nio-8080-exec-10] - <==      Total: 1
2019-08-31 15:36:59.336 DEBUG --- [BaseJdbcLogger.java:159][http-nio-8080-exec-10] - ==>  Preparing: SELECT ct.id ctId, ct.seq tSeq, t.id tId, t.username tName, t.avatar tAvatar, t.post tPost FROM catalogue_teacher ct LEFT JOIN teacher_profile t ON t.id = ct.teacher_id WHERE ct.catalogue_id = ? AND t.state = 1 AND (ct.is_deleted is null OR ct.is_deleted !=1) ORDER BY tSeq , ct.update_time DESC LIMIT ?,? 
2019-08-31 15:36:59.336 DEBUG --- [BaseJdbcLogger.java:159][http-nio-8080-exec-9] - <==      Total: 1
2019-08-31 15:36:59.337 DEBUG --- [BaseJdbcLogger.java:159][http-nio-8080-exec-10] - ==> Parameters: 42(String), 0(Integer), 15(Integer)
2019-08-31 15:36:59.337 DEBUG --- [BaseJdbcLogger.java:159][http-nio-8080-exec-9] - ==>  Preparing: SELECT ct.id ctId, ct.seq tSeq, t.id tId, t.username tName, t.avatar tAvatar, t.post tPost FROM catalogue_teacher ct LEFT JOIN teacher_profile t ON t.id = ct.teacher_id WHERE ct.catalogue_id = ? AND t.state = 1 AND (ct.is_deleted is null OR ct.is_deleted !=1) ORDER BY tSeq , ct.update_time DESC LIMIT ?,? 
2019-08-31 15:36:59.337 DEBUG --- [BaseJdbcLogger.java:159][http-nio-8080-exec-9] - ==> Parameters: 42(String), 0(Integer), 15(Integer)
2019-08-31 15:36:59.337 DEBUG --- [BaseJdbcLogger.java:159][http-nio-8080-exec-1] - <==      Total: 1
2019-08-31 15:36:59.338 DEBUG --- [BaseJdbcLogger.java:159][http-nio-8080-exec-1] - ==>  Preparing: SELECT ct.id ctId, ct.seq tSeq, t.id tId, t.username tName, t.avatar tAvatar, t.post tPost FROM catalogue_teacher ct LEFT JOIN teacher_profile t ON t.id = ct.teacher_id WHERE ct.catalogue_id = ? AND t.state = 1 AND (ct.is_deleted is null OR ct.is_deleted !=1) ORDER BY tSeq , ct.update_time DESC LIMIT ?,? 
2019-08-31 15:36:59.339 DEBUG --- [BaseJdbcLogger.java:159][http-nio-8080-exec-1] - ==> Parameters: 42(String), 0(Integer), 15(Integer)
2019-08-31 15:36:59.339 DEBUG --- [BaseJdbcLogger.java:159][http-nio-8080-exec-9] - <==      Total: 2
2019-08-31 15:36:59.340 DEBUG --- [BaseJdbcLogger.java:159][http-nio-8080-exec-1] - <==      Total: 2
2019-08-31 15:36:59.378 DEBUG --- [BaseJdbcLogger.java:159][http-nio-8080-exec-10] - <==      Total: 2
2019-08-31 15:36:59.420 DEBUG --- [BaseJdbcLogger.java:159][http-nio-8080-exec-8] - ==>  Preparing: SELECT COUNT(1) FROM catalogue_teacher c WHERE c.catalogue_id = ? and (c.is_deleted is null OR c.is_deleted !=1) 
2019-08-31 15:36:59.420 DEBUG --- [BaseJdbcLogger.java:159][http-nio-8080-exec-8] - ==> Parameters: 42(String)
2019-08-31 15:36:59.421 DEBUG --- [BaseJdbcLogger.java:159][http-nio-8080-exec-8] - <==      Total: 1
2019-08-31 15:36:59.422 DEBUG --- [BaseJdbcLogger.java:159][http-nio-8080-exec-8] - ==>  Preparing: SELECT ct.id ctId, ct.seq tSeq, t.id tId, t.username tName, t.avatar tAvatar, t.post tPost FROM catalogue_teacher ct LEFT JOIN teacher_profile t ON t.id = ct.teacher_id WHERE ct.catalogue_id = ? AND t.state = 1 AND (ct.is_deleted is null OR ct.is_deleted !=1) ORDER BY tSeq , ct.update_time DESC LIMIT ?,? 
2019-08-31 15:36:59.422 DEBUG --- [BaseJdbcLogger.java:159][http-nio-8080-exec-8] - ==> Parameters: 42(String), 0(Integer), 15(Integer)
2019-08-31 15:36:59.424 DEBUG --- [BaseJdbcLogger.java:159][http-nio-8080-exec-8] - <==      Total: 2
2019-08-31 15:36:59.586 DEBUG --- [BaseJdbcLogger.java:159][http-nio-8080-exec-2] - ==>  Preparing: SELECT COUNT(1) FROM catalogue_teacher c WHERE c.catalogue_id = ? and (c.is_deleted is null OR c.is_deleted !=1) 
2019-08-31 15:36:59.587 DEBUG --- [BaseJdbcLogger.java:159][http-nio-8080-exec-2] - ==> Parameters: 42(String)
2019-08-31 15:36:59.588 DEBUG --- [BaseJdbcLogger.java:159][http-nio-8080-exec-2] - <==      Total: 1
2019-08-31 15:36:59.595 DEBUG --- [BaseJdbcLogger.java:159][http-nio-8080-exec-2] - ==>  Preparing: SELECT ct.id ctId, ct.seq tSeq, t.id tId, t.username tName, t.avatar tAvatar, t.post tPost FROM catalogue_teacher ct LEFT JOIN teacher_profile t ON t.id = ct.teacher_id WHERE ct.catalogue_id = ? AND t.state = 1 AND (ct.is_deleted is null OR ct.is_deleted !=1) ORDER BY tSeq , ct.update_time DESC LIMIT ?,? 
2019-08-31 15:36:59.595 DEBUG --- [BaseJdbcLogger.java:159][http-nio-8080-exec-2] - ==> Parameters: 42(String), 0(Integer), 15(Integer)
2019-08-31 15:36:59.597 DEBUG --- [BaseJdbcLogger.java:159][http-nio-8080-exec-2] - <==      Total: 2
2019-08-31 15:36:59.737 DEBUG --- [BaseJdbcLogger.java:159][http-nio-8080-exec-5] - ==>  Preparing: SELECT COUNT(1) FROM catalogue_teacher c WHERE c.catalogue_id = ? and (c.is_deleted is null OR c.is_deleted !=1) 
2019-08-31 15:36:59.737 DEBUG --- [BaseJdbcLogger.java:159][http-nio-8080-exec-5] - ==> Parameters: 42(String)
2019-08-31 15:36:59.739 DEBUG --- [BaseJdbcLogger.java:159][http-nio-8080-exec-5] - <==      Total: 1
2019-08-31 15:36:59.740 DEBUG --- [BaseJdbcLogger.java:159][http-nio-8080-exec-5] - ==>  Preparing: SELECT ct.id ctId, ct.seq tSeq, t.id tId, t.username tName, t.avatar tAvatar, t.post tPost FROM catalogue_teacher ct LEFT JOIN teacher_profile t ON t.id = ct.teacher_id WHERE ct.catalogue_id = ? AND t.state = 1 AND (ct.is_deleted is null OR ct.is_deleted !=1) ORDER BY tSeq , ct.update_time DESC LIMIT ?,? 
2019-08-31 15:36:59.740 DEBUG --- [BaseJdbcLogger.java:159][http-nio-8080-exec-5] - ==> Parameters: 42(String), 0(Integer), 15(Integer)
2019-08-31 15:36:59.742 DEBUG --- [BaseJdbcLogger.java:159][http-nio-8080-exec-5] - <==      Total: 2
2019-08-31 15:36:59.914 DEBUG --- [BaseJdbcLogger.java:159][http-nio-8080-exec-3] - ==>  Preparing: SELECT COUNT(1) FROM catalogue_teacher c WHERE c.catalogue_id = ? and (c.is_deleted is null OR c.is_deleted !=1) 
2019-08-31 15:36:59.915 DEBUG --- [BaseJdbcLogger.java:159][http-nio-8080-exec-3] - ==> Parameters: 42(String)
2019-08-31 15:36:59.916 DEBUG --- [BaseJdbcLogger.java:159][http-nio-8080-exec-3] - <==      Total: 1
2019-08-31 15:36:59.917 DEBUG --- [BaseJdbcLogger.java:159][http-nio-8080-exec-3] - ==>  Preparing: SELECT ct.id ctId, ct.seq tSeq, t.id tId, t.username tName, t.avatar tAvatar, t.post tPost FROM catalogue_teacher ct LEFT JOIN teacher_profile t ON t.id = ct.teacher_id WHERE ct.catalogue_id = ? AND t.state = 1 AND (ct.is_deleted is null OR ct.is_deleted !=1) ORDER BY tSeq , ct.update_time DESC LIMIT ?,? 
2019-08-31 15:36:59.917 DEBUG --- [BaseJdbcLogger.java:159][http-nio-8080-exec-3] - ==> Parameters: 42(String), 0(Integer), 15(Integer)
2019-08-31 15:36:59.959 DEBUG --- [BaseJdbcLogger.java:159][http-nio-8080-exec-3] - <==      Total: 2
2019-08-31 15:37:00.277 DEBUG --- [BaseJdbcLogger.java:159][http-nio-8080-exec-6] - ==>  Preparing: SELECT COUNT(1) FROM catalogue_teacher c WHERE c.catalogue_id = ? and (c.is_deleted is null OR c.is_deleted !=1) 
2019-08-31 15:37:00.278 DEBUG --- [BaseJdbcLogger.java:159][http-nio-8080-exec-6] - ==> Parameters: 42(String)
2019-08-31 15:37:00.279 DEBUG --- [BaseJdbcLogger.java:159][http-nio-8080-exec-6] - <==      Total: 1
2019-08-31 15:37:00.288 DEBUG --- [BaseJdbcLogger.java:159][http-nio-8080-exec-6] - ==>  Preparing: SELECT ct.id ctId, ct.seq tSeq, t.id tId, t.username tName, t.avatar tAvatar, t.post tPost FROM catalogue_teacher ct LEFT JOIN teacher_profile t ON t.id = ct.teacher_id WHERE ct.catalogue_id = ? AND t.state = 1 AND (ct.is_deleted is null OR ct.is_deleted !=1) ORDER BY tSeq , ct.update_time DESC LIMIT ?,? 
2019-08-31 15:37:00.288 DEBUG --- [BaseJdbcLogger.java:159][http-nio-8080-exec-6] - ==> Parameters: 42(String), 0(Integer), 15(Integer)
2019-08-31 15:37:00.289 DEBUG --- [BaseJdbcLogger.java:159][http-nio-8080-exec-6] - <==      Total: 2
2019-08-31 15:37:00.462 DEBUG --- [BaseJdbcLogger.java:159][http-nio-8080-exec-4] - ==>  Preparing: SELECT COUNT(1) FROM catalogue_teacher c WHERE c.catalogue_id = ? and (c.is_deleted is null OR c.is_deleted !=1) 
2019-08-31 15:37:00.463 DEBUG --- [BaseJdbcLogger.java:159][http-nio-8080-exec-4] - ==> Parameters: 42(String)
2019-08-31 15:37:00.464 DEBUG --- [BaseJdbcLogger.java:159][http-nio-8080-exec-4] - <==      Total: 1
2019-08-31 15:37:00.464 DEBUG --- [BaseJdbcLogger.java:159][http-nio-8080-exec-4] - ==>  Preparing: SELECT ct.id ctId, ct.seq tSeq, t.id tId, t.username tName, t.avatar tAvatar, t.post tPost FROM catalogue_teacher ct LEFT JOIN teacher_profile t ON t.id = ct.teacher_id WHERE ct.catalogue_id = ? AND t.state = 1 AND (ct.is_deleted is null OR ct.is_deleted !=1) ORDER BY tSeq , ct.update_time DESC LIMIT ?,? 
2019-08-31 15:37:00.465 DEBUG --- [BaseJdbcLogger.java:159][http-nio-8080-exec-4] - ==> Parameters: 42(String), 0(Integer), 15(Integer)
2019-08-31 15:37:00.466 DEBUG --- [BaseJdbcLogger.java:159][http-nio-8080-exec-4] - <==      Total: 2
2019-08-31 15:37:00.790 DEBUG --- [BaseJdbcLogger.java:159][http-nio-8080-exec-7] - ==>  Preparing: SELECT COUNT(1) FROM catalogue_teacher c WHERE c.catalogue_id = ? and (c.is_deleted is null OR c.is_deleted !=1) 
2019-08-31 15:37:00.791 DEBUG --- [BaseJdbcLogger.java:159][http-nio-8080-exec-7] - ==> Parameters: 42(String)
2019-08-31 15:37:00.832 DEBUG --- [BaseJdbcLogger.java:159][http-nio-8080-exec-7] - <==      Total: 1
2019-08-31 15:37:00.833 DEBUG --- [BaseJdbcLogger.java:159][http-nio-8080-exec-7] - ==>  Preparing: SELECT ct.id ctId, ct.seq tSeq, t.id tId, t.username tName, t.avatar tAvatar, t.post tPost FROM catalogue_teacher ct LEFT JOIN teacher_profile t ON t.id = ct.teacher_id WHERE ct.catalogue_id = ? AND t.state = 1 AND (ct.is_deleted is null OR ct.is_deleted !=1) ORDER BY tSeq , ct.update_time DESC LIMIT ?,? 
2019-08-31 15:37:00.833 DEBUG --- [BaseJdbcLogger.java:159][http-nio-8080-exec-7] - ==> Parameters: 42(String), 0(Integer), 15(Integer)
2019-08-31 15:37:00.835 DEBUG --- [BaseJdbcLogger.java:159][http-nio-8080-exec-7] - <==      Total: 2
2019-08-31 15:37:00.877 DEBUG --- [BaseJdbcLogger.java:159][http-nio-8080-exec-9] - ==>  Preparing: SELECT COUNT(1) FROM catalogue_teacher c WHERE c.catalogue_id = ? and (c.is_deleted is null OR c.is_deleted !=1) 
2019-08-31 15:37:00.877 DEBUG --- [BaseJdbcLogger.java:159][http-nio-8080-exec-9] - ==> Parameters: 42(String)
2019-08-31 15:37:00.878 DEBUG --- [BaseJdbcLogger.java:159][http-nio-8080-exec-9] - <==      Total: 1
2019-08-31 15:37:00.879 DEBUG --- [BaseJdbcLogger.java:159][http-nio-8080-exec-9] - ==>  Preparing: SELECT ct.id ctId, ct.seq tSeq, t.id tId, t.username tName, t.avatar tAvatar, t.post tPost FROM catalogue_teacher ct LEFT JOIN teacher_profile t ON t.id = ct.teacher_id WHERE ct.catalogue_id = ? AND t.state = 1 AND (ct.is_deleted is null OR ct.is_deleted !=1) ORDER BY tSeq , ct.update_time DESC LIMIT ?,? 
2019-08-31 15:37:00.880 DEBUG --- [BaseJdbcLogger.java:159][http-nio-8080-exec-9] - ==> Parameters: 42(String), 0(Integer), 15(Integer)
2019-08-31 15:37:00.881 DEBUG --- [BaseJdbcLogger.java:159][http-nio-8080-exec-9] - <==      Total: 2
2019-08-31 15:37:03.817 DEBUG --- [BaseJdbcLogger.java:159][http-nio-8080-exec-1] - ==>  Preparing: SELECT COUNT(1) FROM catalogue_teacher c WHERE c.catalogue_id = ? and (c.is_deleted is null OR c.is_deleted !=1) 
2019-08-31 15:37:03.818 DEBUG --- [BaseJdbcLogger.java:159][http-nio-8080-exec-1] - ==> Parameters: 40(String)
2019-08-31 15:37:03.818 DEBUG --- [BaseJdbcLogger.java:159][http-nio-8080-exec-1] - <==      Total: 1
2019-08-31 15:37:03.819 DEBUG --- [BaseJdbcLogger.java:159][http-nio-8080-exec-1] - ==>  Preparing: SELECT ct.id ctId, ct.seq tSeq, t.id tId, t.username tName, t.avatar tAvatar, t.post tPost FROM catalogue_teacher ct LEFT JOIN teacher_profile t ON t.id = ct.teacher_id WHERE ct.catalogue_id = ? AND t.state = 1 AND (ct.is_deleted is null OR ct.is_deleted !=1) ORDER BY tSeq , ct.update_time DESC LIMIT ?,? 
2019-08-31 15:37:03.819 DEBUG --- [BaseJdbcLogger.java:159][http-nio-8080-exec-1] - ==> Parameters: 40(String), 0(Integer), 15(Integer)
2019-08-31 15:37:03.861 DEBUG --- [BaseJdbcLogger.java:159][http-nio-8080-exec-1] - <==      Total: 0
2019-08-31 15:37:03.961 DEBUG --- [BaseJdbcLogger.java:159][http-nio-8080-exec-10] - ==>  Preparing: SELECT COUNT(1) FROM catalogue_teacher c WHERE c.catalogue_id = ? and (c.is_deleted is null OR c.is_deleted !=1) 
2019-08-31 15:37:03.962 DEBUG --- [BaseJdbcLogger.java:159][http-nio-8080-exec-10] - ==> Parameters: 40(String)
2019-08-31 15:37:03.963 DEBUG --- [BaseJdbcLogger.java:159][http-nio-8080-exec-10] - <==      Total: 1
2019-08-31 15:37:03.963 DEBUG --- [BaseJdbcLogger.java:159][http-nio-8080-exec-10] - ==>  Preparing: SELECT ct.id ctId, ct.seq tSeq, t.id tId, t.username tName, t.avatar tAvatar, t.post tPost FROM catalogue_teacher ct LEFT JOIN teacher_profile t ON t.id = ct.teacher_id WHERE ct.catalogue_id = ? AND t.state = 1 AND (ct.is_deleted is null OR ct.is_deleted !=1) ORDER BY tSeq , ct.update_time DESC LIMIT ?,? 
2019-08-31 15:37:03.964 DEBUG --- [BaseJdbcLogger.java:159][http-nio-8080-exec-10] - ==> Parameters: 40(String), 0(Integer), 15(Integer)
2019-08-31 15:37:03.965 DEBUG --- [BaseJdbcLogger.java:159][http-nio-8080-exec-10] - <==      Total: 0
2019-08-31 15:37:04.114 DEBUG --- [BaseJdbcLogger.java:159][http-nio-8080-exec-8] - ==>  Preparing: SELECT COUNT(1) FROM catalogue_teacher c WHERE c.catalogue_id = ? and (c.is_deleted is null OR c.is_deleted !=1) 
2019-08-31 15:37:04.115 DEBUG --- [BaseJdbcLogger.java:159][http-nio-8080-exec-8] - ==> Parameters: 40(String)
2019-08-31 15:37:04.116 DEBUG --- [BaseJdbcLogger.java:159][http-nio-8080-exec-8] - <==      Total: 1
2019-08-31 15:37:04.116 DEBUG --- [BaseJdbcLogger.java:159][http-nio-8080-exec-8] - ==>  Preparing: SELECT ct.id ctId, ct.seq tSeq, t.id tId, t.username tName, t.avatar tAvatar, t.post tPost FROM catalogue_teacher ct LEFT JOIN teacher_profile t ON t.id = ct.teacher_id WHERE ct.catalogue_id = ? AND t.state = 1 AND (ct.is_deleted is null OR ct.is_deleted !=1) ORDER BY tSeq , ct.update_time DESC LIMIT ?,? 
2019-08-31 15:37:04.117 DEBUG --- [BaseJdbcLogger.java:159][http-nio-8080-exec-8] - ==> Parameters: 40(String), 0(Integer), 15(Integer)
2019-08-31 15:37:04.118 DEBUG --- [BaseJdbcLogger.java:159][http-nio-8080-exec-8] - <==      Total: 0
2019-08-31 15:37:04.266 DEBUG --- [BaseJdbcLogger.java:159][http-nio-8080-exec-2] - ==>  Preparing: SELECT COUNT(1) FROM catalogue_teacher c WHERE c.catalogue_id = ? and (c.is_deleted is null OR c.is_deleted !=1) 
2019-08-31 15:37:04.266 DEBUG --- [BaseJdbcLogger.java:159][http-nio-8080-exec-2] - ==> Parameters: 40(String)
2019-08-31 15:37:04.268 DEBUG --- [BaseJdbcLogger.java:159][http-nio-8080-exec-2] - <==      Total: 1
2019-08-31 15:37:04.268 DEBUG --- [BaseJdbcLogger.java:159][http-nio-8080-exec-2] - ==>  Preparing: SELECT ct.id ctId, ct.seq tSeq, t.id tId, t.username tName, t.avatar tAvatar, t.post tPost FROM catalogue_teacher ct LEFT JOIN teacher_profile t ON t.id = ct.teacher_id WHERE ct.catalogue_id = ? AND t.state = 1 AND (ct.is_deleted is null OR ct.is_deleted !=1) ORDER BY tSeq , ct.update_time DESC LIMIT ?,? 
2019-08-31 15:37:04.269 DEBUG --- [BaseJdbcLogger.java:159][http-nio-8080-exec-2] - ==> Parameters: 40(String), 0(Integer), 15(Integer)
2019-08-31 15:37:04.270 DEBUG --- [BaseJdbcLogger.java:159][http-nio-8080-exec-2] - <==      Total: 0
2019-08-31 15:37:04.424 DEBUG --- [BaseJdbcLogger.java:159][http-nio-8080-exec-5] - ==>  Preparing: SELECT COUNT(1) FROM catalogue_teacher c WHERE c.catalogue_id = ? and (c.is_deleted is null OR c.is_deleted !=1) 
2019-08-31 15:37:04.424 DEBUG --- [BaseJdbcLogger.java:159][http-nio-8080-exec-5] - ==> Parameters: 40(String)
2019-08-31 15:37:04.426 DEBUG --- [BaseJdbcLogger.java:159][http-nio-8080-exec-5] - <==      Total: 1
2019-08-31 15:37:04.427 DEBUG --- [BaseJdbcLogger.java:159][http-nio-8080-exec-5] - ==>  Preparing: SELECT ct.id ctId, ct.seq tSeq, t.id tId, t.username tName, t.avatar tAvatar, t.post tPost FROM catalogue_teacher ct LEFT JOIN teacher_profile t ON t.id = ct.teacher_id WHERE ct.catalogue_id = ? AND t.state = 1 AND (ct.is_deleted is null OR ct.is_deleted !=1) ORDER BY tSeq , ct.update_time DESC LIMIT ?,? 
2019-08-31 15:37:04.428 DEBUG --- [BaseJdbcLogger.java:159][http-nio-8080-exec-5] - ==> Parameters: 40(String), 0(Integer), 15(Integer)
2019-08-31 15:37:04.430 DEBUG --- [BaseJdbcLogger.java:159][http-nio-8080-exec-5] - <==      Total: 0
2019-08-31 15:37:04.572 DEBUG --- [BaseJdbcLogger.java:159][http-nio-8080-exec-3] - ==>  Preparing: SELECT COUNT(1) FROM catalogue_teacher c WHERE c.catalogue_id = ? and (c.is_deleted is null OR c.is_deleted !=1) 
2019-08-31 15:37:04.573 DEBUG --- [BaseJdbcLogger.java:159][http-nio-8080-exec-3] - ==> Parameters: 40(String)
2019-08-31 15:37:04.574 DEBUG --- [BaseJdbcLogger.java:159][http-nio-8080-exec-3] - <==      Total: 1
2019-08-31 15:37:04.575 DEBUG --- [BaseJdbcLogger.java:159][http-nio-8080-exec-3] - ==>  Preparing: SELECT ct.id ctId, ct.seq tSeq, t.id tId, t.username tName, t.avatar tAvatar, t.post tPost FROM catalogue_teacher ct LEFT JOIN teacher_profile t ON t.id = ct.teacher_id WHERE ct.catalogue_id = ? AND t.state = 1 AND (ct.is_deleted is null OR ct.is_deleted !=1) ORDER BY tSeq , ct.update_time DESC LIMIT ?,? 
2019-08-31 15:37:04.576 DEBUG --- [BaseJdbcLogger.java:159][http-nio-8080-exec-3] - ==> Parameters: 40(String), 0(Integer), 15(Integer)
2019-08-31 15:37:04.577 DEBUG --- [BaseJdbcLogger.java:159][http-nio-8080-exec-3] - <==      Total: 0
2019-08-31 15:37:38.108 DEBUG --- [BaseJdbcLogger.java:159][http-nio-8080-exec-6] - ==>  Preparing: SELECT k.id userId, k.nickname nickname, k.username username, k.role_id roleId, k.unit_id unitId, k.role_name roleName, p.menu_code menuCode, p.permission_code permissionCode FROM(select a.*,substring_index(substring_index(a.permission_ids,',',b.help_topic_id+1),',',-1) pId from (SELECT t.*,sys_role.role_name,sys_role.permission_ids FROM(SELECT u.id, u.nickname, u.username, u.role_id, u.unit_id FROM unit_profile u WHERE u.username = ? AND u.state = '1')t LEFT JOIN sys_role ON t.role_id = sys_role.id) a join mysql.help_topic b on b.help_topic_id < (length(a.permission_ids) - length(replace(a.permission_ids,',',''))+1)) k LEFT JOIN sys_permission p ON k.pId = p.id 
2019-08-31 15:37:38.109 DEBUG --- [BaseJdbcLogger.java:159][http-nio-8080-exec-6] - ==> Parameters: scnu(String)
2019-08-31 15:37:38.154 DEBUG --- [BaseJdbcLogger.java:159][http-nio-8080-exec-6] - <==      Total: 11
2019-08-31 15:37:38.440 DEBUG --- [BaseJdbcLogger.java:159][http-nio-8080-exec-4] - ==>  Preparing: SELECT u.school_name schoolName, u.unit_name unitName, u.school_eng schoolEng, u.unit_eng unitEng, u.college_url collegeUrl, u.logo_url logoUrl FROM school_unit u WHERE u.id = ? 
2019-08-31 15:37:38.441 DEBUG --- [BaseJdbcLogger.java:159][http-nio-8080-exec-4] - ==> Parameters: null
2019-08-31 15:37:38.447 DEBUG --- [BaseJdbcLogger.java:159][http-nio-8080-exec-7] - ==>  Preparing: select * from teacher_profile u where u.id=? 
2019-08-31 15:37:38.447 DEBUG --- [BaseJdbcLogger.java:159][http-nio-8080-exec-7] - ==> Parameters: 57(Long)
2019-08-31 15:37:38.451 DEBUG --- [BaseJdbcLogger.java:159][http-nio-8080-exec-9] - ==>  Preparing: SELECT a.id id, a.catalogue_name name, a.seq seq, a.state state, t.id subId, t.catalogue_name subName, t.seq subSeq FROM (SELECT c.* FROM catalogue c WHERE c.unit_id = ? AND (c.is_deleted is null OR c.is_deleted !=1 )AND c.parent_id is null) a LEFT JOIN catalogue t ON (a.id = t.parent_id AND (t.is_deleted is null OR t.is_deleted !=1 ))ORDER BY seq , a.update_time DESC 
2019-08-31 15:37:38.451 DEBUG --- [BaseJdbcLogger.java:159][http-nio-8080-exec-9] - ==> Parameters: 1(String)
2019-08-31 15:37:38.454 DEBUG --- [BaseJdbcLogger.java:159][http-nio-8080-exec-1] - ==>  Preparing: SELECT count(0) FROM teacher_profile t WHERE t.state = '1' AND t.unit_id = ? 
2019-08-31 15:37:38.454 DEBUG --- [BaseJdbcLogger.java:159][http-nio-8080-exec-1] - ==> Parameters: 1(Long)
2019-08-31 15:37:38.454 DEBUG --- [BaseJdbcLogger.java:159][http-nio-8080-exec-9] - <==      Total: 9
2019-08-31 15:37:38.455 DEBUG --- [BaseJdbcLogger.java:159][http-nio-8080-exec-1] - <==      Total: 1
2019-08-31 15:37:38.456 DEBUG --- [BaseJdbcLogger.java:159][http-nio-8080-exec-1] - ==>  Preparing: SELECT t.id tId, t.username tName, t.post tPost, t.avatar tAvatar FROM teacher_profile t WHERE t.state = '1' AND t.unit_id = ? ORDER BY t.seq, update_time DESC LIMIT ?,? 
2019-08-31 15:37:38.457 DEBUG --- [BaseJdbcLogger.java:159][http-nio-8080-exec-1] - ==> Parameters: 1(Long), 0(Integer), 15(Integer)
2019-08-31 15:37:38.485 DEBUG --- [BaseJdbcLogger.java:159][http-nio-8080-exec-4] - <==      Total: 0
2019-08-31 15:37:38.527 DEBUG --- [BaseJdbcLogger.java:159][http-nio-8080-exec-7] - <==      Total: 1
2019-08-31 15:37:38.528 DEBUG --- [BaseJdbcLogger.java:159][http-nio-8080-exec-1] - <==      Total: 7
2019-08-31 15:42:54.600 INFO  --- [HikariDataSource.java:350][Thread-19] - HikariPool-1 - Shutdown initiated...
2019-08-31 15:42:54.611 INFO  --- [HikariDataSource.java:352][Thread-19] - HikariPool-1 - Shutdown completed.
